[2026-06-06T15:50:20.558+0000] {local_task_job_runner.py:120} INFO - ::group::Pre task execution logs
[2026-06-06T15:50:20.579+0000] {taskinstance.py:2076} INFO - Dependencies all met for dep_context=non-requeueable deps ti=<TaskInstance: coingecko_etl.load_to_postgres manual__2026-06-06T15:50:01.418365+00:00 [queued]>
[2026-06-06T15:50:20.591+0000] {taskinstance.py:2076} INFO - Dependencies all met for dep_context=requeueable deps ti=<TaskInstance: coingecko_etl.load_to_postgres manual__2026-06-06T15:50:01.418365+00:00 [queued]>
[2026-06-06T15:50:20.593+0000] {taskinstance.py:2306} INFO - Starting attempt 1 of 3
[2026-06-06T15:50:20.612+0000] {taskinstance.py:2330} INFO - Executing <Task(PythonOperator): load_to_postgres> on 2026-06-06 15:50:01.418365+00:00
[2026-06-06T15:50:20.623+0000] {standard_task_runner.py:90} INFO - Running: ['***', 'tasks', 'run', 'coingecko_etl', 'load_to_postgres', 'manual__2026-06-06T15:50:01.418365+00:00', '--job-id', '33', '--raw', '--subdir', 'DAGS_FOLDER/coingecko_top.py', '--cfg-path', '/tmp/tmp_9ou6otj']
[2026-06-06T15:50:20.627+0000] {standard_task_runner.py:91} INFO - Job 33: Subtask load_to_postgres
[2026-06-06T15:50:20.625+0000] {logging_mixin.py:188} WARNING - /home/***/.local/lib/python3.12/site-packages/***/task/task_runner/standard_task_runner.py:61 DeprecationWarning: This process (pid=1073) is multi-threaded, use of fork() may lead to deadlocks in the child.
[2026-06-06T15:50:20.628+0000] {standard_task_runner.py:63} INFO - Started process 1075 to run task
[2026-06-06T15:50:20.695+0000] {task_command.py:426} INFO - Running <TaskInstance: coingecko_etl.load_to_postgres manual__2026-06-06T15:50:01.418365+00:00 [running]> on host 4ebce9364341
[2026-06-06T15:50:20.805+0000] {taskinstance.py:2648} INFO - Exporting env vars: AIRFLOW_CTX_DAG_OWNER='data-engineering' AIRFLOW_CTX_DAG_ID='coingecko_etl' AIRFLOW_CTX_TASK_ID='load_to_postgres' AIRFLOW_CTX_EXECUTION_DATE='2026-06-06T15:50:01.418365+00:00' AIRFLOW_CTX_TRY_NUMBER='1' AIRFLOW_CTX_DAG_RUN_ID='manual__2026-06-06T15:50:01.418365+00:00'
[2026-06-06T15:50:20.808+0000] {taskinstance.py:430} INFO - ::endgroup::
[2026-06-06T15:50:20.840+0000] {base.py:84} INFO - Using connection ID 'minio_conn' for task execution.
[2026-06-06T15:50:20.842+0000] {connection_wrapper.py:384} INFO - AWS Connection (conn_id='minio_conn', conn_type='aws') credentials retrieved from login and password.
[2026-06-06T15:50:21.026+0000] {coingecko_top.py:166} INFO - Data types:
id                       object
symbol                   object
name                     object
current_price           float64
total_volume              int64
market_cap                int64
price_change_pct_24h    float64
api_last_updated         object
volume_rank               int64
etl_run_id               object
etl_extracted_at         object
dtype: object
[2026-06-06T15:50:21.030+0000] {taskinstance.py:441} INFO - ::group::Post task execution logs
[2026-06-06T15:50:21.032+0000] {taskinstance.py:2905} ERROR - Task failed with exception
Traceback (most recent call last):
  File "/home/airflow/.local/lib/python3.12/site-packages/airflow/models/taskinstance.py", line 460, in _execute_task
    result = _execute_callable(context=context, **execute_callable_kwargs)
             ^^^^^^^^^^^^^^^^^^^^^^^^^^^^^^^^^^^^^^^^^^^^^^^^^^^^^^^^^^^^^
  File "/home/airflow/.local/lib/python3.12/site-packages/airflow/models/taskinstance.py", line 432, in _execute_callable
    return execute_callable(context=context, **execute_callable_kwargs)
           ^^^^^^^^^^^^^^^^^^^^^^^^^^^^^^^^^^^^^^^^^^^^^^^^^^^^^^^^^^^^
  File "/home/airflow/.local/lib/python3.12/site-packages/airflow/models/baseoperator.py", line 400, in wrapper
    return func(self, *args, **kwargs)
           ^^^^^^^^^^^^^^^^^^^^^^^^^^^
  File "/home/airflow/.local/lib/python3.12/site-packages/airflow/operators/python.py", line 235, in execute
    return_value = self.execute_callable()
                   ^^^^^^^^^^^^^^^^^^^^^^^
  File "/home/airflow/.local/lib/python3.12/site-packages/airflow/operators/python.py", line 252, in execute_callable
    return self.python_callable(*self.op_args, **self.op_kwargs)
           ^^^^^^^^^^^^^^^^^^^^^^^^^^^^^^^^^^^^^^^^^^^^^^^^^^^^^
  File "/opt/airflow/dags/coingecko_top.py", line 167, in load_to_postgres
    log.info("Sample row: %s", records[0] if records else None)
                                             ^^^^^^^
UnboundLocalError: cannot access local variable 'records' where it is not associated with a value
[2026-06-06T15:50:21.054+0000] {taskinstance.py:1206} INFO - Marking task as UP_FOR_RETRY. dag_id=coingecko_etl, task_id=load_to_postgres, run_id=manual__2026-06-06T15:50:01.418365+00:00, execution_date=20260606T155001, start_date=20260606T155020, end_date=20260606T155021
[2026-06-06T15:50:21.072+0000] {standard_task_runner.py:110} ERROR - Failed to execute job 33 for task load_to_postgres (cannot access local variable 'records' where it is not associated with a value; 1075)
[2026-06-06T15:50:21.101+0000] {local_task_job_runner.py:240} INFO - Task exited with return code 1
[2026-06-06T15:50:21.119+0000] {logging_mixin.py:188} WARNING - /home/***/.local/lib/python3.12/site-packages/***/models/baseoperator.py:1296 AirflowProviderDeprecationWarning: Call to deprecated class PostgresOperator. (Please use `***.providers.common.sql.operators.sql.SQLExecuteQueryOperator`.Also, you can provide `hook_params={'schema': <database>}`.)
[2026-06-06T15:50:21.136+0000] {taskinstance.py:3498} INFO - 0 downstream tasks scheduled from follow-on schedule check
[2026-06-06T15:50:21.142+0000] {local_task_job_runner.py:222} INFO - ::endgroup::
