[2026-06-07T14:49:31.600+0000] {local_task_job_runner.py:123} INFO - ::group::Pre task execution logs
[2026-06-07T14:49:31.623+0000] {taskinstance.py:2614} INFO - Dependencies all met for dep_context=non-requeueable deps ti=<TaskInstance: coingecko_etl.time_gate manual__2026-06-07T14:49:29.277868+00:00 [queued]>
[2026-06-07T14:49:31.637+0000] {taskinstance.py:2614} INFO - Dependencies all met for dep_context=requeueable deps ti=<TaskInstance: coingecko_etl.time_gate manual__2026-06-07T14:49:29.277868+00:00 [queued]>
[2026-06-07T14:49:31.639+0000] {taskinstance.py:2867} INFO - Starting attempt 1 of 3
[2026-06-07T14:49:31.658+0000] {taskinstance.py:2890} INFO - Executing <Task(ShortCircuitOperator): time_gate> on 2026-06-07 14:49:29.277868+00:00
[2026-06-07T14:49:31.670+0000] {standard_task_runner.py:104} INFO - Running: ['***', 'tasks', 'run', 'coingecko_etl', 'time_gate', 'manual__2026-06-07T14:49:29.277868+00:00', '--job-id', '56', '--raw', '--subdir', 'DAGS_FOLDER/coingecko.py', '--cfg-path', '/tmp/tmpusan70p0']
[2026-06-07T14:49:31.675+0000] {standard_task_runner.py:105} INFO - Job 56: Subtask time_gate
[2026-06-07T14:49:31.674+0000] {logging_mixin.py:190} WARNING - /home/***/.local/lib/python3.12/site-packages/***/task/task_runner/standard_task_runner.py:70 DeprecationWarning: This process (pid=1206) is multi-threaded, use of fork() may lead to deadlocks in the child.
[2026-06-07T14:49:31.678+0000] {standard_task_runner.py:72} INFO - Started process 1210 to run task
[2026-06-07T14:49:31.747+0000] {task_command.py:467} INFO - Running <TaskInstance: coingecko_etl.time_gate manual__2026-06-07T14:49:29.277868+00:00 [running]> on host 4bbe0590abd5
[2026-06-07T14:49:31.866+0000] {taskinstance.py:3134} INFO - Exporting env vars: AIRFLOW_CTX_DAG_OWNER='data-engineering' AIRFLOW_CTX_DAG_ID='coingecko_etl' AIRFLOW_CTX_TASK_ID='time_gate' AIRFLOW_CTX_EXECUTION_DATE='2026-06-07T14:49:29.277868+00:00' AIRFLOW_CTX_TRY_NUMBER='1' AIRFLOW_CTX_DAG_RUN_ID='manual__2026-06-07T14:49:29.277868+00:00'
[2026-06-07T14:49:31.869+0000] {taskinstance.py:732} INFO - ::endgroup::
[2026-06-07T14:49:31.887+0000] {baseoperator.py:423} WARNING - ShortCircuitOperator.execute cannot be called outside TaskInstance!
[2026-06-07T14:49:31.889+0000] {python.py:240} INFO - Done. Returned value was: True
[2026-06-07T14:49:31.892+0000] {python.py:309} INFO - Condition result is True
[2026-06-07T14:49:31.893+0000] {python.py:312} INFO - Proceeding with downstream tasks...
[2026-06-07T14:49:31.932+0000] {taskinstance.py:341} INFO - ::group::Post task execution logs
[2026-06-07T14:49:31.933+0000] {taskinstance.py:353} INFO - Marking task as SUCCESS. dag_id=coingecko_etl, task_id=time_gate, run_id=manual__2026-06-07T14:49:29.277868+00:00, execution_date=20260607T144929, start_date=20260607T144931, end_date=20260607T144931
[2026-06-07T14:49:32.025+0000] {local_task_job_runner.py:266} INFO - Task exited with return code 0
[2026-06-07T14:49:32.088+0000] {taskinstance.py:3901} INFO - 1 downstream tasks scheduled from follow-on schedule check
[2026-06-07T14:49:32.094+0000] {local_task_job_runner.py:245} INFO - ::endgroup::
