[2026-06-07T15:06:30.939+0000] {local_task_job_runner.py:123} INFO - ::group::Pre task execution logs
[2026-06-07T15:06:35.497+0000] {taskinstance.py:2614} INFO - Dependencies all met for dep_context=non-requeueable deps ti=<TaskInstance: coingecko_etl.transform_group.transform_lowcap manual__2026-06-07T14:49:25.228587+00:00 [queued]>
[2026-06-07T15:06:35.647+0000] {taskinstance.py:2614} INFO - Dependencies all met for dep_context=requeueable deps ti=<TaskInstance: coingecko_etl.transform_group.transform_lowcap manual__2026-06-07T14:49:25.228587+00:00 [queued]>
[2026-06-07T15:06:35.650+0000] {taskinstance.py:2867} INFO - Starting attempt 1 of 3
[2026-06-07T15:06:35.760+0000] {taskinstance.py:2890} INFO - Executing <Task(PythonOperator): transform_group.transform_lowcap> on 2026-06-07 14:49:25.228587+00:00
[2026-06-07T15:06:35.827+0000] {standard_task_runner.py:104} INFO - Running: ['***', 'tasks', 'run', 'coingecko_etl', 'transform_group.transform_lowcap', 'manual__2026-06-07T14:49:25.228587+00:00', '--job-id', '92', '--raw', '--subdir', 'DAGS_FOLDER/coingecko.py', '--cfg-path', '/tmp/tmp0hgm76it']
[2026-06-07T15:06:35.839+0000] {standard_task_runner.py:105} INFO - Job 92: Subtask transform_group.transform_lowcap
[2026-06-07T15:06:35.833+0000] {logging_mixin.py:190} WARNING - /home/***/.local/lib/python3.12/site-packages/***/task/task_runner/standard_task_runner.py:70 DeprecationWarning: This process (pid=1535) is multi-threaded, use of fork() may lead to deadlocks in the child.
[2026-06-07T15:06:35.849+0000] {standard_task_runner.py:72} INFO - Started process 1542 to run task
[2026-06-07T15:06:36.066+0000] {task_command.py:467} INFO - Running <TaskInstance: coingecko_etl.transform_group.transform_lowcap manual__2026-06-07T14:49:25.228587+00:00 [running]> on host 4bbe0590abd5
[2026-06-07T15:06:36.960+0000] {taskinstance.py:3134} INFO - Exporting env vars: AIRFLOW_CTX_DAG_OWNER='data-engineering' AIRFLOW_CTX_DAG_ID='coingecko_etl' AIRFLOW_CTX_TASK_ID='transform_group.transform_lowcap' AIRFLOW_CTX_EXECUTION_DATE='2026-06-07T14:49:25.228587+00:00' AIRFLOW_CTX_TRY_NUMBER='1' AIRFLOW_CTX_DAG_RUN_ID='manual__2026-06-07T14:49:25.228587+00:00'
[2026-06-07T15:06:36.967+0000] {taskinstance.py:732} INFO - ::endgroup::
[2026-06-07T15:06:37.267+0000] {base.py:84} INFO - Retrieving connection 'minio_conn'
[2026-06-07T15:06:37.271+0000] {connection_wrapper.py:325} INFO - AWS Connection (conn_id='minio_conn', conn_type='aws') credentials retrieved from login and password.
[2026-06-07T15:06:41.233+0000] {job.py:229} INFO - Heartbeat recovered after 27.43 seconds
[2026-06-07T15:08:14.689+0000] {job.py:229} INFO - Heartbeat recovered after 82.88 seconds
[2026-06-07T15:08:54.126+0000] {coingecko.py:192} INFO - Low-cap transform: 50 → 14 rows
[2026-06-07T15:08:54.191+0000] {job.py:229} INFO - Heartbeat recovered after 39.58 seconds
[2026-06-07T15:08:54.224+0000] {python.py:240} INFO - Done. Returned value was: None
[2026-06-07T15:08:54.468+0000] {taskinstance.py:341} INFO - ::group::Post task execution logs
[2026-06-07T15:08:54.511+0000] {taskinstance.py:353} INFO - Marking task as SUCCESS. dag_id=coingecko_etl, task_id=transform_group.transform_lowcap, run_id=manual__2026-06-07T14:49:25.228587+00:00, execution_date=20260607T144925, start_date=20260607T150635, end_date=20260607T150854
[2026-06-07T15:08:55.351+0000] {local_task_job_runner.py:266} INFO - Task exited with return code 0
[2026-06-07T15:08:55.652+0000] {taskinstance.py:3901} INFO - 1 downstream tasks scheduled from follow-on schedule check
[2026-06-07T15:08:55.659+0000] {local_task_job_runner.py:245} INFO - ::endgroup::
