[2026-06-07T15:06:00.982+0000] {local_task_job_runner.py:123} INFO - ::group::Pre task execution logs
[2026-06-07T15:06:01.013+0000] {taskinstance.py:2614} INFO - Dependencies all met for dep_context=non-requeueable deps ti=<TaskInstance: coingecko_etl.wait_for_market_settle manual__2026-06-07T14:49:29.277868+00:00 [queued]>
[2026-06-07T15:06:01.029+0000] {taskinstance.py:2614} INFO - Dependencies all met for dep_context=requeueable deps ti=<TaskInstance: coingecko_etl.wait_for_market_settle manual__2026-06-07T14:49:29.277868+00:00 [queued]>
[2026-06-07T15:06:01.031+0000] {taskinstance.py:2867} INFO - Starting attempt 1 of 3
[2026-06-07T15:06:01.061+0000] {taskinstance.py:2890} INFO - Executing <Task(PythonSensor): wait_for_market_settle> on 2026-06-07 14:49:29.277868+00:00
[2026-06-07T15:06:01.080+0000] {logging_mixin.py:190} WARNING - /home/***/.local/lib/python3.12/site-packages/***/task/task_runner/standard_task_runner.py:70 DeprecationWarning: This process (pid=1502) is multi-threaded, use of fork() may lead to deadlocks in the child.
[2026-06-07T15:06:01.080+0000] {standard_task_runner.py:104} INFO - Running: ['***', 'tasks', 'run', 'coingecko_etl', 'wait_for_market_settle', 'manual__2026-06-07T14:49:29.277868+00:00', '--job-id', '86', '--raw', '--subdir', 'DAGS_FOLDER/coingecko.py', '--cfg-path', '/tmp/tmpkk6ypdya']
[2026-06-07T15:06:01.083+0000] {standard_task_runner.py:72} INFO - Started process 1508 to run task
[2026-06-07T15:06:01.084+0000] {standard_task_runner.py:105} INFO - Job 86: Subtask wait_for_market_settle
[2026-06-07T15:06:01.164+0000] {task_command.py:467} INFO - Running <TaskInstance: coingecko_etl.wait_for_market_settle manual__2026-06-07T14:49:29.277868+00:00 [running]> on host 4bbe0590abd5
[2026-06-07T15:06:01.283+0000] {taskinstance.py:3134} INFO - Exporting env vars: AIRFLOW_CTX_DAG_OWNER='data-engineering' AIRFLOW_CTX_DAG_ID='coingecko_etl' AIRFLOW_CTX_TASK_ID='wait_for_market_settle' AIRFLOW_CTX_EXECUTION_DATE='2026-06-07T14:49:29.277868+00:00' AIRFLOW_CTX_TRY_NUMBER='1' AIRFLOW_CTX_DAG_RUN_ID='manual__2026-06-07T14:49:29.277868+00:00'
[2026-06-07T15:06:01.286+0000] {taskinstance.py:732} INFO - ::endgroup::
[2026-06-07T15:06:01.317+0000] {python.py:75} INFO - Poking callable: <function wait_for_market_settle at 0x7f72b4237380>
[2026-06-07T15:06:01.319+0000] {coingecko.py:321} INFO - Manual run detected → skipping market settle wait
[2026-06-07T15:06:01.321+0000] {base.py:339} INFO - Success criteria met. Exiting.
[2026-06-07T15:06:01.336+0000] {taskinstance.py:341} INFO - ::group::Post task execution logs
[2026-06-07T15:06:01.337+0000] {taskinstance.py:353} INFO - Marking task as SUCCESS. dag_id=coingecko_etl, task_id=wait_for_market_settle, run_id=manual__2026-06-07T14:49:29.277868+00:00, execution_date=20260607T144929, start_date=20260607T150601, end_date=20260607T150601
[2026-06-07T15:06:01.394+0000] {local_task_job_runner.py:266} INFO - Task exited with return code 0
[2026-06-07T15:06:01.434+0000] {taskinstance.py:3901} INFO - 1 downstream tasks scheduled from follow-on schedule check
[2026-06-07T15:06:01.441+0000] {local_task_job_runner.py:245} INFO - ::endgroup::
