[2026-06-07T15:09:09.848+0000] {local_task_job_runner.py:123} INFO - ::group::Pre task execution logs
[2026-06-07T15:09:09.897+0000] {taskinstance.py:2614} INFO - Dependencies all met for dep_context=non-requeueable deps ti=<TaskInstance: coingecko_etl.branch_on_quality manual__2026-06-07T14:49:25.228587+00:00 [queued]>
[2026-06-07T15:09:09.921+0000] {taskinstance.py:2614} INFO - Dependencies all met for dep_context=requeueable deps ti=<TaskInstance: coingecko_etl.branch_on_quality manual__2026-06-07T14:49:25.228587+00:00 [queued]>
[2026-06-07T15:09:09.923+0000] {taskinstance.py:2867} INFO - Starting attempt 1 of 3
[2026-06-07T15:09:09.955+0000] {taskinstance.py:2890} INFO - Executing <Task(BranchPythonOperator): branch_on_quality> on 2026-06-07 14:49:25.228587+00:00
[2026-06-07T15:09:09.978+0000] {logging_mixin.py:190} WARNING - /home/***/.local/lib/python3.12/site-packages/***/task/task_runner/standard_task_runner.py:70 DeprecationWarning: This process (pid=1583) is multi-threaded, use of fork() may lead to deadlocks in the child.
[2026-06-07T15:09:09.978+0000] {standard_task_runner.py:104} INFO - Running: ['***', 'tasks', 'run', 'coingecko_etl', 'branch_on_quality', 'manual__2026-06-07T14:49:25.228587+00:00', '--job-id', '97', '--raw', '--subdir', 'DAGS_FOLDER/coingecko.py', '--cfg-path', '/tmp/tmphry08tmm']
[2026-06-07T15:09:09.983+0000] {standard_task_runner.py:105} INFO - Job 97: Subtask branch_on_quality
[2026-06-07T15:09:09.982+0000] {standard_task_runner.py:72} INFO - Started process 1585 to run task
[2026-06-07T15:09:10.089+0000] {task_command.py:467} INFO - Running <TaskInstance: coingecko_etl.branch_on_quality manual__2026-06-07T14:49:25.228587+00:00 [running]> on host 4bbe0590abd5
[2026-06-07T15:09:10.242+0000] {taskinstance.py:3134} INFO - Exporting env vars: AIRFLOW_CTX_DAG_OWNER='data-engineering' AIRFLOW_CTX_DAG_ID='coingecko_etl' AIRFLOW_CTX_TASK_ID='branch_on_quality' AIRFLOW_CTX_EXECUTION_DATE='2026-06-07T14:49:25.228587+00:00' AIRFLOW_CTX_TRY_NUMBER='1' AIRFLOW_CTX_DAG_RUN_ID='manual__2026-06-07T14:49:25.228587+00:00'
[2026-06-07T15:09:10.246+0000] {taskinstance.py:732} INFO - ::endgroup::
[2026-06-07T15:09:10.286+0000] {baseoperator.py:423} WARNING - BranchPythonOperator.execute cannot be called outside TaskInstance!
[2026-06-07T15:09:10.305+0000] {coingecko.py:245} INFO - Branch → load path
[2026-06-07T15:09:10.306+0000] {python.py:240} INFO - Done. Returned value was: create_table
[2026-06-07T15:09:10.308+0000] {branch.py:38} INFO - Branch into create_table
[2026-06-07T15:09:10.310+0000] {skipmixin.py:233} INFO - Following branch ('create_table',)
[2026-06-07T15:09:10.328+0000] {skipmixin.py:281} INFO - Skipping tasks [('quarantine_alert', -1)]
[2026-06-07T15:09:10.379+0000] {taskinstance.py:341} INFO - ::group::Post task execution logs
[2026-06-07T15:09:10.381+0000] {taskinstance.py:353} INFO - Marking task as SUCCESS. dag_id=coingecko_etl, task_id=branch_on_quality, run_id=manual__2026-06-07T14:49:25.228587+00:00, execution_date=20260607T144925, start_date=20260607T150909, end_date=20260607T150910
[2026-06-07T15:09:10.461+0000] {local_task_job_runner.py:266} INFO - Task exited with return code 0
[2026-06-07T15:09:10.512+0000] {taskinstance.py:3901} INFO - 1 downstream tasks scheduled from follow-on schedule check
[2026-06-07T15:09:10.520+0000] {local_task_job_runner.py:245} INFO - ::endgroup::
