[2026-06-07T15:18:08.821+0000] {local_task_job_runner.py:123} INFO - ::group::Pre task execution logs
[2026-06-07T15:18:09.024+0000] {taskinstance.py:2614} INFO - Dependencies all met for dep_context=non-requeueable deps ti=<TaskInstance: coingecko_etl.transform_group.transform_lowcap manual__2026-06-07T15:13:25.838262+00:00 [queued]>
[2026-06-07T15:18:09.064+0000] {taskinstance.py:2614} INFO - Dependencies all met for dep_context=requeueable deps ti=<TaskInstance: coingecko_etl.transform_group.transform_lowcap manual__2026-06-07T15:13:25.838262+00:00 [queued]>
[2026-06-07T15:18:09.065+0000] {taskinstance.py:2867} INFO - Starting attempt 1 of 3
[2026-06-07T15:18:09.169+0000] {taskinstance.py:2890} INFO - Executing <Task(PythonOperator): transform_group.transform_lowcap> on 2026-06-07 15:13:25.838262+00:00
[2026-06-07T15:18:09.187+0000] {logging_mixin.py:190} WARNING - /home/***/.local/lib/python3.12/site-packages/***/task/task_runner/standard_task_runner.py:70 DeprecationWarning: This process (pid=1691) is multi-threaded, use of fork() may lead to deadlocks in the child.
[2026-06-07T15:18:09.192+0000] {standard_task_runner.py:72} INFO - Started process 1699 to run task
[2026-06-07T15:18:09.190+0000] {standard_task_runner.py:104} INFO - Running: ['***', 'tasks', 'run', 'coingecko_etl', 'transform_group.transform_lowcap', 'manual__2026-06-07T15:13:25.838262+00:00', '--job-id', '104', '--raw', '--subdir', 'DAGS_FOLDER/coingecko.py', '--cfg-path', '/tmp/tmpgfs69q3z']
[2026-06-07T15:18:09.211+0000] {standard_task_runner.py:105} INFO - Job 104: Subtask transform_group.transform_lowcap
[2026-06-07T15:18:09.430+0000] {task_command.py:467} INFO - Running <TaskInstance: coingecko_etl.transform_group.transform_lowcap manual__2026-06-07T15:13:25.838262+00:00 [running]> on host 4bbe0590abd5
[2026-06-07T15:18:10.409+0000] {taskinstance.py:3134} INFO - Exporting env vars: AIRFLOW_CTX_DAG_OWNER='data-engineering' AIRFLOW_CTX_DAG_ID='coingecko_etl' AIRFLOW_CTX_TASK_ID='transform_group.transform_lowcap' AIRFLOW_CTX_EXECUTION_DATE='2026-06-07T15:13:25.838262+00:00' AIRFLOW_CTX_TRY_NUMBER='1' AIRFLOW_CTX_DAG_RUN_ID='manual__2026-06-07T15:13:25.838262+00:00'
[2026-06-07T15:18:10.503+0000] {taskinstance.py:732} INFO - ::endgroup::
[2026-06-07T15:18:11.912+0000] {base.py:84} INFO - Retrieving connection 'minio_conn'
[2026-06-07T15:18:11.933+0000] {connection_wrapper.py:325} INFO - AWS Connection (conn_id='minio_conn', conn_type='aws') credentials retrieved from login and password.
[2026-06-07T15:18:14.296+0000] {job.py:229} INFO - Heartbeat recovered after 68.20 seconds
[2026-06-07T15:18:15.961+0000] {coingecko.py:192} INFO - Low-cap transform: 50 → 13 rows
[2026-06-07T15:18:15.991+0000] {python.py:240} INFO - Done. Returned value was: None
[2026-06-07T15:18:16.137+0000] {taskinstance.py:341} INFO - ::group::Post task execution logs
[2026-06-07T15:18:16.165+0000] {taskinstance.py:353} INFO - Marking task as SUCCESS. dag_id=coingecko_etl, task_id=transform_group.transform_lowcap, run_id=manual__2026-06-07T15:13:25.838262+00:00, execution_date=20260607T151325, start_date=20260607T151809, end_date=20260607T151816
[2026-06-07T15:18:16.371+0000] {local_task_job_runner.py:266} INFO - Task exited with return code 0
[2026-06-07T15:18:16.392+0000] {local_task_job_runner.py:245} INFO - ::endgroup::
