[2026-06-07T15:06:08.775+0000] {local_task_job_runner.py:123} INFO - ::group::Pre task execution logs
[2026-06-07T15:06:08.811+0000] {taskinstance.py:2614} INFO - Dependencies all met for dep_context=non-requeueable deps ti=<TaskInstance: coingecko_etl.quality_check_raw manual__2026-06-07T14:49:25.228587+00:00 [queued]>
[2026-06-07T15:06:08.839+0000] {taskinstance.py:2614} INFO - Dependencies all met for dep_context=requeueable deps ti=<TaskInstance: coingecko_etl.quality_check_raw manual__2026-06-07T14:49:25.228587+00:00 [queued]>
[2026-06-07T15:06:08.843+0000] {taskinstance.py:2867} INFO - Starting attempt 1 of 3
[2026-06-07T15:06:08.871+0000] {taskinstance.py:2890} INFO - Executing <Task(PythonOperator): quality_check_raw> on 2026-06-07 14:49:25.228587+00:00
[2026-06-07T15:06:08.884+0000] {standard_task_runner.py:104} INFO - Running: ['***', 'tasks', 'run', 'coingecko_etl', 'quality_check_raw', 'manual__2026-06-07T14:49:25.228587+00:00', '--job-id', '91', '--raw', '--subdir', 'DAGS_FOLDER/coingecko.py', '--cfg-path', '/tmp/tmpx1dgsz8b']
[2026-06-07T15:06:08.886+0000] {logging_mixin.py:190} WARNING - /home/***/.local/lib/python3.12/site-packages/***/task/task_runner/standard_task_runner.py:70 DeprecationWarning: This process (pid=1522) is multi-threaded, use of fork() may lead to deadlocks in the child.
[2026-06-07T15:06:08.889+0000] {standard_task_runner.py:105} INFO - Job 91: Subtask quality_check_raw
[2026-06-07T15:06:08.891+0000] {standard_task_runner.py:72} INFO - Started process 1526 to run task
[2026-06-07T15:06:08.966+0000] {task_command.py:467} INFO - Running <TaskInstance: coingecko_etl.quality_check_raw manual__2026-06-07T14:49:25.228587+00:00 [running]> on host 4bbe0590abd5
[2026-06-07T15:06:09.089+0000] {taskinstance.py:3134} INFO - Exporting env vars: AIRFLOW_CTX_DAG_OWNER='data-engineering' AIRFLOW_CTX_DAG_ID='coingecko_etl' AIRFLOW_CTX_TASK_ID='quality_check_raw' AIRFLOW_CTX_EXECUTION_DATE='2026-06-07T14:49:25.228587+00:00' AIRFLOW_CTX_TRY_NUMBER='1' AIRFLOW_CTX_DAG_RUN_ID='manual__2026-06-07T14:49:25.228587+00:00'
[2026-06-07T15:06:09.091+0000] {taskinstance.py:732} INFO - ::endgroup::
[2026-06-07T15:06:09.137+0000] {base.py:84} INFO - Retrieving connection 'minio_conn'
[2026-06-07T15:06:09.140+0000] {connection_wrapper.py:325} INFO - AWS Connection (conn_id='minio_conn', conn_type='aws') credentials retrieved from login and password.
[2026-06-07T15:06:09.402+0000] {coingecko.py:151} INFO - Raw QC passed: 50 coins
[2026-06-07T15:06:09.405+0000] {python.py:240} INFO - Done. Returned value was: None
[2026-06-07T15:06:09.429+0000] {taskinstance.py:341} INFO - ::group::Post task execution logs
[2026-06-07T15:06:09.432+0000] {taskinstance.py:353} INFO - Marking task as SUCCESS. dag_id=coingecko_etl, task_id=quality_check_raw, run_id=manual__2026-06-07T14:49:25.228587+00:00, execution_date=20260607T144925, start_date=20260607T150608, end_date=20260607T150609
[2026-06-07T15:06:09.570+0000] {local_task_job_runner.py:266} INFO - Task exited with return code 0
[2026-06-07T15:06:09.649+0000] {taskinstance.py:3901} INFO - 2 downstream tasks scheduled from follow-on schedule check
[2026-06-07T15:06:09.661+0000] {local_task_job_runner.py:245} INFO - ::endgroup::
