[2026-06-07T13:56:17.929+0000] {local_task_job_runner.py:123} INFO - ::group::Pre task execution logs
[2026-06-07T13:56:17.957+0000] {taskinstance.py:2614} INFO - Dependencies all met for dep_context=non-requeueable deps ti=<TaskInstance: coingecko_etl.transform scheduled__2026-05-29T18:00:00+00:00 [queued]>
[2026-06-07T13:56:17.971+0000] {taskinstance.py:2614} INFO - Dependencies all met for dep_context=requeueable deps ti=<TaskInstance: coingecko_etl.transform scheduled__2026-05-29T18:00:00+00:00 [queued]>
[2026-06-07T13:56:17.973+0000] {taskinstance.py:2867} INFO - Starting attempt 1 of 3
[2026-06-07T13:56:17.991+0000] {taskinstance.py:2890} INFO - Executing <Task(PythonOperator): transform> on 2026-05-29 18:00:00+00:00
[2026-06-07T13:56:18.007+0000] {logging_mixin.py:190} WARNING - /home/***/.local/lib/python3.12/site-packages/***/task/task_runner/standard_task_runner.py:70 DeprecationWarning: This process (pid=474) is multi-threaded, use of fork() may lead to deadlocks in the child.
[2026-06-07T13:56:18.007+0000] {standard_task_runner.py:104} INFO - Running: ['***', 'tasks', 'run', 'coingecko_etl', 'transform', 'scheduled__2026-05-29T18:00:00+00:00', '--job-id', '50', '--raw', '--subdir', 'DAGS_FOLDER/coingecko.py', '--cfg-path', '/tmp/tmp32nkmr41']
[2026-06-07T13:56:18.011+0000] {standard_task_runner.py:105} INFO - Job 50: Subtask transform
[2026-06-07T13:56:18.009+0000] {standard_task_runner.py:72} INFO - Started process 476 to run task
[2026-06-07T13:56:18.081+0000] {task_command.py:467} INFO - Running <TaskInstance: coingecko_etl.transform scheduled__2026-05-29T18:00:00+00:00 [running]> on host 4bbe0590abd5
[2026-06-07T13:56:18.181+0000] {taskinstance.py:3134} INFO - Exporting env vars: AIRFLOW_CTX_DAG_OWNER='data-engineering' AIRFLOW_CTX_DAG_ID='coingecko_etl' AIRFLOW_CTX_TASK_ID='transform' AIRFLOW_CTX_EXECUTION_DATE='2026-05-29T18:00:00+00:00' AIRFLOW_CTX_TRY_NUMBER='1' AIRFLOW_CTX_DAG_RUN_ID='scheduled__2026-05-29T18:00:00+00:00'
[2026-06-07T13:56:18.183+0000] {taskinstance.py:732} INFO - ::endgroup::
[2026-06-07T13:56:18.268+0000] {base.py:84} INFO - Retrieving connection 'minio_conn'
[2026-06-07T13:56:18.271+0000] {connection_wrapper.py:325} INFO - AWS Connection (conn_id='minio_conn', conn_type='aws') credentials retrieved from login and password.
[2026-06-07T13:56:22.453+0000] {coingecko.py:133} INFO - Transformed and saved 50 records
[2026-06-07T13:56:22.509+0000] {python.py:240} INFO - Done. Returned value was: None
[2026-06-07T13:56:22.781+0000] {taskinstance.py:341} INFO - ::group::Post task execution logs
[2026-06-07T13:56:22.821+0000] {taskinstance.py:353} INFO - Marking task as SUCCESS. dag_id=coingecko_etl, task_id=transform, run_id=scheduled__2026-05-29T18:00:00+00:00, execution_date=20260529T180000, start_date=20260607T135617, end_date=20260607T135622
[2026-06-07T13:56:23.302+0000] {local_task_job_runner.py:266} INFO - Task exited with return code 0
[2026-06-07T13:56:23.356+0000] {taskinstance.py:3901} INFO - 1 downstream tasks scheduled from follow-on schedule check
[2026-06-07T13:56:23.361+0000] {local_task_job_runner.py:245} INFO - ::endgroup::
