[2026-06-07T13:56:33.736+0000] {local_task_job_runner.py:123} INFO - ::group::Pre task execution logs
[2026-06-07T13:56:33.762+0000] {taskinstance.py:2614} INFO - Dependencies all met for dep_context=non-requeueable deps ti=<TaskInstance: coingecko_etl.load_to_postgres scheduled__2026-05-29T18:00:00+00:00 [queued]>
[2026-06-07T13:56:33.773+0000] {taskinstance.py:2614} INFO - Dependencies all met for dep_context=requeueable deps ti=<TaskInstance: coingecko_etl.load_to_postgres scheduled__2026-05-29T18:00:00+00:00 [queued]>
[2026-06-07T13:56:33.775+0000] {taskinstance.py:2867} INFO - Starting attempt 1 of 3
[2026-06-07T13:56:33.791+0000] {taskinstance.py:2890} INFO - Executing <Task(PythonOperator): load_to_postgres> on 2026-05-29 18:00:00+00:00
[2026-06-07T13:56:33.804+0000] {standard_task_runner.py:104} INFO - Running: ['***', 'tasks', 'run', 'coingecko_etl', 'load_to_postgres', 'scheduled__2026-05-29T18:00:00+00:00', '--job-id', '53', '--raw', '--subdir', 'DAGS_FOLDER/coingecko.py', '--cfg-path', '/tmp/tmpqqot9x5l']
[2026-06-07T13:56:33.805+0000] {logging_mixin.py:190} WARNING - /home/***/.local/lib/python3.12/site-packages/***/task/task_runner/standard_task_runner.py:70 DeprecationWarning: This process (pid=497) is multi-threaded, use of fork() may lead to deadlocks in the child.
[2026-06-07T13:56:33.806+0000] {standard_task_runner.py:105} INFO - Job 53: Subtask load_to_postgres
[2026-06-07T13:56:33.807+0000] {standard_task_runner.py:72} INFO - Started process 499 to run task
[2026-06-07T13:56:33.874+0000] {task_command.py:467} INFO - Running <TaskInstance: coingecko_etl.load_to_postgres scheduled__2026-05-29T18:00:00+00:00 [running]> on host 4bbe0590abd5
[2026-06-07T13:56:33.984+0000] {taskinstance.py:3134} INFO - Exporting env vars: AIRFLOW_CTX_DAG_OWNER='data-engineering' AIRFLOW_CTX_DAG_ID='coingecko_etl' AIRFLOW_CTX_TASK_ID='load_to_postgres' AIRFLOW_CTX_EXECUTION_DATE='2026-05-29T18:00:00+00:00' AIRFLOW_CTX_TRY_NUMBER='1' AIRFLOW_CTX_DAG_RUN_ID='scheduled__2026-05-29T18:00:00+00:00'
[2026-06-07T13:56:33.987+0000] {taskinstance.py:732} INFO - ::endgroup::
[2026-06-07T13:56:34.060+0000] {base.py:84} INFO - Retrieving connection 'minio_conn'
[2026-06-07T13:56:34.063+0000] {connection_wrapper.py:325} INFO - AWS Connection (conn_id='minio_conn', conn_type='aws') credentials retrieved from login and password.
[2026-06-07T13:56:39.336+0000] {coingecko.py:157} INFO - Loading 50 rows to Postgres...
[2026-06-07T13:56:39.485+0000] {base.py:84} INFO - Retrieving connection 'postgres_default'
[2026-06-07T13:56:39.560+0000] {coingecko.py:186} INFO - Upserted 50 rows successfully
[2026-06-07T13:56:39.575+0000] {python.py:240} INFO - Done. Returned value was: None
[2026-06-07T13:56:39.608+0000] {taskinstance.py:341} INFO - ::group::Post task execution logs
[2026-06-07T13:56:39.610+0000] {taskinstance.py:353} INFO - Marking task as SUCCESS. dag_id=coingecko_etl, task_id=load_to_postgres, run_id=scheduled__2026-05-29T18:00:00+00:00, execution_date=20260529T180000, start_date=20260607T135633, end_date=20260607T135639
[2026-06-07T13:56:39.699+0000] {local_task_job_runner.py:266} INFO - Task exited with return code 0
[2026-06-07T13:56:39.736+0000] {taskinstance.py:3901} INFO - 0 downstream tasks scheduled from follow-on schedule check
[2026-06-07T13:56:39.744+0000] {local_task_job_runner.py:245} INFO - ::endgroup::
