[2026-06-06T15:32:06.965+0000] {local_task_job_runner.py:120} INFO - ::group::Pre task execution logs
[2026-06-06T15:32:06.986+0000] {taskinstance.py:2076} INFO - Dependencies all met for dep_context=non-requeueable deps ti=<TaskInstance: coingecko_etl.quality_check_processed manual__2026-06-06T15:26:53.998798+00:00 [queued]>
[2026-06-06T15:32:06.996+0000] {taskinstance.py:2076} INFO - Dependencies all met for dep_context=requeueable deps ti=<TaskInstance: coingecko_etl.quality_check_processed manual__2026-06-06T15:26:53.998798+00:00 [queued]>
[2026-06-06T15:32:06.998+0000] {taskinstance.py:2306} INFO - Starting attempt 1 of 3
[2026-06-06T15:32:07.014+0000] {taskinstance.py:2330} INFO - Executing <Task(PythonOperator): quality_check_processed> on 2026-06-06 15:26:53.998798+00:00
[2026-06-06T15:32:07.025+0000] {standard_task_runner.py:90} INFO - Running: ['***', 'tasks', 'run', 'coingecko_etl', 'quality_check_processed', 'manual__2026-06-06T15:26:53.998798+00:00', '--job-id', '19', '--raw', '--subdir', 'DAGS_FOLDER/coingecko_top.py', '--cfg-path', '/tmp/tmpyunddmky']
[2026-06-06T15:32:07.027+0000] {logging_mixin.py:188} WARNING - /home/***/.local/lib/python3.12/site-packages/***/task/task_runner/standard_task_runner.py:61 DeprecationWarning: This process (pid=748) is multi-threaded, use of fork() may lead to deadlocks in the child.
[2026-06-06T15:32:07.030+0000] {standard_task_runner.py:63} INFO - Started process 750 to run task
[2026-06-06T15:32:07.028+0000] {standard_task_runner.py:91} INFO - Job 19: Subtask quality_check_processed
[2026-06-06T15:32:07.106+0000] {task_command.py:426} INFO - Running <TaskInstance: coingecko_etl.quality_check_processed manual__2026-06-06T15:26:53.998798+00:00 [running]> on host 4ebce9364341
[2026-06-06T15:32:07.243+0000] {taskinstance.py:2648} INFO - Exporting env vars: AIRFLOW_CTX_DAG_OWNER='data-engineering' AIRFLOW_CTX_DAG_ID='coingecko_etl' AIRFLOW_CTX_TASK_ID='quality_check_processed' AIRFLOW_CTX_EXECUTION_DATE='2026-06-06T15:26:53.998798+00:00' AIRFLOW_CTX_TRY_NUMBER='1' AIRFLOW_CTX_DAG_RUN_ID='manual__2026-06-06T15:26:53.998798+00:00'
[2026-06-06T15:32:07.246+0000] {taskinstance.py:430} INFO - ::endgroup::
[2026-06-06T15:32:07.294+0000] {base.py:84} INFO - Using connection ID 'minio_conn' for task execution.
[2026-06-06T15:32:07.297+0000] {connection_wrapper.py:384} INFO - AWS Connection (conn_id='minio_conn', conn_type='aws') credentials retrieved from login and password.
[2026-06-06T15:32:07.516+0000] {coingecko_top.py:155} INFO - Processed quality checks passed — 50 records
[2026-06-06T15:32:07.518+0000] {python.py:237} INFO - Done. Returned value was: None
[2026-06-06T15:32:07.521+0000] {taskinstance.py:441} INFO - ::group::Post task execution logs
[2026-06-06T15:32:07.535+0000] {taskinstance.py:1206} INFO - Marking task as SUCCESS. dag_id=coingecko_etl, task_id=quality_check_processed, run_id=manual__2026-06-06T15:26:53.998798+00:00, execution_date=20260606T152653, start_date=20260606T153206, end_date=20260606T153207
[2026-06-06T15:32:07.583+0000] {local_task_job_runner.py:240} INFO - Task exited with return code 0
[2026-06-06T15:32:07.599+0000] {logging_mixin.py:188} WARNING - /home/***/.local/lib/python3.12/site-packages/***/models/baseoperator.py:1296 AirflowProviderDeprecationWarning: Call to deprecated class PostgresOperator. (Please use `***.providers.common.sql.operators.sql.SQLExecuteQueryOperator`.Also, you can provide `hook_params={'schema': <database>}`.)
[2026-06-06T15:32:07.619+0000] {taskinstance.py:3498} INFO - 1 downstream tasks scheduled from follow-on schedule check
[2026-06-06T15:32:07.625+0000] {local_task_job_runner.py:222} INFO - ::endgroup::
