[2026-06-07T15:16:19.661+0000] {local_task_job_runner.py:123} INFO - ::group::Pre task execution logs
[2026-06-07T15:16:19.716+0000] {taskinstance.py:2614} INFO - Dependencies all met for dep_context=non-requeueable deps ti=<TaskInstance: coingecko_etl.extract_raw manual__2026-06-07T15:13:25.838262+00:00 [queued]>
[2026-06-07T15:16:19.738+0000] {taskinstance.py:2614} INFO - Dependencies all met for dep_context=requeueable deps ti=<TaskInstance: coingecko_etl.extract_raw manual__2026-06-07T15:13:25.838262+00:00 [queued]>
[2026-06-07T15:16:19.740+0000] {taskinstance.py:2867} INFO - Starting attempt 1 of 3
[2026-06-07T15:16:19.763+0000] {taskinstance.py:2890} INFO - Executing <Task(PythonOperator): extract_raw> on 2026-06-07 15:13:25.838262+00:00
[2026-06-07T15:16:19.777+0000] {standard_task_runner.py:104} INFO - Running: ['***', 'tasks', 'run', 'coingecko_etl', 'extract_raw', 'manual__2026-06-07T15:13:25.838262+00:00', '--job-id', '102', '--raw', '--subdir', 'DAGS_FOLDER/coingecko.py', '--cfg-path', '/tmp/tmpzd_zfw7_']
[2026-06-07T15:16:19.777+0000] {logging_mixin.py:190} WARNING - /home/***/.local/lib/python3.12/site-packages/***/task/task_runner/standard_task_runner.py:70 DeprecationWarning: This process (pid=1668) is multi-threaded, use of fork() may lead to deadlocks in the child.
[2026-06-07T15:16:19.781+0000] {standard_task_runner.py:105} INFO - Job 102: Subtask extract_raw
[2026-06-07T15:16:19.783+0000] {standard_task_runner.py:72} INFO - Started process 1672 to run task
[2026-06-07T15:16:19.913+0000] {task_command.py:467} INFO - Running <TaskInstance: coingecko_etl.extract_raw manual__2026-06-07T15:13:25.838262+00:00 [running]> on host 4bbe0590abd5
[2026-06-07T15:16:51.731+0000] {taskinstance.py:3134} INFO - Exporting env vars: AIRFLOW_CTX_DAG_OWNER='data-engineering' AIRFLOW_CTX_DAG_ID='coingecko_etl' AIRFLOW_CTX_TASK_ID='extract_raw' AIRFLOW_CTX_EXECUTION_DATE='2026-06-07T15:13:25.838262+00:00' AIRFLOW_CTX_TRY_NUMBER='1' AIRFLOW_CTX_DAG_RUN_ID='manual__2026-06-07T15:13:25.838262+00:00'
[2026-06-07T15:16:51.803+0000] {taskinstance.py:732} INFO - ::endgroup::
[2026-06-07T15:16:51.790+0000] {job.py:229} INFO - Heartbeat recovered after 32.26 seconds
[2026-06-07T15:16:52.021+0000] {coingecko.py:126} INFO - Fetching CoinGecko data...
[2026-06-07T15:16:52.912+0000] {base.py:84} INFO - Retrieving connection 'minio_conn'
[2026-06-07T15:16:52.917+0000] {connection_wrapper.py:325} INFO - AWS Connection (conn_id='minio_conn', conn_type='aws') credentials retrieved from login and password.
[2026-06-07T15:16:53.911+0000] {coingecko.py:134} INFO - Saved 50 coins → coingecko/manual__2026-06-07T15:13:25.838262+00:00/raw.json
[2026-06-07T15:16:53.935+0000] {python.py:240} INFO - Done. Returned value was: None
[2026-06-07T15:16:53.949+0000] {taskinstance.py:341} INFO - ::group::Post task execution logs
[2026-06-07T15:16:53.952+0000] {taskinstance.py:353} INFO - Marking task as SUCCESS. dag_id=coingecko_etl, task_id=extract_raw, run_id=manual__2026-06-07T15:13:25.838262+00:00, execution_date=20260607T151325, start_date=20260607T151619, end_date=20260607T151653
[2026-06-07T15:16:54.040+0000] {local_task_job_runner.py:266} INFO - Task exited with return code 0
[2026-06-07T15:16:54.078+0000] {taskinstance.py:3901} INFO - 1 downstream tasks scheduled from follow-on schedule check
[2026-06-07T15:16:54.084+0000] {local_task_job_runner.py:245} INFO - ::endgroup::
