[2026-06-06T15:31:46.917+0000] {local_task_job_runner.py:120} INFO - ::group::Pre task execution logs
[2026-06-06T15:31:46.937+0000] {taskinstance.py:2076} INFO - Dependencies all met for dep_context=non-requeueable deps ti=<TaskInstance: coingecko_etl.extract_raw manual__2026-06-06T15:26:41.182910+00:00 [queued]>
[2026-06-06T15:31:46.947+0000] {taskinstance.py:2076} INFO - Dependencies all met for dep_context=requeueable deps ti=<TaskInstance: coingecko_etl.extract_raw manual__2026-06-06T15:26:41.182910+00:00 [queued]>
[2026-06-06T15:31:46.949+0000] {taskinstance.py:2306} INFO - Starting attempt 2 of 3
[2026-06-06T15:31:46.965+0000] {taskinstance.py:2330} INFO - Executing <Task(PythonOperator): extract_raw> on 2026-06-06 15:26:41.182910+00:00
[2026-06-06T15:31:46.978+0000] {logging_mixin.py:188} WARNING - /home/***/.local/lib/python3.12/site-packages/***/task/task_runner/standard_task_runner.py:61 DeprecationWarning: This process (pid=689) is multi-threaded, use of fork() may lead to deadlocks in the child.
[2026-06-06T15:31:46.976+0000] {standard_task_runner.py:90} INFO - Running: ['***', 'tasks', 'run', 'coingecko_etl', 'extract_raw', 'manual__2026-06-06T15:26:41.182910+00:00', '--job-id', '10', '--raw', '--subdir', 'DAGS_FOLDER/coingecko_top.py', '--cfg-path', '/tmp/tmp4lqpr8le']
[2026-06-06T15:31:46.981+0000] {standard_task_runner.py:91} INFO - Job 10: Subtask extract_raw
[2026-06-06T15:31:46.980+0000] {standard_task_runner.py:63} INFO - Started process 691 to run task
[2026-06-06T15:31:47.058+0000] {task_command.py:426} INFO - Running <TaskInstance: coingecko_etl.extract_raw manual__2026-06-06T15:26:41.182910+00:00 [running]> on host 4ebce9364341
[2026-06-06T15:31:47.172+0000] {taskinstance.py:2648} INFO - Exporting env vars: AIRFLOW_CTX_DAG_OWNER='data-engineering' AIRFLOW_CTX_DAG_ID='coingecko_etl' AIRFLOW_CTX_TASK_ID='extract_raw' AIRFLOW_CTX_EXECUTION_DATE='2026-06-06T15:26:41.182910+00:00' AIRFLOW_CTX_TRY_NUMBER='2' AIRFLOW_CTX_DAG_RUN_ID='manual__2026-06-06T15:26:41.182910+00:00'
[2026-06-06T15:31:47.175+0000] {taskinstance.py:430} INFO - ::endgroup::
[2026-06-06T15:31:47.201+0000] {coingecko_top.py:51} INFO - Fetching CoinGecko markets data...
[2026-06-06T15:31:47.519+0000] {coingecko_top.py:56} INFO - Received 50 coins from API
[2026-06-06T15:31:47.566+0000] {base.py:84} INFO - Using connection ID 'minio_conn' for task execution.
[2026-06-06T15:31:47.568+0000] {connection_wrapper.py:384} INFO - AWS Connection (conn_id='minio_conn', conn_type='aws') credentials retrieved from login and password.
[2026-06-06T15:31:48.211+0000] {coingecko_top.py:62} INFO - Raw data saved to s3://raw/coingecko/manual__2026-06-06T15:26:41.182910+00:00/raw.json
[2026-06-06T15:31:48.234+0000] {python.py:237} INFO - Done. Returned value was: None
[2026-06-06T15:31:48.236+0000] {taskinstance.py:441} INFO - ::group::Post task execution logs
[2026-06-06T15:31:48.249+0000] {taskinstance.py:1206} INFO - Marking task as SUCCESS. dag_id=coingecko_etl, task_id=extract_raw, run_id=manual__2026-06-06T15:26:41.182910+00:00, execution_date=20260606T152641, start_date=20260606T153146, end_date=20260606T153148
[2026-06-06T15:31:48.316+0000] {local_task_job_runner.py:240} INFO - Task exited with return code 0
[2026-06-06T15:31:48.331+0000] {logging_mixin.py:188} WARNING - /home/***/.local/lib/python3.12/site-packages/***/models/baseoperator.py:1296 AirflowProviderDeprecationWarning: Call to deprecated class PostgresOperator. (Please use `***.providers.common.sql.operators.sql.SQLExecuteQueryOperator`.Also, you can provide `hook_params={'schema': <database>}`.)
[2026-06-06T15:31:48.349+0000] {taskinstance.py:3498} INFO - 1 downstream tasks scheduled from follow-on schedule check
[2026-06-06T15:31:48.355+0000] {local_task_job_runner.py:222} INFO - ::endgroup::
