[2026-06-06T15:50:15.955+0000] {local_task_job_runner.py:120} INFO - ::group::Pre task execution logs
[2026-06-06T15:50:15.977+0000] {taskinstance.py:2076} INFO - Dependencies all met for dep_context=non-requeueable deps ti=<TaskInstance: coingecko_etl.quality_check_processed manual__2026-06-06T15:50:01.418365+00:00 [queued]>
[2026-06-06T15:50:15.990+0000] {taskinstance.py:2076} INFO - Dependencies all met for dep_context=requeueable deps ti=<TaskInstance: coingecko_etl.quality_check_processed manual__2026-06-06T15:50:01.418365+00:00 [queued]>
[2026-06-06T15:50:15.992+0000] {taskinstance.py:2306} INFO - Starting attempt 1 of 3
[2026-06-06T15:50:16.010+0000] {taskinstance.py:2330} INFO - Executing <Task(PythonOperator): quality_check_processed> on 2026-06-06 15:50:01.418365+00:00
[2026-06-06T15:50:16.023+0000] {standard_task_runner.py:90} INFO - Running: ['***', 'tasks', 'run', 'coingecko_etl', 'quality_check_processed', 'manual__2026-06-06T15:50:01.418365+00:00', '--job-id', '31', '--raw', '--subdir', 'DAGS_FOLDER/coingecko_top.py', '--cfg-path', '/tmp/tmp9s9hrme_']
[2026-06-06T15:50:16.027+0000] {standard_task_runner.py:91} INFO - Job 31: Subtask quality_check_processed
[2026-06-06T15:50:16.025+0000] {logging_mixin.py:188} WARNING - /home/***/.local/lib/python3.12/site-packages/***/task/task_runner/standard_task_runner.py:61 DeprecationWarning: This process (pid=1058) is multi-threaded, use of fork() may lead to deadlocks in the child.
[2026-06-06T15:50:16.030+0000] {standard_task_runner.py:63} INFO - Started process 1060 to run task
[2026-06-06T15:50:16.108+0000] {task_command.py:426} INFO - Running <TaskInstance: coingecko_etl.quality_check_processed manual__2026-06-06T15:50:01.418365+00:00 [running]> on host 4ebce9364341
[2026-06-06T15:50:16.223+0000] {taskinstance.py:2648} INFO - Exporting env vars: AIRFLOW_CTX_DAG_OWNER='data-engineering' AIRFLOW_CTX_DAG_ID='coingecko_etl' AIRFLOW_CTX_TASK_ID='quality_check_processed' AIRFLOW_CTX_EXECUTION_DATE='2026-06-06T15:50:01.418365+00:00' AIRFLOW_CTX_TRY_NUMBER='1' AIRFLOW_CTX_DAG_RUN_ID='manual__2026-06-06T15:50:01.418365+00:00'
[2026-06-06T15:50:16.226+0000] {taskinstance.py:430} INFO - ::endgroup::
[2026-06-06T15:50:16.261+0000] {base.py:84} INFO - Using connection ID 'minio_conn' for task execution.
[2026-06-06T15:50:16.263+0000] {connection_wrapper.py:384} INFO - AWS Connection (conn_id='minio_conn', conn_type='aws') credentials retrieved from login and password.
[2026-06-06T15:50:16.464+0000] {coingecko_top.py:156} INFO - Processed quality checks passed — 50 records
[2026-06-06T15:50:16.467+0000] {python.py:237} INFO - Done. Returned value was: None
[2026-06-06T15:50:16.468+0000] {taskinstance.py:441} INFO - ::group::Post task execution logs
[2026-06-06T15:50:16.489+0000] {taskinstance.py:1206} INFO - Marking task as SUCCESS. dag_id=coingecko_etl, task_id=quality_check_processed, run_id=manual__2026-06-06T15:50:01.418365+00:00, execution_date=20260606T155001, start_date=20260606T155015, end_date=20260606T155016
[2026-06-06T15:50:16.584+0000] {local_task_job_runner.py:240} INFO - Task exited with return code 0
[2026-06-06T15:50:16.603+0000] {logging_mixin.py:188} WARNING - /home/***/.local/lib/python3.12/site-packages/***/models/baseoperator.py:1296 AirflowProviderDeprecationWarning: Call to deprecated class PostgresOperator. (Please use `***.providers.common.sql.operators.sql.SQLExecuteQueryOperator`.Also, you can provide `hook_params={'schema': <database>}`.)
[2026-06-06T15:50:16.624+0000] {taskinstance.py:3498} INFO - 1 downstream tasks scheduled from follow-on schedule check
[2026-06-06T15:50:16.630+0000] {local_task_job_runner.py:222} INFO - ::endgroup::
