[2026-06-07T13:56:26.546+0000] {local_task_job_runner.py:123} INFO - ::group::Pre task execution logs
[2026-06-07T13:56:26.613+0000] {taskinstance.py:2614} INFO - Dependencies all met for dep_context=non-requeueable deps ti=<TaskInstance: coingecko_etl.quality_check_processed scheduled__2026-05-29T18:00:00+00:00 [queued]>
[2026-06-07T13:56:26.641+0000] {taskinstance.py:2614} INFO - Dependencies all met for dep_context=requeueable deps ti=<TaskInstance: coingecko_etl.quality_check_processed scheduled__2026-05-29T18:00:00+00:00 [queued]>
[2026-06-07T13:56:26.644+0000] {taskinstance.py:2867} INFO - Starting attempt 1 of 3
[2026-06-07T13:56:26.682+0000] {taskinstance.py:2890} INFO - Executing <Task(PythonOperator): quality_check_processed> on 2026-05-29 18:00:00+00:00
[2026-06-07T13:56:26.710+0000] {standard_task_runner.py:104} INFO - Running: ['***', 'tasks', 'run', 'coingecko_etl', 'quality_check_processed', 'scheduled__2026-05-29T18:00:00+00:00', '--job-id', '51', '--raw', '--subdir', 'DAGS_FOLDER/coingecko.py', '--cfg-path', '/tmp/tmptriiw6il']
[2026-06-07T13:56:26.718+0000] {standard_task_runner.py:105} INFO - Job 51: Subtask quality_check_processed
[2026-06-07T13:56:26.713+0000] {logging_mixin.py:190} WARNING - /home/***/.local/lib/python3.12/site-packages/***/task/task_runner/standard_task_runner.py:70 DeprecationWarning: This process (pid=480) is multi-threaded, use of fork() may lead to deadlocks in the child.
[2026-06-07T13:56:26.722+0000] {standard_task_runner.py:72} INFO - Started process 482 to run task
[2026-06-07T13:56:26.836+0000] {task_command.py:467} INFO - Running <TaskInstance: coingecko_etl.quality_check_processed scheduled__2026-05-29T18:00:00+00:00 [running]> on host 4bbe0590abd5
[2026-06-07T13:56:27.022+0000] {taskinstance.py:3134} INFO - Exporting env vars: AIRFLOW_CTX_DAG_OWNER='data-engineering' AIRFLOW_CTX_DAG_ID='coingecko_etl' AIRFLOW_CTX_TASK_ID='quality_check_processed' AIRFLOW_CTX_EXECUTION_DATE='2026-05-29T18:00:00+00:00' AIRFLOW_CTX_TRY_NUMBER='1' AIRFLOW_CTX_DAG_RUN_ID='scheduled__2026-05-29T18:00:00+00:00'
[2026-06-07T13:56:27.026+0000] {taskinstance.py:732} INFO - ::endgroup::
[2026-06-07T13:56:27.142+0000] {base.py:84} INFO - Retrieving connection 'minio_conn'
[2026-06-07T13:56:27.145+0000] {connection_wrapper.py:325} INFO - AWS Connection (conn_id='minio_conn', conn_type='aws') credentials retrieved from login and password.
[2026-06-07T13:56:28.205+0000] {coingecko.py:148} INFO - Processed QC passed: 50 records
[2026-06-07T13:56:28.236+0000] {python.py:240} INFO - Done. Returned value was: None
[2026-06-07T13:56:28.382+0000] {taskinstance.py:341} INFO - ::group::Post task execution logs
[2026-06-07T13:56:28.400+0000] {taskinstance.py:353} INFO - Marking task as SUCCESS. dag_id=coingecko_etl, task_id=quality_check_processed, run_id=scheduled__2026-05-29T18:00:00+00:00, execution_date=20260529T180000, start_date=20260607T135626, end_date=20260607T135628
[2026-06-07T13:56:28.512+0000] {local_task_job_runner.py:266} INFO - Task exited with return code 0
[2026-06-07T13:56:28.578+0000] {taskinstance.py:3901} INFO - 1 downstream tasks scheduled from follow-on schedule check
[2026-06-07T13:56:28.583+0000] {local_task_job_runner.py:245} INFO - ::endgroup::
