[2026-06-06T15:50:18.374+0000] {local_task_job_runner.py:120} INFO - ::group::Pre task execution logs
[2026-06-06T15:50:18.399+0000] {taskinstance.py:2076} INFO - Dependencies all met for dep_context=non-requeueable deps ti=<TaskInstance: coingecko_etl.create_table manual__2026-06-06T15:50:01.418365+00:00 [queued]>
[2026-06-06T15:50:18.412+0000] {taskinstance.py:2076} INFO - Dependencies all met for dep_context=requeueable deps ti=<TaskInstance: coingecko_etl.create_table manual__2026-06-06T15:50:01.418365+00:00 [queued]>
[2026-06-06T15:50:18.414+0000] {taskinstance.py:2306} INFO - Starting attempt 1 of 3
[2026-06-06T15:50:18.433+0000] {taskinstance.py:2330} INFO - Executing <Task(PostgresOperator): create_table> on 2026-06-06 15:50:01.418365+00:00
[2026-06-06T15:50:18.445+0000] {standard_task_runner.py:90} INFO - Running: ['***', 'tasks', 'run', 'coingecko_etl', 'create_table', 'manual__2026-06-06T15:50:01.418365+00:00', '--job-id', '32', '--raw', '--subdir', 'DAGS_FOLDER/coingecko_top.py', '--cfg-path', '/tmp/tmpdaxzd4kn']
[2026-06-06T15:50:18.449+0000] {standard_task_runner.py:91} INFO - Job 32: Subtask create_table
[2026-06-06T15:50:18.448+0000] {logging_mixin.py:188} WARNING - /home/***/.local/lib/python3.12/site-packages/***/task/task_runner/standard_task_runner.py:61 DeprecationWarning: This process (pid=1070) is multi-threaded, use of fork() may lead to deadlocks in the child.
[2026-06-06T15:50:18.452+0000] {standard_task_runner.py:63} INFO - Started process 1072 to run task
[2026-06-06T15:50:18.529+0000] {task_command.py:426} INFO - Running <TaskInstance: coingecko_etl.create_table manual__2026-06-06T15:50:01.418365+00:00 [running]> on host 4ebce9364341
[2026-06-06T15:50:18.647+0000] {taskinstance.py:2648} INFO - Exporting env vars: AIRFLOW_CTX_DAG_OWNER='data-engineering' AIRFLOW_CTX_DAG_ID='coingecko_etl' AIRFLOW_CTX_TASK_ID='create_table' AIRFLOW_CTX_EXECUTION_DATE='2026-06-06T15:50:01.418365+00:00' AIRFLOW_CTX_TRY_NUMBER='1' AIRFLOW_CTX_DAG_RUN_ID='manual__2026-06-06T15:50:01.418365+00:00'
[2026-06-06T15:50:18.650+0000] {taskinstance.py:430} INFO - ::endgroup::
[2026-06-06T15:50:18.665+0000] {sql.py:276} INFO - Executing: 
            CREATE TABLE IF NOT EXISTS coin_markets (
                id                   VARCHAR(100) PRIMARY KEY,
                symbol               VARCHAR(20)  NOT NULL,
                name                 VARCHAR(200) NOT NULL,
                current_price        NUMERIC(20, 8),
                total_volume         NUMERIC(30, 2),
                market_cap           NUMERIC(30, 2),
                price_change_pct_24h NUMERIC(10, 4),
                api_last_updated     TIMESTAMPTZ,
                volume_rank          INTEGER,
                etl_run_id           TEXT,
                etl_extracted_at     TIMESTAMPTZ,
                inserted_at          TIMESTAMPTZ DEFAULT NOW()
            );
        
[2026-06-06T15:50:18.686+0000] {base.py:84} INFO - Using connection ID 'postgres_default' for task execution.
[2026-06-06T15:50:18.707+0000] {base.py:84} INFO - Using connection ID 'postgres_default' for task execution.
[2026-06-06T15:50:18.721+0000] {sql.py:470} INFO - Running statement: 
            CREATE TABLE IF NOT EXISTS coin_markets (
                id                   VARCHAR(100) PRIMARY KEY,
                symbol               VARCHAR(20)  NOT NULL,
                name                 VARCHAR(200) NOT NULL,
                current_price        NUMERIC(20, 8),
                total_volume         NUMERIC(30, 2),
                market_cap           NUMERIC(30, 2),
                price_change_pct_24h NUMERIC(10, 4),
                api_last_updated     TIMESTAMPTZ,
                volume_rank          INTEGER,
                etl_run_id           TEXT,
                etl_extracted_at     TIMESTAMPTZ,
                inserted_at          TIMESTAMPTZ DEFAULT NOW()
            );
        , parameters: None
[2026-06-06T15:50:18.725+0000] {taskinstance.py:441} INFO - ::group::Post task execution logs
[2026-06-06T15:50:18.745+0000] {taskinstance.py:1206} INFO - Marking task as SUCCESS. dag_id=coingecko_etl, task_id=create_table, run_id=manual__2026-06-06T15:50:01.418365+00:00, execution_date=20260606T155001, start_date=20260606T155018, end_date=20260606T155018
[2026-06-06T15:50:18.801+0000] {local_task_job_runner.py:240} INFO - Task exited with return code 0
[2026-06-06T15:50:18.818+0000] {logging_mixin.py:188} WARNING - /home/***/.local/lib/python3.12/site-packages/***/models/baseoperator.py:1296 AirflowProviderDeprecationWarning: Call to deprecated class PostgresOperator. (Please use `***.providers.common.sql.operators.sql.SQLExecuteQueryOperator`.Also, you can provide `hook_params={'schema': <database>}`.)
[2026-06-06T15:50:18.838+0000] {taskinstance.py:3498} INFO - 1 downstream tasks scheduled from follow-on schedule check
[2026-06-06T15:50:18.844+0000] {local_task_job_runner.py:222} INFO - ::endgroup::
