[2026-06-07T15:06:03.212+0000] {local_task_job_runner.py:123} INFO - ::group::Pre task execution logs
[2026-06-07T15:06:03.243+0000] {taskinstance.py:2614} INFO - Dependencies all met for dep_context=non-requeueable deps ti=<TaskInstance: coingecko_etl.extract_raw manual__2026-06-07T14:49:25.228587+00:00 [queued]>
[2026-06-07T15:06:03.262+0000] {taskinstance.py:2614} INFO - Dependencies all met for dep_context=requeueable deps ti=<TaskInstance: coingecko_etl.extract_raw manual__2026-06-07T14:49:25.228587+00:00 [queued]>
[2026-06-07T15:06:03.264+0000] {taskinstance.py:2867} INFO - Starting attempt 1 of 3
[2026-06-07T15:06:03.286+0000] {taskinstance.py:2890} INFO - Executing <Task(PythonOperator): extract_raw> on 2026-06-07 14:49:25.228587+00:00
[2026-06-07T15:06:03.299+0000] {standard_task_runner.py:104} INFO - Running: ['***', 'tasks', 'run', 'coingecko_etl', 'extract_raw', 'manual__2026-06-07T14:49:25.228587+00:00', '--job-id', '89', '--raw', '--subdir', 'DAGS_FOLDER/coingecko.py', '--cfg-path', '/tmp/tmp5g1a1kc8']
[2026-06-07T15:06:03.302+0000] {logging_mixin.py:190} WARNING - /home/***/.local/lib/python3.12/site-packages/***/task/task_runner/standard_task_runner.py:70 DeprecationWarning: This process (pid=1510) is multi-threaded, use of fork() may lead to deadlocks in the child.
[2026-06-07T15:06:03.304+0000] {standard_task_runner.py:105} INFO - Job 89: Subtask extract_raw
[2026-06-07T15:06:03.306+0000] {standard_task_runner.py:72} INFO - Started process 1515 to run task
[2026-06-07T15:06:03.385+0000] {task_command.py:467} INFO - Running <TaskInstance: coingecko_etl.extract_raw manual__2026-06-07T14:49:25.228587+00:00 [running]> on host 4bbe0590abd5
[2026-06-07T15:06:03.513+0000] {taskinstance.py:3134} INFO - Exporting env vars: AIRFLOW_CTX_DAG_OWNER='data-engineering' AIRFLOW_CTX_DAG_ID='coingecko_etl' AIRFLOW_CTX_TASK_ID='extract_raw' AIRFLOW_CTX_EXECUTION_DATE='2026-06-07T14:49:25.228587+00:00' AIRFLOW_CTX_TRY_NUMBER='1' AIRFLOW_CTX_DAG_RUN_ID='manual__2026-06-07T14:49:25.228587+00:00'
[2026-06-07T15:06:03.517+0000] {taskinstance.py:732} INFO - ::endgroup::
[2026-06-07T15:06:03.548+0000] {coingecko.py:127} INFO - Fetching CoinGecko data...
[2026-06-07T15:06:04.097+0000] {base.py:84} INFO - Retrieving connection 'minio_conn'
[2026-06-07T15:06:04.100+0000] {connection_wrapper.py:325} INFO - AWS Connection (conn_id='minio_conn', conn_type='aws') credentials retrieved from login and password.
[2026-06-07T15:06:05.759+0000] {coingecko.py:135} INFO - Saved 50 coins → coingecko/manual__2026-06-07T14:49:25.228587+00:00/raw.json
[2026-06-07T15:06:05.795+0000] {python.py:240} INFO - Done. Returned value was: None
[2026-06-07T15:06:05.815+0000] {taskinstance.py:341} INFO - ::group::Post task execution logs
[2026-06-07T15:06:05.816+0000] {taskinstance.py:353} INFO - Marking task as SUCCESS. dag_id=coingecko_etl, task_id=extract_raw, run_id=manual__2026-06-07T14:49:25.228587+00:00, execution_date=20260607T144925, start_date=20260607T150603, end_date=20260607T150605
[2026-06-07T15:06:05.911+0000] {local_task_job_runner.py:266} INFO - Task exited with return code 0
[2026-06-07T15:06:05.957+0000] {taskinstance.py:3901} INFO - 1 downstream tasks scheduled from follow-on schedule check
[2026-06-07T15:06:05.967+0000] {local_task_job_runner.py:245} INFO - ::endgroup::
