[2026-06-07T15:09:14.136+0000] {local_task_job_runner.py:123} INFO - ::group::Pre task execution logs
[2026-06-07T15:09:14.208+0000] {taskinstance.py:2614} INFO - Dependencies all met for dep_context=non-requeueable deps ti=<TaskInstance: coingecko_etl.create_table manual__2026-06-07T14:49:25.228587+00:00 [queued]>
[2026-06-07T15:09:14.225+0000] {taskinstance.py:2614} INFO - Dependencies all met for dep_context=requeueable deps ti=<TaskInstance: coingecko_etl.create_table manual__2026-06-07T14:49:25.228587+00:00 [queued]>
[2026-06-07T15:09:14.227+0000] {taskinstance.py:2867} INFO - Starting attempt 1 of 3
[2026-06-07T15:09:14.258+0000] {taskinstance.py:2890} INFO - Executing <Task(PythonOperator): create_table> on 2026-06-07 14:49:25.228587+00:00
[2026-06-07T15:09:14.291+0000] {logging_mixin.py:190} WARNING - /home/***/.local/lib/python3.12/site-packages/***/task/task_runner/standard_task_runner.py:70 DeprecationWarning: This process (pid=1587) is multi-threaded, use of fork() may lead to deadlocks in the child.
[2026-06-07T15:09:14.293+0000] {standard_task_runner.py:72} INFO - Started process 1589 to run task
[2026-06-07T15:09:14.292+0000] {standard_task_runner.py:104} INFO - Running: ['***', 'tasks', 'run', 'coingecko_etl', 'create_table', 'manual__2026-06-07T14:49:25.228587+00:00', '--job-id', '98', '--raw', '--subdir', 'DAGS_FOLDER/coingecko.py', '--cfg-path', '/tmp/tmpfb7llc_o']
[2026-06-07T15:09:14.297+0000] {standard_task_runner.py:105} INFO - Job 98: Subtask create_table
[2026-06-07T15:09:14.632+0000] {task_command.py:467} INFO - Running <TaskInstance: coingecko_etl.create_table manual__2026-06-07T14:49:25.228587+00:00 [running]> on host 4bbe0590abd5
[2026-06-07T15:09:15.265+0000] {taskinstance.py:3134} INFO - Exporting env vars: AIRFLOW_CTX_DAG_OWNER='data-engineering' AIRFLOW_CTX_DAG_ID='coingecko_etl' AIRFLOW_CTX_TASK_ID='create_table' AIRFLOW_CTX_EXECUTION_DATE='2026-06-07T14:49:25.228587+00:00' AIRFLOW_CTX_TRY_NUMBER='1' AIRFLOW_CTX_DAG_RUN_ID='manual__2026-06-07T14:49:25.228587+00:00'
[2026-06-07T15:09:15.287+0000] {taskinstance.py:732} INFO - ::endgroup::
[2026-06-07T15:09:15.681+0000] {base.py:84} INFO - Retrieving connection 'postgres_default'
[2026-06-07T15:09:15.880+0000] {coingecko.py:118} INFO - Table 'coin_markets' ensured
[2026-06-07T15:09:15.930+0000] {python.py:240} INFO - Done. Returned value was: None
[2026-06-07T15:09:16.120+0000] {taskinstance.py:341} INFO - ::group::Post task execution logs
[2026-06-07T15:09:16.159+0000] {taskinstance.py:353} INFO - Marking task as SUCCESS. dag_id=coingecko_etl, task_id=create_table, run_id=manual__2026-06-07T14:49:25.228587+00:00, execution_date=20260607T144925, start_date=20260607T150914, end_date=20260607T150916
[2026-06-07T15:09:17.159+0000] {local_task_job_runner.py:266} INFO - Task exited with return code 0
[2026-06-07T15:09:17.332+0000] {taskinstance.py:3901} INFO - 1 downstream tasks scheduled from follow-on schedule check
[2026-06-07T15:09:17.364+0000] {local_task_job_runner.py:245} INFO - ::endgroup::
