[2026-06-07T13:46:21.932+0000] {local_task_job_runner.py:123} INFO - ::group::Pre task execution logs
[2026-06-07T13:46:21.958+0000] {taskinstance.py:2614} INFO - Dependencies all met for dep_context=non-requeueable deps ti=<TaskInstance: coingecko_etl.create_table manual__2026-06-07T13:46:03.079199+00:00 [queued]>
[2026-06-07T13:46:21.972+0000] {taskinstance.py:2614} INFO - Dependencies all met for dep_context=requeueable deps ti=<TaskInstance: coingecko_etl.create_table manual__2026-06-07T13:46:03.079199+00:00 [queued]>
[2026-06-07T13:46:21.973+0000] {taskinstance.py:2867} INFO - Starting attempt 1 of 3
[2026-06-07T13:46:21.991+0000] {taskinstance.py:2890} INFO - Executing <Task(PythonOperator): create_table> on 2026-06-07 13:46:03.079199+00:00
[2026-06-07T13:46:22.002+0000] {standard_task_runner.py:104} INFO - Running: ['***', 'tasks', 'run', 'coingecko_etl', 'create_table', 'manual__2026-06-07T13:46:03.079199+00:00', '--job-id', '46', '--raw', '--subdir', 'DAGS_FOLDER/coingecko.py', '--cfg-path', '/tmp/tmpgyn2afrw']
[2026-06-07T13:46:22.006+0000] {standard_task_runner.py:105} INFO - Job 46: Subtask create_table
[2026-06-07T13:46:22.004+0000] {logging_mixin.py:190} WARNING - /home/***/.local/lib/python3.12/site-packages/***/task/task_runner/standard_task_runner.py:70 DeprecationWarning: This process (pid=327) is multi-threaded, use of fork() may lead to deadlocks in the child.
[2026-06-07T13:46:22.009+0000] {standard_task_runner.py:72} INFO - Started process 329 to run task
[2026-06-07T13:46:22.084+0000] {task_command.py:467} INFO - Running <TaskInstance: coingecko_etl.create_table manual__2026-06-07T13:46:03.079199+00:00 [running]> on host 4bbe0590abd5
[2026-06-07T13:46:22.191+0000] {taskinstance.py:3134} INFO - Exporting env vars: AIRFLOW_CTX_DAG_OWNER='data-engineering' AIRFLOW_CTX_DAG_ID='coingecko_etl' AIRFLOW_CTX_TASK_ID='create_table' AIRFLOW_CTX_EXECUTION_DATE='2026-06-07T13:46:03.079199+00:00' AIRFLOW_CTX_TRY_NUMBER='1' AIRFLOW_CTX_DAG_RUN_ID='manual__2026-06-07T13:46:03.079199+00:00'
[2026-06-07T13:46:22.194+0000] {taskinstance.py:732} INFO - ::endgroup::
[2026-06-07T13:46:22.261+0000] {base.py:84} INFO - Retrieving connection 'postgres_default'
[2026-06-07T13:46:22.313+0000] {coingecko.py:71} INFO - Table 'coin_markets' ensured
[2026-06-07T13:46:22.315+0000] {python.py:240} INFO - Done. Returned value was: None
[2026-06-07T13:46:22.327+0000] {taskinstance.py:341} INFO - ::group::Post task execution logs
[2026-06-07T13:46:22.329+0000] {taskinstance.py:353} INFO - Marking task as SUCCESS. dag_id=coingecko_etl, task_id=create_table, run_id=manual__2026-06-07T13:46:03.079199+00:00, execution_date=20260607T134603, start_date=20260607T134621, end_date=20260607T134622
[2026-06-07T13:46:22.399+0000] {local_task_job_runner.py:266} INFO - Task exited with return code 0
[2026-06-07T13:46:22.441+0000] {taskinstance.py:3901} INFO - 1 downstream tasks scheduled from follow-on schedule check
[2026-06-07T13:46:22.447+0000] {local_task_job_runner.py:245} INFO - ::endgroup::
