[2026-06-07T15:16:19.597+0000] {local_task_job_runner.py:123} INFO - ::group::Pre task execution logs
[2026-06-07T15:16:19.637+0000] {taskinstance.py:2614} INFO - Dependencies all met for dep_context=non-requeueable deps ti=<TaskInstance: coingecko_etl.load_to_postgres manual__2026-06-07T14:49:25.228587+00:00 [queued]>
[2026-06-07T15:16:19.661+0000] {taskinstance.py:2614} INFO - Dependencies all met for dep_context=requeueable deps ti=<TaskInstance: coingecko_etl.load_to_postgres manual__2026-06-07T14:49:25.228587+00:00 [queued]>
[2026-06-07T15:16:19.663+0000] {taskinstance.py:2867} INFO - Starting attempt 2 of 3
[2026-06-07T15:16:19.692+0000] {taskinstance.py:2890} INFO - Executing <Task(PythonOperator): load_to_postgres> on 2026-06-07 14:49:25.228587+00:00
[2026-06-07T15:16:19.713+0000] {logging_mixin.py:190} WARNING - /home/***/.local/lib/python3.12/site-packages/***/task/task_runner/standard_task_runner.py:70 DeprecationWarning: This process (pid=1665) is multi-threaded, use of fork() may lead to deadlocks in the child.
[2026-06-07T15:16:19.716+0000] {standard_task_runner.py:72} INFO - Started process 1670 to run task
[2026-06-07T15:16:19.714+0000] {standard_task_runner.py:104} INFO - Running: ['***', 'tasks', 'run', 'coingecko_etl', 'load_to_postgres', 'manual__2026-06-07T14:49:25.228587+00:00', '--job-id', '101', '--raw', '--subdir', 'DAGS_FOLDER/coingecko.py', '--cfg-path', '/tmp/tmp1_6_eofi']
[2026-06-07T15:16:19.720+0000] {standard_task_runner.py:105} INFO - Job 101: Subtask load_to_postgres
[2026-06-07T15:16:19.837+0000] {task_command.py:467} INFO - Running <TaskInstance: coingecko_etl.load_to_postgres manual__2026-06-07T14:49:25.228587+00:00 [running]> on host 4bbe0590abd5
[2026-06-07T15:16:20.305+0000] {taskinstance.py:3134} INFO - Exporting env vars: AIRFLOW_CTX_DAG_OWNER='data-engineering' AIRFLOW_CTX_DAG_ID='coingecko_etl' AIRFLOW_CTX_TASK_ID='load_to_postgres' AIRFLOW_CTX_EXECUTION_DATE='2026-06-07T14:49:25.228587+00:00' AIRFLOW_CTX_TRY_NUMBER='2' AIRFLOW_CTX_DAG_RUN_ID='manual__2026-06-07T14:49:25.228587+00:00'
[2026-06-07T15:16:20.487+0000] {taskinstance.py:732} INFO - ::endgroup::
[2026-06-07T15:16:51.786+0000] {job.py:229} INFO - Heartbeat recovered after 32.33 seconds
[2026-06-07T15:16:51.890+0000] {base.py:84} INFO - Retrieving connection 'minio_conn'
[2026-06-07T15:16:51.902+0000] {connection_wrapper.py:325} INFO - AWS Connection (conn_id='minio_conn', conn_type='aws') credentials retrieved from login and password.
[2026-06-07T15:16:53.589+0000] {coingecko.py:258} INFO - Loading 50 rows to Postgres...
[2026-06-07T15:16:53.605+0000] {base.py:84} INFO - Retrieving connection 'postgres_default'
[2026-06-07T15:16:53.641+0000] {taskinstance.py:3313} ERROR - Task failed with exception
Traceback (most recent call last):
  File "/home/airflow/.local/lib/python3.12/site-packages/airflow/models/taskinstance.py", line 763, in _execute_task
    result = _execute_callable(context=context, **execute_callable_kwargs)
             ^^^^^^^^^^^^^^^^^^^^^^^^^^^^^^^^^^^^^^^^^^^^^^^^^^^^^^^^^^^^^
  File "/home/airflow/.local/lib/python3.12/site-packages/airflow/models/taskinstance.py", line 734, in _execute_callable
    return ExecutionCallableRunner(
           ^^^^^^^^^^^^^^^^^^^^^^^^
  File "/home/airflow/.local/lib/python3.12/site-packages/airflow/utils/operator_helpers.py", line 252, in run
    return self.func(*args, **kwargs)
           ^^^^^^^^^^^^^^^^^^^^^^^^^^
  File "/home/airflow/.local/lib/python3.12/site-packages/airflow/models/baseoperator.py", line 424, in wrapper
    return func(self, *args, **kwargs)
           ^^^^^^^^^^^^^^^^^^^^^^^^^^^
  File "/home/airflow/.local/lib/python3.12/site-packages/airflow/operators/python.py", line 238, in execute
    return_value = self.execute_callable()
                   ^^^^^^^^^^^^^^^^^^^^^^^
  File "/home/airflow/.local/lib/python3.12/site-packages/airflow/operators/python.py", line 256, in execute_callable
    return runner.run(*self.op_args, **self.op_kwargs)
           ^^^^^^^^^^^^^^^^^^^^^^^^^^^^^^^^^^^^^^^^^^^
  File "/home/airflow/.local/lib/python3.12/site-packages/airflow/utils/operator_helpers.py", line 252, in run
    return self.func(*args, **kwargs)
           ^^^^^^^^^^^^^^^^^^^^^^^^^^
  File "/opt/airflow/dags/coingecko.py", line 289, in load_to_postgres
    cur.executemany(upsert_sql, df.to_dict(orient="records"))
psycopg2.errors.UndefinedColumn: column "subset" of relation "coin_markets" does not exist
LINE 4: ...price_change_pct_24h, api_last_updated, volume_rank, subset,
                                                                ^

[2026-06-07T15:16:53.679+0000] {taskinstance.py:1226} INFO - Marking task as UP_FOR_RETRY. dag_id=coingecko_etl, task_id=load_to_postgres, run_id=manual__2026-06-07T14:49:25.228587+00:00, execution_date=20260607T144925, start_date=20260607T151619, end_date=20260607T151653
[2026-06-07T15:16:53.738+0000] {taskinstance.py:341} INFO - ::group::Post task execution logs
[2026-06-07T15:16:53.740+0000] {standard_task_runner.py:124} ERROR - Failed to execute job 101 for task load_to_postgres (column "subset" of relation "coin_markets" does not exist
LINE 4: ...price_change_pct_24h, api_last_updated, volume_rank, subset,
                                                                ^
; 1670)
Traceback (most recent call last):
  File "/home/airflow/.local/lib/python3.12/site-packages/airflow/task/task_runner/standard_task_runner.py", line 117, in _start_by_fork
    ret = args.func(args, dag=self.dag)
          ^^^^^^^^^^^^^^^^^^^^^^^^^^^^^
  File "/home/airflow/.local/lib/python3.12/site-packages/airflow/cli/cli_config.py", line 49, in command
    return func(*args, **kwargs)
           ^^^^^^^^^^^^^^^^^^^^^
  File "/home/airflow/.local/lib/python3.12/site-packages/airflow/utils/cli.py", line 116, in wrapper
    return f(*args, **kwargs)
           ^^^^^^^^^^^^^^^^^^
  File "/home/airflow/.local/lib/python3.12/site-packages/airflow/cli/commands/task_command.py", line 483, in task_run
    task_return_code = _run_task_by_selected_method(args, _dag, ti)
                       ^^^^^^^^^^^^^^^^^^^^^^^^^^^^^^^^^^^^^^^^^^^^
  File "/home/airflow/.local/lib/python3.12/site-packages/airflow/cli/commands/task_command.py", line 256, in _run_task_by_selected_method
    return _run_raw_task(args, ti)
           ^^^^^^^^^^^^^^^^^^^^^^^
  File "/home/airflow/.local/lib/python3.12/site-packages/airflow/cli/commands/task_command.py", line 341, in _run_raw_task
    return ti._run_raw_task(
           ^^^^^^^^^^^^^^^^^
  File "/home/airflow/.local/lib/python3.12/site-packages/airflow/utils/session.py", line 97, in wrapper
    return func(*args, session=session, **kwargs)
           ^^^^^^^^^^^^^^^^^^^^^^^^^^^^^^^^^^^^^^
  File "/home/airflow/.local/lib/python3.12/site-packages/airflow/models/taskinstance.py", line 3006, in _run_raw_task
    return _run_raw_task(
           ^^^^^^^^^^^^^^
  File "/home/airflow/.local/lib/python3.12/site-packages/airflow/models/taskinstance.py", line 274, in _run_raw_task
    TaskInstance._execute_task_with_callbacks(
  File "/home/airflow/.local/lib/python3.12/site-packages/airflow/models/taskinstance.py", line 3161, in _execute_task_with_callbacks
    result = self._execute_task(context, task_orig)
             ^^^^^^^^^^^^^^^^^^^^^^^^^^^^^^^^^^^^^^
  File "/home/airflow/.local/lib/python3.12/site-packages/airflow/models/taskinstance.py", line 3185, in _execute_task
    return _execute_task(self, context, task_orig)
           ^^^^^^^^^^^^^^^^^^^^^^^^^^^^^^^^^^^^^^^
  File "/home/airflow/.local/lib/python3.12/site-packages/airflow/models/taskinstance.py", line 763, in _execute_task
    result = _execute_callable(context=context, **execute_callable_kwargs)
             ^^^^^^^^^^^^^^^^^^^^^^^^^^^^^^^^^^^^^^^^^^^^^^^^^^^^^^^^^^^^^
  File "/home/airflow/.local/lib/python3.12/site-packages/airflow/models/taskinstance.py", line 734, in _execute_callable
    return ExecutionCallableRunner(
           ^^^^^^^^^^^^^^^^^^^^^^^^
  File "/home/airflow/.local/lib/python3.12/site-packages/airflow/utils/operator_helpers.py", line 252, in run
    return self.func(*args, **kwargs)
           ^^^^^^^^^^^^^^^^^^^^^^^^^^
  File "/home/airflow/.local/lib/python3.12/site-packages/airflow/models/baseoperator.py", line 424, in wrapper
    return func(self, *args, **kwargs)
           ^^^^^^^^^^^^^^^^^^^^^^^^^^^
  File "/home/airflow/.local/lib/python3.12/site-packages/airflow/operators/python.py", line 238, in execute
    return_value = self.execute_callable()
                   ^^^^^^^^^^^^^^^^^^^^^^^
  File "/home/airflow/.local/lib/python3.12/site-packages/airflow/operators/python.py", line 256, in execute_callable
    return runner.run(*self.op_args, **self.op_kwargs)
           ^^^^^^^^^^^^^^^^^^^^^^^^^^^^^^^^^^^^^^^^^^^
  File "/home/airflow/.local/lib/python3.12/site-packages/airflow/utils/operator_helpers.py", line 252, in run
    return self.func(*args, **kwargs)
           ^^^^^^^^^^^^^^^^^^^^^^^^^^
  File "/opt/airflow/dags/coingecko.py", line 289, in load_to_postgres
    cur.executemany(upsert_sql, df.to_dict(orient="records"))
psycopg2.errors.UndefinedColumn: column "subset" of relation "coin_markets" does not exist
LINE 4: ...price_change_pct_24h, api_last_updated, volume_rank, subset,
                                                                ^

[2026-06-07T15:16:53.798+0000] {local_task_job_runner.py:266} INFO - Task exited with return code 1
[2026-06-07T15:16:53.835+0000] {taskinstance.py:3901} INFO - 0 downstream tasks scheduled from follow-on schedule check
[2026-06-07T15:16:53.841+0000] {local_task_job_runner.py:245} INFO - ::endgroup::
