[2026-06-07T15:18:42.398+0000] {local_task_job_runner.py:123} INFO - ::group::Pre task execution logs
[2026-06-07T15:18:42.426+0000] {taskinstance.py:2614} INFO - Dependencies all met for dep_context=non-requeueable deps ti=<TaskInstance: coingecko_etl.branch_on_quality manual__2026-06-07T15:13:25.838262+00:00 [queued]>
[2026-06-07T15:18:42.441+0000] {taskinstance.py:2614} INFO - Dependencies all met for dep_context=requeueable deps ti=<TaskInstance: coingecko_etl.branch_on_quality manual__2026-06-07T15:13:25.838262+00:00 [queued]>
[2026-06-07T15:18:42.443+0000] {taskinstance.py:2867} INFO - Starting attempt 1 of 3
[2026-06-07T15:18:42.467+0000] {taskinstance.py:2890} INFO - Executing <Task(BranchPythonOperator): branch_on_quality> on 2026-06-07 15:13:25.838262+00:00
[2026-06-07T15:18:42.479+0000] {logging_mixin.py:190} WARNING - /home/***/.local/lib/python3.12/site-packages/***/task/task_runner/standard_task_runner.py:70 DeprecationWarning: This process (pid=1724) is multi-threaded, use of fork() may lead to deadlocks in the child.
[2026-06-07T15:18:42.479+0000] {standard_task_runner.py:104} INFO - Running: ['***', 'tasks', 'run', 'coingecko_etl', 'branch_on_quality', 'manual__2026-06-07T15:13:25.838262+00:00', '--job-id', '107', '--raw', '--subdir', 'DAGS_FOLDER/coingecko.py', '--cfg-path', '/tmp/tmpds2hy5rk']
[2026-06-07T15:18:42.481+0000] {standard_task_runner.py:72} INFO - Started process 1726 to run task
[2026-06-07T15:18:42.482+0000] {standard_task_runner.py:105} INFO - Job 107: Subtask branch_on_quality
[2026-06-07T15:18:42.558+0000] {task_command.py:467} INFO - Running <TaskInstance: coingecko_etl.branch_on_quality manual__2026-06-07T15:13:25.838262+00:00 [running]> on host 4bbe0590abd5
[2026-06-07T15:18:42.661+0000] {taskinstance.py:3134} INFO - Exporting env vars: AIRFLOW_CTX_DAG_OWNER='data-engineering' AIRFLOW_CTX_DAG_ID='coingecko_etl' AIRFLOW_CTX_TASK_ID='branch_on_quality' AIRFLOW_CTX_EXECUTION_DATE='2026-06-07T15:13:25.838262+00:00' AIRFLOW_CTX_TRY_NUMBER='1' AIRFLOW_CTX_DAG_RUN_ID='manual__2026-06-07T15:13:25.838262+00:00'
[2026-06-07T15:18:42.664+0000] {taskinstance.py:732} INFO - ::endgroup::
[2026-06-07T15:18:42.687+0000] {baseoperator.py:423} WARNING - BranchPythonOperator.execute cannot be called outside TaskInstance!
[2026-06-07T15:18:42.701+0000] {coingecko.py:245} INFO - Branch → load path
[2026-06-07T15:18:42.702+0000] {python.py:240} INFO - Done. Returned value was: create_table
[2026-06-07T15:18:42.704+0000] {branch.py:38} INFO - Branch into create_table
[2026-06-07T15:18:42.705+0000] {skipmixin.py:233} INFO - Following branch ('create_table',)
[2026-06-07T15:18:42.718+0000] {skipmixin.py:281} INFO - Skipping tasks [('quarantine_alert', -1)]
[2026-06-07T15:18:42.763+0000] {taskinstance.py:341} INFO - ::group::Post task execution logs
[2026-06-07T15:18:42.764+0000] {taskinstance.py:353} INFO - Marking task as SUCCESS. dag_id=coingecko_etl, task_id=branch_on_quality, run_id=manual__2026-06-07T15:13:25.838262+00:00, execution_date=20260607T151325, start_date=20260607T151842, end_date=20260607T151842
[2026-06-07T15:18:42.830+0000] {local_task_job_runner.py:266} INFO - Task exited with return code 0
[2026-06-07T15:18:42.875+0000] {taskinstance.py:3901} INFO - 1 downstream tasks scheduled from follow-on schedule check
[2026-06-07T15:18:42.881+0000] {local_task_job_runner.py:245} INFO - ::endgroup::
