[2026-06-06T14:57:27.473+0000] {local_task_job_runner.py:120} INFO - ::group::Pre task execution logs
[2026-06-06T14:57:27.510+0000] {taskinstance.py:2076} INFO - Dependencies all met for dep_context=non-requeueable deps ti=<TaskInstance: coingecko_etl.transform manual__2026-06-06T14:57:16.503044+00:00 [queued]>
[2026-06-06T14:57:27.522+0000] {taskinstance.py:2076} INFO - Dependencies all met for dep_context=requeueable deps ti=<TaskInstance: coingecko_etl.transform manual__2026-06-06T14:57:16.503044+00:00 [queued]>
[2026-06-06T14:57:27.524+0000] {taskinstance.py:2306} INFO - Starting attempt 1 of 3
[2026-06-06T14:57:27.543+0000] {taskinstance.py:2330} INFO - Executing <Task(PythonOperator): transform> on 2026-06-06 14:57:16.503044+00:00
[2026-06-06T14:57:27.553+0000] {standard_task_runner.py:90} INFO - Running: ['***', 'tasks', 'run', 'coingecko_etl', 'transform', 'manual__2026-06-06T14:57:16.503044+00:00', '--job-id', '5', '--raw', '--subdir', 'DAGS_FOLDER/coingecko_top.py', '--cfg-path', '/tmp/tmpb87zq41c']
[2026-06-06T14:57:27.555+0000] {logging_mixin.py:188} WARNING - /home/***/.local/lib/python3.12/site-packages/***/task/task_runner/standard_task_runner.py:61 DeprecationWarning: This process (pid=224) is multi-threaded, use of fork() may lead to deadlocks in the child.
[2026-06-06T14:57:27.556+0000] {standard_task_runner.py:91} INFO - Job 5: Subtask transform
[2026-06-06T14:57:27.558+0000] {standard_task_runner.py:63} INFO - Started process 226 to run task
[2026-06-06T14:57:27.623+0000] {task_command.py:426} INFO - Running <TaskInstance: coingecko_etl.transform manual__2026-06-06T14:57:16.503044+00:00 [running]> on host 4ebce9364341
[2026-06-06T14:57:27.899+0000] {taskinstance.py:2648} INFO - Exporting env vars: AIRFLOW_CTX_DAG_OWNER='data-engineering' AIRFLOW_CTX_DAG_ID='coingecko_etl' AIRFLOW_CTX_TASK_ID='transform' AIRFLOW_CTX_EXECUTION_DATE='2026-06-06T14:57:16.503044+00:00' AIRFLOW_CTX_TRY_NUMBER='1' AIRFLOW_CTX_DAG_RUN_ID='manual__2026-06-06T14:57:16.503044+00:00'
[2026-06-06T14:57:27.901+0000] {taskinstance.py:430} INFO - ::endgroup::
[2026-06-06T14:57:28.106+0000] {coingecko_top.py:165} INFO - Transformed 50 records
[2026-06-06T14:57:28.108+0000] {coingecko_top.py:166} INFO - Top 5 by volume:
  symbol  total_volume  price_change_pct_24h
0   usdt   92323440746               0.01906
1    btc   58190937180               0.15304
2    eth   30721935864              -2.37106
3   usdc   22052671743               0.00368
4    sol    5457094604              -3.84645
[2026-06-06T14:57:28.231+0000] {coingecko_top.py:175} INFO - Processed parquet saved to s3://processed/coingecko/manual__2026-06-06T14:57:16.503044+00:00/processed.parquet
[2026-06-06T14:57:28.234+0000] {python.py:237} INFO - Done. Returned value was: None
[2026-06-06T14:57:28.235+0000] {taskinstance.py:441} INFO - ::group::Post task execution logs
[2026-06-06T14:57:28.249+0000] {taskinstance.py:1206} INFO - Marking task as SUCCESS. dag_id=coingecko_etl, task_id=transform, run_id=manual__2026-06-06T14:57:16.503044+00:00, execution_date=20260606T145716, start_date=20260606T145727, end_date=20260606T145728
[2026-06-06T14:57:28.317+0000] {local_task_job_runner.py:240} INFO - Task exited with return code 0
[2026-06-06T14:57:28.349+0000] {taskinstance.py:3498} INFO - 1 downstream tasks scheduled from follow-on schedule check
[2026-06-06T14:57:28.355+0000] {local_task_job_runner.py:222} INFO - ::endgroup::
