[2026-06-07T15:16:14.173+0000] {local_task_job_runner.py:123} INFO - ::group::Pre task execution logs
[2026-06-07T15:16:14.219+0000] {taskinstance.py:2614} INFO - Dependencies all met for dep_context=non-requeueable deps ti=<TaskInstance: coingecko_etl.wait_for_market_settle manual__2026-06-07T15:13:25.838262+00:00 [queued]>
[2026-06-07T15:16:14.241+0000] {taskinstance.py:2614} INFO - Dependencies all met for dep_context=requeueable deps ti=<TaskInstance: coingecko_etl.wait_for_market_settle manual__2026-06-07T15:13:25.838262+00:00 [queued]>
[2026-06-07T15:16:14.243+0000] {taskinstance.py:2867} INFO - Starting attempt 1 of 3
[2026-06-07T15:16:14.273+0000] {taskinstance.py:2890} INFO - Executing <Task(PythonSensor): wait_for_market_settle> on 2026-06-07 15:13:25.838262+00:00
[2026-06-07T15:16:14.296+0000] {logging_mixin.py:190} WARNING - /home/***/.local/lib/python3.12/site-packages/***/task/task_runner/standard_task_runner.py:70 DeprecationWarning: This process (pid=1658) is multi-threaded, use of fork() may lead to deadlocks in the child.
[2026-06-07T15:16:14.299+0000] {standard_task_runner.py:72} INFO - Started process 1663 to run task
[2026-06-07T15:16:14.297+0000] {standard_task_runner.py:104} INFO - Running: ['***', 'tasks', 'run', 'coingecko_etl', 'wait_for_market_settle', 'manual__2026-06-07T15:13:25.838262+00:00', '--job-id', '100', '--raw', '--subdir', 'DAGS_FOLDER/coingecko.py', '--cfg-path', '/tmp/tmp02_ixnmq']
[2026-06-07T15:16:14.303+0000] {standard_task_runner.py:105} INFO - Job 100: Subtask wait_for_market_settle
[2026-06-07T15:16:14.437+0000] {task_command.py:467} INFO - Running <TaskInstance: coingecko_etl.wait_for_market_settle manual__2026-06-07T15:13:25.838262+00:00 [running]> on host 4bbe0590abd5
[2026-06-07T15:16:14.613+0000] {taskinstance.py:3134} INFO - Exporting env vars: AIRFLOW_CTX_DAG_OWNER='data-engineering' AIRFLOW_CTX_DAG_ID='coingecko_etl' AIRFLOW_CTX_TASK_ID='wait_for_market_settle' AIRFLOW_CTX_EXECUTION_DATE='2026-06-07T15:13:25.838262+00:00' AIRFLOW_CTX_TRY_NUMBER='1' AIRFLOW_CTX_DAG_RUN_ID='manual__2026-06-07T15:13:25.838262+00:00'
[2026-06-07T15:16:14.615+0000] {taskinstance.py:732} INFO - ::endgroup::
[2026-06-07T15:16:14.706+0000] {python.py:75} INFO - Poking callable: <function wait_for_market_settle at 0x7f72b42c07c0>
[2026-06-07T15:16:14.711+0000] {coingecko.py:322} INFO - Manual / test run detected → skipping market settle wait
[2026-06-07T15:16:14.714+0000] {base.py:339} INFO - Success criteria met. Exiting.
[2026-06-07T15:16:14.852+0000] {taskinstance.py:341} INFO - ::group::Post task execution logs
[2026-06-07T15:16:14.916+0000] {taskinstance.py:353} INFO - Marking task as SUCCESS. dag_id=coingecko_etl, task_id=wait_for_market_settle, run_id=manual__2026-06-07T15:13:25.838262+00:00, execution_date=20260607T151325, start_date=20260607T151614, end_date=20260607T151614
[2026-06-07T15:16:15.563+0000] {local_task_job_runner.py:266} INFO - Task exited with return code 0
[2026-06-07T15:16:15.712+0000] {taskinstance.py:3901} INFO - 0 downstream tasks scheduled from follow-on schedule check
[2026-06-07T15:16:15.743+0000] {local_task_job_runner.py:245} INFO - ::endgroup::
