[2026-06-07T14:49:30.404+0000] {local_task_job_runner.py:123} INFO - ::group::Pre task execution logs
[2026-06-07T14:49:30.438+0000] {taskinstance.py:2614} INFO - Dependencies all met for dep_context=non-requeueable deps ti=<TaskInstance: coingecko_etl.wait_until_market_settled manual__2026-06-07T14:49:25.228587+00:00 [queued]>
[2026-06-07T14:49:30.454+0000] {taskinstance.py:2614} INFO - Dependencies all met for dep_context=requeueable deps ti=<TaskInstance: coingecko_etl.wait_until_market_settled manual__2026-06-07T14:49:25.228587+00:00 [queued]>
[2026-06-07T14:49:30.456+0000] {taskinstance.py:2867} INFO - Starting attempt 1 of 3
[2026-06-07T14:49:30.480+0000] {taskinstance.py:2890} INFO - Executing <Task(TimeSensor): wait_until_market_settled> on 2026-06-07 14:49:25.228587+00:00
[2026-06-07T14:49:30.494+0000] {standard_task_runner.py:104} INFO - Running: ['***', 'tasks', 'run', 'coingecko_etl', 'wait_until_market_settled', 'manual__2026-06-07T14:49:25.228587+00:00', '--job-id', '55', '--raw', '--subdir', 'DAGS_FOLDER/coingecko.py', '--cfg-path', '/tmp/tmp0fhvcdve']
[2026-06-07T14:49:30.498+0000] {standard_task_runner.py:105} INFO - Job 55: Subtask wait_until_market_settled
[2026-06-07T14:49:30.501+0000] {logging_mixin.py:190} WARNING - /home/***/.local/lib/python3.12/site-packages/***/task/task_runner/standard_task_runner.py:70 DeprecationWarning: This process (pid=1204) is multi-threaded, use of fork() may lead to deadlocks in the child.
[2026-06-07T14:49:30.503+0000] {standard_task_runner.py:72} INFO - Started process 1208 to run task
[2026-06-07T14:49:30.598+0000] {task_command.py:467} INFO - Running <TaskInstance: coingecko_etl.wait_until_market_settled manual__2026-06-07T14:49:25.228587+00:00 [running]> on host 4bbe0590abd5
[2026-06-07T14:49:31.021+0000] {taskinstance.py:3134} INFO - Exporting env vars: AIRFLOW_CTX_DAG_OWNER='data-engineering' AIRFLOW_CTX_DAG_ID='coingecko_etl' AIRFLOW_CTX_TASK_ID='wait_until_market_settled' AIRFLOW_CTX_EXECUTION_DATE='2026-06-07T14:49:25.228587+00:00' AIRFLOW_CTX_TRY_NUMBER='1' AIRFLOW_CTX_DAG_RUN_ID='manual__2026-06-07T14:49:25.228587+00:00'
[2026-06-07T14:49:31.025+0000] {taskinstance.py:732} INFO - ::endgroup::
[2026-06-07T14:49:31.074+0000] {time_sensor.py:49} INFO - Checking if the time (17:55:00) has come
[2026-06-07T14:49:31.111+0000] {taskinstance.py:310} INFO - Rescheduling task, marking task as UP_FOR_RESCHEDULE
[2026-06-07T14:49:31.114+0000] {taskinstance.py:341} INFO - ::group::Post task execution logs
[2026-06-07T14:49:31.145+0000] {local_task_job_runner.py:266} INFO - Task exited with return code 0
[2026-06-07T14:49:31.186+0000] {taskinstance.py:3901} INFO - 0 downstream tasks scheduled from follow-on schedule check
[2026-06-07T14:49:31.192+0000] {local_task_job_runner.py:245} INFO - ::endgroup::
[2026-06-07T14:50:34.008+0000] {local_task_job_runner.py:123} INFO - ::group::Pre task execution logs
[2026-06-07T14:50:34.035+0000] {taskinstance.py:2614} INFO - Dependencies all met for dep_context=non-requeueable deps ti=<TaskInstance: coingecko_etl.wait_until_market_settled manual__2026-06-07T14:49:25.228587+00:00 [queued]>
[2026-06-07T14:50:34.046+0000] {taskinstance.py:2614} INFO - Dependencies all met for dep_context=requeueable deps ti=<TaskInstance: coingecko_etl.wait_until_market_settled manual__2026-06-07T14:49:25.228587+00:00 [queued]>
[2026-06-07T14:50:34.047+0000] {taskinstance.py:2867} INFO - Starting attempt 1 of 3
[2026-06-07T14:50:34.063+0000] {taskinstance.py:2890} INFO - Executing <Task(TimeSensor): wait_until_market_settled> on 2026-06-07 14:49:25.228587+00:00
[2026-06-07T14:50:34.075+0000] {standard_task_runner.py:104} INFO - Running: ['***', 'tasks', 'run', 'coingecko_etl', 'wait_until_market_settled', 'manual__2026-06-07T14:49:25.228587+00:00', '--job-id', '58', '--raw', '--subdir', 'DAGS_FOLDER/coingecko.py', '--cfg-path', '/tmp/tmpgfphfd4p']
[2026-06-07T14:50:34.076+0000] {logging_mixin.py:190} WARNING - /home/***/.local/lib/python3.12/site-packages/***/task/task_runner/standard_task_runner.py:70 DeprecationWarning: This process (pid=1228) is multi-threaded, use of fork() may lead to deadlocks in the child.
[2026-06-07T14:50:34.079+0000] {standard_task_runner.py:105} INFO - Job 58: Subtask wait_until_market_settled
[2026-06-07T14:50:34.080+0000] {standard_task_runner.py:72} INFO - Started process 1230 to run task
[2026-06-07T14:50:34.153+0000] {task_command.py:467} INFO - Running <TaskInstance: coingecko_etl.wait_until_market_settled manual__2026-06-07T14:49:25.228587+00:00 [running]> on host 4bbe0590abd5
[2026-06-07T14:50:34.280+0000] {taskinstance.py:3134} INFO - Exporting env vars: AIRFLOW_CTX_DAG_OWNER='data-engineering' AIRFLOW_CTX_DAG_ID='coingecko_etl' AIRFLOW_CTX_TASK_ID='wait_until_market_settled' AIRFLOW_CTX_EXECUTION_DATE='2026-06-07T14:49:25.228587+00:00' AIRFLOW_CTX_TRY_NUMBER='1' AIRFLOW_CTX_DAG_RUN_ID='manual__2026-06-07T14:49:25.228587+00:00'
[2026-06-07T14:50:34.283+0000] {taskinstance.py:732} INFO - ::endgroup::
[2026-06-07T14:50:34.327+0000] {time_sensor.py:49} INFO - Checking if the time (17:55:00) has come
[2026-06-07T14:50:34.355+0000] {taskinstance.py:310} INFO - Rescheduling task, marking task as UP_FOR_RESCHEDULE
[2026-06-07T14:50:34.357+0000] {taskinstance.py:341} INFO - ::group::Post task execution logs
[2026-06-07T14:50:34.390+0000] {local_task_job_runner.py:266} INFO - Task exited with return code 0
[2026-06-07T14:50:34.426+0000] {taskinstance.py:3901} INFO - 0 downstream tasks scheduled from follow-on schedule check
[2026-06-07T14:50:34.433+0000] {local_task_job_runner.py:245} INFO - ::endgroup::
[2026-06-07T14:51:36.647+0000] {local_task_job_runner.py:123} INFO - ::group::Pre task execution logs
[2026-06-07T14:51:36.675+0000] {taskinstance.py:2614} INFO - Dependencies all met for dep_context=non-requeueable deps ti=<TaskInstance: coingecko_etl.wait_until_market_settled manual__2026-06-07T14:49:25.228587+00:00 [queued]>
[2026-06-07T14:51:36.688+0000] {taskinstance.py:2614} INFO - Dependencies all met for dep_context=requeueable deps ti=<TaskInstance: coingecko_etl.wait_until_market_settled manual__2026-06-07T14:49:25.228587+00:00 [queued]>
[2026-06-07T14:51:36.689+0000] {taskinstance.py:2867} INFO - Starting attempt 1 of 3
[2026-06-07T14:51:36.706+0000] {taskinstance.py:2890} INFO - Executing <Task(TimeSensor): wait_until_market_settled> on 2026-06-07 14:49:25.228587+00:00
[2026-06-07T14:51:36.718+0000] {standard_task_runner.py:104} INFO - Running: ['***', 'tasks', 'run', 'coingecko_etl', 'wait_until_market_settled', 'manual__2026-06-07T14:49:25.228587+00:00', '--job-id', '60', '--raw', '--subdir', 'DAGS_FOLDER/coingecko.py', '--cfg-path', '/tmp/tmpyoajyn_7']
[2026-06-07T14:51:36.722+0000] {standard_task_runner.py:105} INFO - Job 60: Subtask wait_until_market_settled
[2026-06-07T14:51:36.720+0000] {logging_mixin.py:190} WARNING - /home/***/.local/lib/python3.12/site-packages/***/task/task_runner/standard_task_runner.py:70 DeprecationWarning: This process (pid=1248) is multi-threaded, use of fork() may lead to deadlocks in the child.
[2026-06-07T14:51:36.723+0000] {standard_task_runner.py:72} INFO - Started process 1250 to run task
[2026-06-07T14:51:36.798+0000] {task_command.py:467} INFO - Running <TaskInstance: coingecko_etl.wait_until_market_settled manual__2026-06-07T14:49:25.228587+00:00 [running]> on host 4bbe0590abd5
[2026-06-07T14:51:36.918+0000] {taskinstance.py:3134} INFO - Exporting env vars: AIRFLOW_CTX_DAG_OWNER='data-engineering' AIRFLOW_CTX_DAG_ID='coingecko_etl' AIRFLOW_CTX_TASK_ID='wait_until_market_settled' AIRFLOW_CTX_EXECUTION_DATE='2026-06-07T14:49:25.228587+00:00' AIRFLOW_CTX_TRY_NUMBER='1' AIRFLOW_CTX_DAG_RUN_ID='manual__2026-06-07T14:49:25.228587+00:00'
[2026-06-07T14:51:36.922+0000] {taskinstance.py:732} INFO - ::endgroup::
[2026-06-07T14:51:36.976+0000] {time_sensor.py:49} INFO - Checking if the time (17:55:00) has come
[2026-06-07T14:51:37.017+0000] {taskinstance.py:310} INFO - Rescheduling task, marking task as UP_FOR_RESCHEDULE
[2026-06-07T14:51:37.019+0000] {taskinstance.py:341} INFO - ::group::Post task execution logs
[2026-06-07T14:51:37.075+0000] {local_task_job_runner.py:266} INFO - Task exited with return code 0
[2026-06-07T14:51:37.117+0000] {taskinstance.py:3901} INFO - 0 downstream tasks scheduled from follow-on schedule check
[2026-06-07T14:51:37.122+0000] {local_task_job_runner.py:245} INFO - ::endgroup::
[2026-06-07T14:52:38.848+0000] {local_task_job_runner.py:123} INFO - ::group::Pre task execution logs
[2026-06-07T14:52:38.874+0000] {taskinstance.py:2614} INFO - Dependencies all met for dep_context=non-requeueable deps ti=<TaskInstance: coingecko_etl.wait_until_market_settled manual__2026-06-07T14:49:25.228587+00:00 [queued]>
[2026-06-07T14:52:38.887+0000] {taskinstance.py:2614} INFO - Dependencies all met for dep_context=requeueable deps ti=<TaskInstance: coingecko_etl.wait_until_market_settled manual__2026-06-07T14:49:25.228587+00:00 [queued]>
[2026-06-07T14:52:38.888+0000] {taskinstance.py:2867} INFO - Starting attempt 1 of 3
[2026-06-07T14:52:38.908+0000] {taskinstance.py:2890} INFO - Executing <Task(TimeSensor): wait_until_market_settled> on 2026-06-07 14:49:25.228587+00:00
[2026-06-07T14:52:38.920+0000] {standard_task_runner.py:104} INFO - Running: ['***', 'tasks', 'run', 'coingecko_etl', 'wait_until_market_settled', 'manual__2026-06-07T14:49:25.228587+00:00', '--job-id', '62', '--raw', '--subdir', 'DAGS_FOLDER/coingecko.py', '--cfg-path', '/tmp/tmp_5sipeo4']
[2026-06-07T14:52:38.924+0000] {standard_task_runner.py:105} INFO - Job 62: Subtask wait_until_market_settled
[2026-06-07T14:52:38.922+0000] {logging_mixin.py:190} WARNING - /home/***/.local/lib/python3.12/site-packages/***/task/task_runner/standard_task_runner.py:70 DeprecationWarning: This process (pid=1268) is multi-threaded, use of fork() may lead to deadlocks in the child.
[2026-06-07T14:52:38.926+0000] {standard_task_runner.py:72} INFO - Started process 1270 to run task
[2026-06-07T14:52:38.998+0000] {task_command.py:467} INFO - Running <TaskInstance: coingecko_etl.wait_until_market_settled manual__2026-06-07T14:49:25.228587+00:00 [running]> on host 4bbe0590abd5
[2026-06-07T14:52:39.098+0000] {taskinstance.py:3134} INFO - Exporting env vars: AIRFLOW_CTX_DAG_OWNER='data-engineering' AIRFLOW_CTX_DAG_ID='coingecko_etl' AIRFLOW_CTX_TASK_ID='wait_until_market_settled' AIRFLOW_CTX_EXECUTION_DATE='2026-06-07T14:49:25.228587+00:00' AIRFLOW_CTX_TRY_NUMBER='1' AIRFLOW_CTX_DAG_RUN_ID='manual__2026-06-07T14:49:25.228587+00:00'
[2026-06-07T14:52:39.100+0000] {taskinstance.py:732} INFO - ::endgroup::
[2026-06-07T14:52:39.134+0000] {time_sensor.py:49} INFO - Checking if the time (17:55:00) has come
[2026-06-07T14:52:39.161+0000] {taskinstance.py:310} INFO - Rescheduling task, marking task as UP_FOR_RESCHEDULE
[2026-06-07T14:52:39.163+0000] {taskinstance.py:341} INFO - ::group::Post task execution logs
[2026-06-07T14:52:39.191+0000] {local_task_job_runner.py:266} INFO - Task exited with return code 0
[2026-06-07T14:52:39.234+0000] {taskinstance.py:3901} INFO - 0 downstream tasks scheduled from follow-on schedule check
[2026-06-07T14:52:39.239+0000] {local_task_job_runner.py:245} INFO - ::endgroup::
[2026-06-07T14:53:41.150+0000] {local_task_job_runner.py:123} INFO - ::group::Pre task execution logs
[2026-06-07T14:53:41.177+0000] {taskinstance.py:2614} INFO - Dependencies all met for dep_context=non-requeueable deps ti=<TaskInstance: coingecko_etl.wait_until_market_settled manual__2026-06-07T14:49:25.228587+00:00 [queued]>
[2026-06-07T14:53:41.189+0000] {taskinstance.py:2614} INFO - Dependencies all met for dep_context=requeueable deps ti=<TaskInstance: coingecko_etl.wait_until_market_settled manual__2026-06-07T14:49:25.228587+00:00 [queued]>
[2026-06-07T14:53:41.191+0000] {taskinstance.py:2867} INFO - Starting attempt 1 of 3
[2026-06-07T14:53:41.208+0000] {taskinstance.py:2890} INFO - Executing <Task(TimeSensor): wait_until_market_settled> on 2026-06-07 14:49:25.228587+00:00
[2026-06-07T14:53:41.219+0000] {standard_task_runner.py:104} INFO - Running: ['***', 'tasks', 'run', 'coingecko_etl', 'wait_until_market_settled', 'manual__2026-06-07T14:49:25.228587+00:00', '--job-id', '64', '--raw', '--subdir', 'DAGS_FOLDER/coingecko.py', '--cfg-path', '/tmp/tmp89q57wmu']
[2026-06-07T14:53:41.221+0000] {logging_mixin.py:190} WARNING - /home/***/.local/lib/python3.12/site-packages/***/task/task_runner/standard_task_runner.py:70 DeprecationWarning: This process (pid=1288) is multi-threaded, use of fork() may lead to deadlocks in the child.
[2026-06-07T14:53:41.225+0000] {standard_task_runner.py:72} INFO - Started process 1290 to run task
[2026-06-07T14:53:41.224+0000] {standard_task_runner.py:105} INFO - Job 64: Subtask wait_until_market_settled
[2026-06-07T14:53:41.289+0000] {task_command.py:467} INFO - Running <TaskInstance: coingecko_etl.wait_until_market_settled manual__2026-06-07T14:49:25.228587+00:00 [running]> on host 4bbe0590abd5
[2026-06-07T14:53:41.385+0000] {taskinstance.py:3134} INFO - Exporting env vars: AIRFLOW_CTX_DAG_OWNER='data-engineering' AIRFLOW_CTX_DAG_ID='coingecko_etl' AIRFLOW_CTX_TASK_ID='wait_until_market_settled' AIRFLOW_CTX_EXECUTION_DATE='2026-06-07T14:49:25.228587+00:00' AIRFLOW_CTX_TRY_NUMBER='1' AIRFLOW_CTX_DAG_RUN_ID='manual__2026-06-07T14:49:25.228587+00:00'
[2026-06-07T14:53:41.388+0000] {taskinstance.py:732} INFO - ::endgroup::
[2026-06-07T14:53:41.422+0000] {time_sensor.py:49} INFO - Checking if the time (17:55:00) has come
[2026-06-07T14:53:41.451+0000] {taskinstance.py:310} INFO - Rescheduling task, marking task as UP_FOR_RESCHEDULE
[2026-06-07T14:53:41.453+0000] {taskinstance.py:341} INFO - ::group::Post task execution logs
[2026-06-07T14:53:41.492+0000] {local_task_job_runner.py:266} INFO - Task exited with return code 0
[2026-06-07T14:53:41.526+0000] {taskinstance.py:3901} INFO - 0 downstream tasks scheduled from follow-on schedule check
[2026-06-07T14:53:41.532+0000] {local_task_job_runner.py:245} INFO - ::endgroup::
[2026-06-07T14:54:45.467+0000] {local_task_job_runner.py:123} INFO - ::group::Pre task execution logs
[2026-06-07T14:54:45.497+0000] {taskinstance.py:2614} INFO - Dependencies all met for dep_context=non-requeueable deps ti=<TaskInstance: coingecko_etl.wait_until_market_settled manual__2026-06-07T14:49:25.228587+00:00 [queued]>
[2026-06-07T14:54:45.512+0000] {taskinstance.py:2614} INFO - Dependencies all met for dep_context=requeueable deps ti=<TaskInstance: coingecko_etl.wait_until_market_settled manual__2026-06-07T14:49:25.228587+00:00 [queued]>
[2026-06-07T14:54:45.515+0000] {taskinstance.py:2867} INFO - Starting attempt 1 of 3
[2026-06-07T14:54:45.533+0000] {taskinstance.py:2890} INFO - Executing <Task(TimeSensor): wait_until_market_settled> on 2026-06-07 14:49:25.228587+00:00
[2026-06-07T14:54:45.546+0000] {standard_task_runner.py:104} INFO - Running: ['***', 'tasks', 'run', 'coingecko_etl', 'wait_until_market_settled', 'manual__2026-06-07T14:49:25.228587+00:00', '--job-id', '66', '--raw', '--subdir', 'DAGS_FOLDER/coingecko.py', '--cfg-path', '/tmp/tmponexlecx']
[2026-06-07T14:54:45.550+0000] {logging_mixin.py:190} WARNING - /home/***/.local/lib/python3.12/site-packages/***/task/task_runner/standard_task_runner.py:70 DeprecationWarning: This process (pid=1306) is multi-threaded, use of fork() may lead to deadlocks in the child.
[2026-06-07T14:54:45.551+0000] {standard_task_runner.py:105} INFO - Job 66: Subtask wait_until_market_settled
[2026-06-07T14:54:45.552+0000] {standard_task_runner.py:72} INFO - Started process 1312 to run task
[2026-06-07T14:54:45.633+0000] {task_command.py:467} INFO - Running <TaskInstance: coingecko_etl.wait_until_market_settled manual__2026-06-07T14:49:25.228587+00:00 [running]> on host 4bbe0590abd5
[2026-06-07T14:54:45.780+0000] {taskinstance.py:3134} INFO - Exporting env vars: AIRFLOW_CTX_DAG_OWNER='data-engineering' AIRFLOW_CTX_DAG_ID='coingecko_etl' AIRFLOW_CTX_TASK_ID='wait_until_market_settled' AIRFLOW_CTX_EXECUTION_DATE='2026-06-07T14:49:25.228587+00:00' AIRFLOW_CTX_TRY_NUMBER='1' AIRFLOW_CTX_DAG_RUN_ID='manual__2026-06-07T14:49:25.228587+00:00'
[2026-06-07T14:54:45.782+0000] {taskinstance.py:732} INFO - ::endgroup::
[2026-06-07T14:54:45.844+0000] {time_sensor.py:49} INFO - Checking if the time (17:55:00) has come
[2026-06-07T14:54:45.880+0000] {taskinstance.py:310} INFO - Rescheduling task, marking task as UP_FOR_RESCHEDULE
[2026-06-07T14:54:45.884+0000] {taskinstance.py:341} INFO - ::group::Post task execution logs
[2026-06-07T14:54:45.904+0000] {local_task_job_runner.py:266} INFO - Task exited with return code 0
[2026-06-07T14:54:45.948+0000] {taskinstance.py:3901} INFO - 0 downstream tasks scheduled from follow-on schedule check
[2026-06-07T14:54:45.954+0000] {local_task_job_runner.py:245} INFO - ::endgroup::
[2026-06-07T14:55:55.747+0000] {local_task_job_runner.py:123} INFO - ::group::Pre task execution logs
[2026-06-07T14:55:55.796+0000] {taskinstance.py:2614} INFO - Dependencies all met for dep_context=non-requeueable deps ti=<TaskInstance: coingecko_etl.wait_until_market_settled manual__2026-06-07T14:49:25.228587+00:00 [queued]>
[2026-06-07T14:55:55.819+0000] {taskinstance.py:2614} INFO - Dependencies all met for dep_context=requeueable deps ti=<TaskInstance: coingecko_etl.wait_until_market_settled manual__2026-06-07T14:49:25.228587+00:00 [queued]>
[2026-06-07T14:55:55.821+0000] {taskinstance.py:2867} INFO - Starting attempt 1 of 3
[2026-06-07T14:55:55.851+0000] {taskinstance.py:2890} INFO - Executing <Task(TimeSensor): wait_until_market_settled> on 2026-06-07 14:49:25.228587+00:00
[2026-06-07T14:55:55.873+0000] {logging_mixin.py:190} WARNING - /home/***/.local/lib/python3.12/site-packages/***/task/task_runner/standard_task_runner.py:70 DeprecationWarning: This process (pid=1322) is multi-threaded, use of fork() may lead to deadlocks in the child.
[2026-06-07T14:55:55.873+0000] {standard_task_runner.py:104} INFO - Running: ['***', 'tasks', 'run', 'coingecko_etl', 'wait_until_market_settled', 'manual__2026-06-07T14:49:25.228587+00:00', '--job-id', '69', '--raw', '--subdir', 'DAGS_FOLDER/coingecko.py', '--cfg-path', '/tmp/tmp8wuhczls']
[2026-06-07T14:55:55.876+0000] {standard_task_runner.py:72} INFO - Started process 1330 to run task
[2026-06-07T14:55:55.878+0000] {standard_task_runner.py:105} INFO - Job 69: Subtask wait_until_market_settled
[2026-06-07T14:55:56.070+0000] {task_command.py:467} INFO - Running <TaskInstance: coingecko_etl.wait_until_market_settled manual__2026-06-07T14:49:25.228587+00:00 [running]> on host 4bbe0590abd5
[2026-06-07T14:56:01.520+0000] {taskinstance.py:3134} INFO - Exporting env vars: AIRFLOW_CTX_DAG_OWNER='data-engineering' AIRFLOW_CTX_DAG_ID='coingecko_etl' AIRFLOW_CTX_TASK_ID='wait_until_market_settled' AIRFLOW_CTX_EXECUTION_DATE='2026-06-07T14:49:25.228587+00:00' AIRFLOW_CTX_TRY_NUMBER='1' AIRFLOW_CTX_DAG_RUN_ID='manual__2026-06-07T14:49:25.228587+00:00'
[2026-06-07T14:56:30.967+0000] {taskinstance.py:732} INFO - ::endgroup::
[2026-06-07T14:56:31.374+0000] {time_sensor.py:49} INFO - Checking if the time (17:55:00) has come
[2026-06-07T14:56:31.422+0000] {job.py:229} INFO - Heartbeat recovered after 35.87 seconds
[2026-06-07T14:56:31.453+0000] {taskinstance.py:310} INFO - Rescheduling task, marking task as UP_FOR_RESCHEDULE
[2026-06-07T14:56:31.458+0000] {taskinstance.py:341} INFO - ::group::Post task execution logs
[2026-06-07T14:56:31.497+0000] {local_task_job_runner.py:266} INFO - Task exited with return code 0
[2026-06-07T14:56:31.594+0000] {taskinstance.py:3901} INFO - 0 downstream tasks scheduled from follow-on schedule check
[2026-06-07T14:56:31.605+0000] {local_task_job_runner.py:245} INFO - ::endgroup::
[2026-06-07T14:57:48.782+0000] {local_task_job_runner.py:123} INFO - ::group::Pre task execution logs
[2026-06-07T14:57:48.837+0000] {taskinstance.py:2614} INFO - Dependencies all met for dep_context=non-requeueable deps ti=<TaskInstance: coingecko_etl.wait_until_market_settled manual__2026-06-07T14:49:25.228587+00:00 [queued]>
[2026-06-07T14:57:48.861+0000] {taskinstance.py:2614} INFO - Dependencies all met for dep_context=requeueable deps ti=<TaskInstance: coingecko_etl.wait_until_market_settled manual__2026-06-07T14:49:25.228587+00:00 [queued]>
[2026-06-07T14:57:48.862+0000] {taskinstance.py:2867} INFO - Starting attempt 1 of 3
[2026-06-07T14:57:48.895+0000] {taskinstance.py:2890} INFO - Executing <Task(TimeSensor): wait_until_market_settled> on 2026-06-07 14:49:25.228587+00:00
[2026-06-07T14:57:48.918+0000] {standard_task_runner.py:104} INFO - Running: ['***', 'tasks', 'run', 'coingecko_etl', 'wait_until_market_settled', 'manual__2026-06-07T14:49:25.228587+00:00', '--job-id', '71', '--raw', '--subdir', 'DAGS_FOLDER/coingecko.py', '--cfg-path', '/tmp/tmph3m6dd13']
[2026-06-07T14:57:48.923+0000] {logging_mixin.py:190} WARNING - /home/***/.local/lib/python3.12/site-packages/***/task/task_runner/standard_task_runner.py:70 DeprecationWarning: This process (pid=1343) is multi-threaded, use of fork() may lead to deadlocks in the child.
[2026-06-07T14:57:48.922+0000] {standard_task_runner.py:105} INFO - Job 71: Subtask wait_until_market_settled
[2026-06-07T14:57:48.926+0000] {standard_task_runner.py:72} INFO - Started process 1351 to run task
[2026-06-07T14:57:49.606+0000] {task_command.py:467} INFO - Running <TaskInstance: coingecko_etl.wait_until_market_settled manual__2026-06-07T14:49:25.228587+00:00 [running]> on host 4bbe0590abd5
[2026-06-07T14:58:05.212+0000] {job.py:229} INFO - Heartbeat recovered after 16.95 seconds
[2026-06-07T14:58:05.244+0000] {taskinstance.py:3134} INFO - Exporting env vars: AIRFLOW_CTX_DAG_OWNER='data-engineering' AIRFLOW_CTX_DAG_ID='coingecko_etl' AIRFLOW_CTX_TASK_ID='wait_until_market_settled' AIRFLOW_CTX_EXECUTION_DATE='2026-06-07T14:49:25.228587+00:00' AIRFLOW_CTX_TRY_NUMBER='1' AIRFLOW_CTX_DAG_RUN_ID='manual__2026-06-07T14:49:25.228587+00:00'
[2026-06-07T14:58:05.248+0000] {taskinstance.py:732} INFO - ::endgroup::
[2026-06-07T14:58:05.343+0000] {time_sensor.py:49} INFO - Checking if the time (17:55:00) has come
[2026-06-07T14:58:05.422+0000] {taskinstance.py:310} INFO - Rescheduling task, marking task as UP_FOR_RESCHEDULE
[2026-06-07T14:58:05.424+0000] {taskinstance.py:341} INFO - ::group::Post task execution logs
[2026-06-07T14:58:05.454+0000] {local_task_job_runner.py:266} INFO - Task exited with return code 0
[2026-06-07T14:58:05.542+0000] {taskinstance.py:3901} INFO - 0 downstream tasks scheduled from follow-on schedule check
[2026-06-07T14:58:05.550+0000] {local_task_job_runner.py:245} INFO - ::endgroup::
[2026-06-07T14:59:10.366+0000] {local_task_job_runner.py:123} INFO - ::group::Pre task execution logs
[2026-06-07T14:59:10.395+0000] {taskinstance.py:2614} INFO - Dependencies all met for dep_context=non-requeueable deps ti=<TaskInstance: coingecko_etl.wait_until_market_settled manual__2026-06-07T14:49:25.228587+00:00 [queued]>
[2026-06-07T14:59:10.412+0000] {taskinstance.py:2614} INFO - Dependencies all met for dep_context=requeueable deps ti=<TaskInstance: coingecko_etl.wait_until_market_settled manual__2026-06-07T14:49:25.228587+00:00 [queued]>
[2026-06-07T14:59:10.413+0000] {taskinstance.py:2867} INFO - Starting attempt 1 of 3
[2026-06-07T14:59:10.436+0000] {taskinstance.py:2890} INFO - Executing <Task(TimeSensor): wait_until_market_settled> on 2026-06-07 14:49:25.228587+00:00
[2026-06-07T14:59:10.449+0000] {logging_mixin.py:190} WARNING - /home/***/.local/lib/python3.12/site-packages/***/task/task_runner/standard_task_runner.py:70 DeprecationWarning: This process (pid=1363) is multi-threaded, use of fork() may lead to deadlocks in the child.
[2026-06-07T14:59:10.452+0000] {standard_task_runner.py:72} INFO - Started process 1372 to run task
[2026-06-07T14:59:10.453+0000] {standard_task_runner.py:104} INFO - Running: ['***', 'tasks', 'run', 'coingecko_etl', 'wait_until_market_settled', 'manual__2026-06-07T14:49:25.228587+00:00', '--job-id', '73', '--raw', '--subdir', 'DAGS_FOLDER/coingecko.py', '--cfg-path', '/tmp/tmpvw4iq7xk']
[2026-06-07T14:59:10.456+0000] {standard_task_runner.py:105} INFO - Job 73: Subtask wait_until_market_settled
[2026-06-07T14:59:10.537+0000] {task_command.py:467} INFO - Running <TaskInstance: coingecko_etl.wait_until_market_settled manual__2026-06-07T14:49:25.228587+00:00 [running]> on host 4bbe0590abd5
[2026-06-07T14:59:10.654+0000] {taskinstance.py:3134} INFO - Exporting env vars: AIRFLOW_CTX_DAG_OWNER='data-engineering' AIRFLOW_CTX_DAG_ID='coingecko_etl' AIRFLOW_CTX_TASK_ID='wait_until_market_settled' AIRFLOW_CTX_EXECUTION_DATE='2026-06-07T14:49:25.228587+00:00' AIRFLOW_CTX_TRY_NUMBER='1' AIRFLOW_CTX_DAG_RUN_ID='manual__2026-06-07T14:49:25.228587+00:00'
[2026-06-07T14:59:10.658+0000] {taskinstance.py:732} INFO - ::endgroup::
[2026-06-07T14:59:10.699+0000] {time_sensor.py:49} INFO - Checking if the time (17:55:00) has come
[2026-06-07T14:59:10.731+0000] {taskinstance.py:310} INFO - Rescheduling task, marking task as UP_FOR_RESCHEDULE
[2026-06-07T14:59:10.733+0000] {taskinstance.py:341} INFO - ::group::Post task execution logs
[2026-06-07T14:59:10.760+0000] {local_task_job_runner.py:266} INFO - Task exited with return code 0
[2026-06-07T14:59:10.800+0000] {taskinstance.py:3901} INFO - 0 downstream tasks scheduled from follow-on schedule check
[2026-06-07T14:59:10.807+0000] {local_task_job_runner.py:245} INFO - ::endgroup::
[2026-06-07T15:00:13.503+0000] {local_task_job_runner.py:123} INFO - ::group::Pre task execution logs
[2026-06-07T15:00:13.538+0000] {taskinstance.py:2614} INFO - Dependencies all met for dep_context=non-requeueable deps ti=<TaskInstance: coingecko_etl.wait_until_market_settled manual__2026-06-07T14:49:25.228587+00:00 [queued]>
[2026-06-07T15:00:13.554+0000] {taskinstance.py:2614} INFO - Dependencies all met for dep_context=requeueable deps ti=<TaskInstance: coingecko_etl.wait_until_market_settled manual__2026-06-07T14:49:25.228587+00:00 [queued]>
[2026-06-07T15:00:13.556+0000] {taskinstance.py:2867} INFO - Starting attempt 1 of 3
[2026-06-07T15:00:13.582+0000] {taskinstance.py:2890} INFO - Executing <Task(TimeSensor): wait_until_market_settled> on 2026-06-07 14:49:25.228587+00:00
[2026-06-07T15:00:13.596+0000] {logging_mixin.py:190} WARNING - /home/***/.local/lib/python3.12/site-packages/***/task/task_runner/standard_task_runner.py:70 DeprecationWarning: This process (pid=1383) is multi-threaded, use of fork() may lead to deadlocks in the child.
[2026-06-07T15:00:13.599+0000] {standard_task_runner.py:72} INFO - Started process 1393 to run task
[2026-06-07T15:00:13.597+0000] {standard_task_runner.py:104} INFO - Running: ['***', 'tasks', 'run', 'coingecko_etl', 'wait_until_market_settled', 'manual__2026-06-07T14:49:25.228587+00:00', '--job-id', '74', '--raw', '--subdir', 'DAGS_FOLDER/coingecko.py', '--cfg-path', '/tmp/tmpfwoiugxp']
[2026-06-07T15:00:13.601+0000] {standard_task_runner.py:105} INFO - Job 74: Subtask wait_until_market_settled
[2026-06-07T15:00:13.699+0000] {task_command.py:467} INFO - Running <TaskInstance: coingecko_etl.wait_until_market_settled manual__2026-06-07T14:49:25.228587+00:00 [running]> on host 4bbe0590abd5
[2026-06-07T15:00:13.825+0000] {taskinstance.py:3134} INFO - Exporting env vars: AIRFLOW_CTX_DAG_OWNER='data-engineering' AIRFLOW_CTX_DAG_ID='coingecko_etl' AIRFLOW_CTX_TASK_ID='wait_until_market_settled' AIRFLOW_CTX_EXECUTION_DATE='2026-06-07T14:49:25.228587+00:00' AIRFLOW_CTX_TRY_NUMBER='1' AIRFLOW_CTX_DAG_RUN_ID='manual__2026-06-07T14:49:25.228587+00:00'
[2026-06-07T15:00:13.828+0000] {taskinstance.py:732} INFO - ::endgroup::
[2026-06-07T15:00:13.868+0000] {time_sensor.py:49} INFO - Checking if the time (17:55:00) has come
[2026-06-07T15:00:13.907+0000] {taskinstance.py:310} INFO - Rescheduling task, marking task as UP_FOR_RESCHEDULE
[2026-06-07T15:00:13.909+0000] {taskinstance.py:341} INFO - ::group::Post task execution logs
[2026-06-07T15:00:13.947+0000] {local_task_job_runner.py:266} INFO - Task exited with return code 0
[2026-06-07T15:00:13.993+0000] {taskinstance.py:3901} INFO - 0 downstream tasks scheduled from follow-on schedule check
[2026-06-07T15:00:14.001+0000] {local_task_job_runner.py:245} INFO - ::endgroup::
[2026-06-07T15:01:17.083+0000] {local_task_job_runner.py:123} INFO - ::group::Pre task execution logs
[2026-06-07T15:01:17.120+0000] {taskinstance.py:2614} INFO - Dependencies all met for dep_context=non-requeueable deps ti=<TaskInstance: coingecko_etl.wait_until_market_settled manual__2026-06-07T14:49:25.228587+00:00 [queued]>
[2026-06-07T15:01:17.138+0000] {taskinstance.py:2614} INFO - Dependencies all met for dep_context=requeueable deps ti=<TaskInstance: coingecko_etl.wait_until_market_settled manual__2026-06-07T14:49:25.228587+00:00 [queued]>
[2026-06-07T15:01:17.140+0000] {taskinstance.py:2867} INFO - Starting attempt 1 of 3
[2026-06-07T15:01:17.166+0000] {taskinstance.py:2890} INFO - Executing <Task(TimeSensor): wait_until_market_settled> on 2026-06-07 14:49:25.228587+00:00
[2026-06-07T15:01:17.181+0000] {logging_mixin.py:190} WARNING - /home/***/.local/lib/python3.12/site-packages/***/task/task_runner/standard_task_runner.py:70 DeprecationWarning: This process (pid=1402) is multi-threaded, use of fork() may lead to deadlocks in the child.
[2026-06-07T15:01:17.183+0000] {standard_task_runner.py:72} INFO - Started process 1412 to run task
[2026-06-07T15:01:17.181+0000] {standard_task_runner.py:104} INFO - Running: ['***', 'tasks', 'run', 'coingecko_etl', 'wait_until_market_settled', 'manual__2026-06-07T14:49:25.228587+00:00', '--job-id', '76', '--raw', '--subdir', 'DAGS_FOLDER/coingecko.py', '--cfg-path', '/tmp/tmprc_hgsb1']
[2026-06-07T15:01:17.185+0000] {standard_task_runner.py:105} INFO - Job 76: Subtask wait_until_market_settled
[2026-06-07T15:01:17.286+0000] {task_command.py:467} INFO - Running <TaskInstance: coingecko_etl.wait_until_market_settled manual__2026-06-07T14:49:25.228587+00:00 [running]> on host 4bbe0590abd5
[2026-06-07T15:01:17.410+0000] {taskinstance.py:3134} INFO - Exporting env vars: AIRFLOW_CTX_DAG_OWNER='data-engineering' AIRFLOW_CTX_DAG_ID='coingecko_etl' AIRFLOW_CTX_TASK_ID='wait_until_market_settled' AIRFLOW_CTX_EXECUTION_DATE='2026-06-07T14:49:25.228587+00:00' AIRFLOW_CTX_TRY_NUMBER='1' AIRFLOW_CTX_DAG_RUN_ID='manual__2026-06-07T14:49:25.228587+00:00'
[2026-06-07T15:01:17.413+0000] {taskinstance.py:732} INFO - ::endgroup::
[2026-06-07T15:01:17.449+0000] {time_sensor.py:49} INFO - Checking if the time (17:55:00) has come
[2026-06-07T15:01:17.483+0000] {taskinstance.py:310} INFO - Rescheduling task, marking task as UP_FOR_RESCHEDULE
[2026-06-07T15:01:17.485+0000] {taskinstance.py:341} INFO - ::group::Post task execution logs
[2026-06-07T15:01:17.535+0000] {local_task_job_runner.py:266} INFO - Task exited with return code 0
[2026-06-07T15:01:17.555+0000] {local_task_job_runner.py:245} INFO - ::endgroup::
[2026-06-07T15:02:19.608+0000] {local_task_job_runner.py:123} INFO - ::group::Pre task execution logs
[2026-06-07T15:02:19.637+0000] {taskinstance.py:2614} INFO - Dependencies all met for dep_context=non-requeueable deps ti=<TaskInstance: coingecko_etl.wait_until_market_settled manual__2026-06-07T14:49:25.228587+00:00 [queued]>
[2026-06-07T15:02:19.651+0000] {taskinstance.py:2614} INFO - Dependencies all met for dep_context=requeueable deps ti=<TaskInstance: coingecko_etl.wait_until_market_settled manual__2026-06-07T14:49:25.228587+00:00 [queued]>
[2026-06-07T15:02:19.653+0000] {taskinstance.py:2867} INFO - Starting attempt 1 of 3
[2026-06-07T15:02:19.673+0000] {taskinstance.py:2890} INFO - Executing <Task(TimeSensor): wait_until_market_settled> on 2026-06-07 14:49:25.228587+00:00
[2026-06-07T15:02:19.686+0000] {logging_mixin.py:190} WARNING - /home/***/.local/lib/python3.12/site-packages/***/task/task_runner/standard_task_runner.py:70 DeprecationWarning: This process (pid=1426) is multi-threaded, use of fork() may lead to deadlocks in the child.
[2026-06-07T15:02:19.689+0000] {standard_task_runner.py:72} INFO - Started process 1432 to run task
[2026-06-07T15:02:19.687+0000] {standard_task_runner.py:104} INFO - Running: ['***', 'tasks', 'run', 'coingecko_etl', 'wait_until_market_settled', 'manual__2026-06-07T14:49:25.228587+00:00', '--job-id', '78', '--raw', '--subdir', 'DAGS_FOLDER/coingecko.py', '--cfg-path', '/tmp/tmpcfrqqut8']
[2026-06-07T15:02:19.692+0000] {standard_task_runner.py:105} INFO - Job 78: Subtask wait_until_market_settled
[2026-06-07T15:02:19.770+0000] {task_command.py:467} INFO - Running <TaskInstance: coingecko_etl.wait_until_market_settled manual__2026-06-07T14:49:25.228587+00:00 [running]> on host 4bbe0590abd5
[2026-06-07T15:02:19.879+0000] {taskinstance.py:3134} INFO - Exporting env vars: AIRFLOW_CTX_DAG_OWNER='data-engineering' AIRFLOW_CTX_DAG_ID='coingecko_etl' AIRFLOW_CTX_TASK_ID='wait_until_market_settled' AIRFLOW_CTX_EXECUTION_DATE='2026-06-07T14:49:25.228587+00:00' AIRFLOW_CTX_TRY_NUMBER='1' AIRFLOW_CTX_DAG_RUN_ID='manual__2026-06-07T14:49:25.228587+00:00'
[2026-06-07T15:02:19.884+0000] {taskinstance.py:732} INFO - ::endgroup::
[2026-06-07T15:02:19.919+0000] {time_sensor.py:49} INFO - Checking if the time (17:55:00) has come
[2026-06-07T15:02:19.948+0000] {taskinstance.py:310} INFO - Rescheduling task, marking task as UP_FOR_RESCHEDULE
[2026-06-07T15:02:19.950+0000] {taskinstance.py:341} INFO - ::group::Post task execution logs
[2026-06-07T15:02:20.000+0000] {local_task_job_runner.py:266} INFO - Task exited with return code 0
[2026-06-07T15:02:20.041+0000] {taskinstance.py:3901} INFO - 0 downstream tasks scheduled from follow-on schedule check
[2026-06-07T15:02:20.046+0000] {local_task_job_runner.py:245} INFO - ::endgroup::
[2026-06-07T15:03:23.442+0000] {local_task_job_runner.py:123} INFO - ::group::Pre task execution logs
[2026-06-07T15:03:23.494+0000] {taskinstance.py:2614} INFO - Dependencies all met for dep_context=non-requeueable deps ti=<TaskInstance: coingecko_etl.wait_until_market_settled manual__2026-06-07T14:49:25.228587+00:00 [queued]>
[2026-06-07T15:03:23.525+0000] {taskinstance.py:2614} INFO - Dependencies all met for dep_context=requeueable deps ti=<TaskInstance: coingecko_etl.wait_until_market_settled manual__2026-06-07T14:49:25.228587+00:00 [queued]>
[2026-06-07T15:03:23.532+0000] {taskinstance.py:2867} INFO - Starting attempt 1 of 3
[2026-06-07T15:03:23.585+0000] {taskinstance.py:2890} INFO - Executing <Task(TimeSensor): wait_until_market_settled> on 2026-06-07 14:49:25.228587+00:00
[2026-06-07T15:03:23.623+0000] {logging_mixin.py:190} WARNING - /home/***/.local/lib/python3.12/site-packages/***/task/task_runner/standard_task_runner.py:70 DeprecationWarning: This process (pid=1442) is multi-threaded, use of fork() may lead to deadlocks in the child.
[2026-06-07T15:03:23.627+0000] {standard_task_runner.py:72} INFO - Started process 1450 to run task
[2026-06-07T15:03:23.625+0000] {standard_task_runner.py:104} INFO - Running: ['***', 'tasks', 'run', 'coingecko_etl', 'wait_until_market_settled', 'manual__2026-06-07T14:49:25.228587+00:00', '--job-id', '80', '--raw', '--subdir', 'DAGS_FOLDER/coingecko.py', '--cfg-path', '/tmp/tmpu263jrmx']
[2026-06-07T15:03:23.637+0000] {standard_task_runner.py:105} INFO - Job 80: Subtask wait_until_market_settled
[2026-06-07T15:03:24.388+0000] {task_command.py:467} INFO - Running <TaskInstance: coingecko_etl.wait_until_market_settled manual__2026-06-07T14:49:25.228587+00:00 [running]> on host 4bbe0590abd5
[2026-06-07T15:03:24.764+0000] {taskinstance.py:3134} INFO - Exporting env vars: AIRFLOW_CTX_DAG_OWNER='data-engineering' AIRFLOW_CTX_DAG_ID='coingecko_etl' AIRFLOW_CTX_TASK_ID='wait_until_market_settled' AIRFLOW_CTX_EXECUTION_DATE='2026-06-07T14:49:25.228587+00:00' AIRFLOW_CTX_TRY_NUMBER='1' AIRFLOW_CTX_DAG_RUN_ID='manual__2026-06-07T14:49:25.228587+00:00'
[2026-06-07T15:03:24.775+0000] {taskinstance.py:732} INFO - ::endgroup::
[2026-06-07T15:03:24.830+0000] {time_sensor.py:49} INFO - Checking if the time (17:55:00) has come
[2026-06-07T15:03:24.865+0000] {taskinstance.py:310} INFO - Rescheduling task, marking task as UP_FOR_RESCHEDULE
[2026-06-07T15:03:24.867+0000] {taskinstance.py:341} INFO - ::group::Post task execution logs
[2026-06-07T15:03:24.913+0000] {local_task_job_runner.py:266} INFO - Task exited with return code 0
[2026-06-07T15:03:24.960+0000] {taskinstance.py:3901} INFO - 0 downstream tasks scheduled from follow-on schedule check
[2026-06-07T15:03:24.968+0000] {local_task_job_runner.py:245} INFO - ::endgroup::
[2026-06-07T15:04:37.238+0000] {local_task_job_runner.py:123} INFO - ::group::Pre task execution logs
[2026-06-07T15:04:37.305+0000] {taskinstance.py:2614} INFO - Dependencies all met for dep_context=non-requeueable deps ti=<TaskInstance: coingecko_etl.wait_until_market_settled manual__2026-06-07T14:49:25.228587+00:00 [queued]>
[2026-06-07T15:04:37.333+0000] {taskinstance.py:2614} INFO - Dependencies all met for dep_context=requeueable deps ti=<TaskInstance: coingecko_etl.wait_until_market_settled manual__2026-06-07T14:49:25.228587+00:00 [queued]>
[2026-06-07T15:04:37.336+0000] {taskinstance.py:2867} INFO - Starting attempt 1 of 3
[2026-06-07T15:04:37.381+0000] {taskinstance.py:2890} INFO - Executing <Task(TimeSensor): wait_until_market_settled> on 2026-06-07 14:49:25.228587+00:00
[2026-06-07T15:04:37.407+0000] {logging_mixin.py:190} WARNING - /home/***/.local/lib/python3.12/site-packages/***/task/task_runner/standard_task_runner.py:70 DeprecationWarning: This process (pid=1463) is multi-threaded, use of fork() may lead to deadlocks in the child.
[2026-06-07T15:04:37.410+0000] {standard_task_runner.py:72} INFO - Started process 1472 to run task
[2026-06-07T15:04:37.411+0000] {standard_task_runner.py:104} INFO - Running: ['***', 'tasks', 'run', 'coingecko_etl', 'wait_until_market_settled', 'manual__2026-06-07T14:49:25.228587+00:00', '--job-id', '82', '--raw', '--subdir', 'DAGS_FOLDER/coingecko.py', '--cfg-path', '/tmp/tmp72w_h7fm']
[2026-06-07T15:04:37.414+0000] {standard_task_runner.py:105} INFO - Job 82: Subtask wait_until_market_settled
[2026-06-07T15:04:37.518+0000] {task_command.py:467} INFO - Running <TaskInstance: coingecko_etl.wait_until_market_settled manual__2026-06-07T14:49:25.228587+00:00 [running]> on host 4bbe0590abd5
[2026-06-07T15:04:37.646+0000] {taskinstance.py:3134} INFO - Exporting env vars: AIRFLOW_CTX_DAG_OWNER='data-engineering' AIRFLOW_CTX_DAG_ID='coingecko_etl' AIRFLOW_CTX_TASK_ID='wait_until_market_settled' AIRFLOW_CTX_EXECUTION_DATE='2026-06-07T14:49:25.228587+00:00' AIRFLOW_CTX_TRY_NUMBER='1' AIRFLOW_CTX_DAG_RUN_ID='manual__2026-06-07T14:49:25.228587+00:00'
[2026-06-07T15:04:37.650+0000] {taskinstance.py:732} INFO - ::endgroup::
[2026-06-07T15:04:37.721+0000] {time_sensor.py:49} INFO - Checking if the time (17:55:00) has come
[2026-06-07T15:04:37.772+0000] {taskinstance.py:310} INFO - Rescheduling task, marking task as UP_FOR_RESCHEDULE
[2026-06-07T15:04:37.786+0000] {taskinstance.py:341} INFO - ::group::Post task execution logs
[2026-06-07T15:04:37.844+0000] {local_task_job_runner.py:266} INFO - Task exited with return code 0
[2026-06-07T15:04:37.899+0000] {taskinstance.py:3901} INFO - 0 downstream tasks scheduled from follow-on schedule check
[2026-06-07T15:04:37.906+0000] {local_task_job_runner.py:245} INFO - ::endgroup::
[2026-06-07T15:05:39.765+0000] {local_task_job_runner.py:123} INFO - ::group::Pre task execution logs
[2026-06-07T15:05:39.797+0000] {taskinstance.py:2614} INFO - Dependencies all met for dep_context=non-requeueable deps ti=<TaskInstance: coingecko_etl.wait_until_market_settled manual__2026-06-07T14:49:25.228587+00:00 [queued]>
[2026-06-07T15:05:39.811+0000] {taskinstance.py:2614} INFO - Dependencies all met for dep_context=requeueable deps ti=<TaskInstance: coingecko_etl.wait_until_market_settled manual__2026-06-07T14:49:25.228587+00:00 [queued]>
[2026-06-07T15:05:39.813+0000] {taskinstance.py:2867} INFO - Starting attempt 1 of 3
[2026-06-07T15:05:39.845+0000] {taskinstance.py:2890} INFO - Executing <Task(TimeSensor): wait_until_market_settled> on 2026-06-07 14:49:25.228587+00:00
[2026-06-07T15:05:39.884+0000] {standard_task_runner.py:104} INFO - Running: ['***', 'tasks', 'run', 'coingecko_etl', 'wait_until_market_settled', 'manual__2026-06-07T14:49:25.228587+00:00', '--job-id', '85', '--raw', '--subdir', 'DAGS_FOLDER/coingecko.py', '--cfg-path', '/tmp/tmpch21s71t']
[2026-06-07T15:05:39.884+0000] {logging_mixin.py:190} WARNING - /home/***/.local/lib/python3.12/site-packages/***/task/task_runner/standard_task_runner.py:70 DeprecationWarning: This process (pid=1482) is multi-threaded, use of fork() may lead to deadlocks in the child.
[2026-06-07T15:05:39.889+0000] {standard_task_runner.py:105} INFO - Job 85: Subtask wait_until_market_settled
[2026-06-07T15:05:39.891+0000] {standard_task_runner.py:72} INFO - Started process 1490 to run task
[2026-06-07T15:05:40.346+0000] {task_command.py:467} INFO - Running <TaskInstance: coingecko_etl.wait_until_market_settled manual__2026-06-07T14:49:25.228587+00:00 [running]> on host 4bbe0590abd5
[2026-06-07T15:05:40.523+0000] {taskinstance.py:3134} INFO - Exporting env vars: AIRFLOW_CTX_DAG_OWNER='data-engineering' AIRFLOW_CTX_DAG_ID='coingecko_etl' AIRFLOW_CTX_TASK_ID='wait_until_market_settled' AIRFLOW_CTX_EXECUTION_DATE='2026-06-07T14:49:25.228587+00:00' AIRFLOW_CTX_TRY_NUMBER='1' AIRFLOW_CTX_DAG_RUN_ID='manual__2026-06-07T14:49:25.228587+00:00'
[2026-06-07T15:05:40.527+0000] {taskinstance.py:732} INFO - ::endgroup::
[2026-06-07T15:05:40.594+0000] {time_sensor.py:49} INFO - Checking if the time (17:55:00) has come
[2026-06-07T15:05:40.642+0000] {taskinstance.py:310} INFO - Rescheduling task, marking task as UP_FOR_RESCHEDULE
[2026-06-07T15:05:40.646+0000] {taskinstance.py:341} INFO - ::group::Post task execution logs
[2026-06-07T15:05:40.700+0000] {local_task_job_runner.py:266} INFO - Task exited with return code 0
[2026-06-07T15:05:40.815+0000] {taskinstance.py:3901} INFO - 0 downstream tasks scheduled from follow-on schedule check
[2026-06-07T15:05:40.825+0000] {local_task_job_runner.py:245} INFO - ::endgroup::
