[2026-06-06T14:57:19.293+0000] {local_task_job_runner.py:120} INFO - ::group::Pre task execution logs
[2026-06-06T14:57:19.384+0000] {taskinstance.py:2076} INFO - Dependencies all met for dep_context=non-requeueable deps ti=<TaskInstance: coingecko_etl.extract_raw manual__2026-06-06T14:57:16.503044+00:00 [queued]>
[2026-06-06T14:57:19.402+0000] {taskinstance.py:2076} INFO - Dependencies all met for dep_context=requeueable deps ti=<TaskInstance: coingecko_etl.extract_raw manual__2026-06-06T14:57:16.503044+00:00 [queued]>
[2026-06-06T14:57:19.404+0000] {taskinstance.py:2306} INFO - Starting attempt 1 of 3
[2026-06-06T14:57:19.436+0000] {taskinstance.py:2330} INFO - Executing <Task(PythonOperator): extract_raw> on 2026-06-06 14:57:16.503044+00:00
[2026-06-06T14:57:19.448+0000] {standard_task_runner.py:90} INFO - Running: ['***', 'tasks', 'run', 'coingecko_etl', 'extract_raw', 'manual__2026-06-06T14:57:16.503044+00:00', '--job-id', '3', '--raw', '--subdir', 'DAGS_FOLDER/coingecko_top.py', '--cfg-path', '/tmp/tmpb5mi2lg6']
[2026-06-06T14:57:19.452+0000] {standard_task_runner.py:91} INFO - Job 3: Subtask extract_raw
[2026-06-06T14:57:19.479+0000] {logging_mixin.py:188} WARNING - /home/***/.local/lib/python3.12/site-packages/***/task/task_runner/standard_task_runner.py:61 DeprecationWarning: This process (pid=212) is multi-threaded, use of fork() may lead to deadlocks in the child.
[2026-06-06T14:57:19.481+0000] {standard_task_runner.py:63} INFO - Started process 218 to run task
[2026-06-06T14:57:19.527+0000] {task_command.py:426} INFO - Running <TaskInstance: coingecko_etl.extract_raw manual__2026-06-06T14:57:16.503044+00:00 [running]> on host 4ebce9364341
[2026-06-06T14:57:21.877+0000] {taskinstance.py:2648} INFO - Exporting env vars: AIRFLOW_CTX_DAG_OWNER='data-engineering' AIRFLOW_CTX_DAG_ID='coingecko_etl' AIRFLOW_CTX_TASK_ID='extract_raw' AIRFLOW_CTX_EXECUTION_DATE='2026-06-06T14:57:16.503044+00:00' AIRFLOW_CTX_TRY_NUMBER='1' AIRFLOW_CTX_DAG_RUN_ID='manual__2026-06-06T14:57:16.503044+00:00'
[2026-06-06T14:57:21.879+0000] {taskinstance.py:430} INFO - ::endgroup::
[2026-06-06T14:57:21.935+0000] {coingecko_top.py:60} INFO - Fetching CoinGecko markets data...
[2026-06-06T14:57:22.352+0000] {coingecko_top.py:65} INFO - Received 50 coins from API
[2026-06-06T14:57:23.568+0000] {coingecko_top.py:72} INFO - Raw data saved to s3://raw/coingecko/manual__2026-06-06T14:57:16.503044+00:00/raw.json
[2026-06-06T14:57:23.591+0000] {python.py:237} INFO - Done. Returned value was: None
[2026-06-06T14:57:23.594+0000] {taskinstance.py:441} INFO - ::group::Post task execution logs
[2026-06-06T14:57:23.607+0000] {taskinstance.py:1206} INFO - Marking task as SUCCESS. dag_id=coingecko_etl, task_id=extract_raw, run_id=manual__2026-06-06T14:57:16.503044+00:00, execution_date=20260606T145716, start_date=20260606T145719, end_date=20260606T145723
[2026-06-06T14:57:23.653+0000] {local_task_job_runner.py:240} INFO - Task exited with return code 0
[2026-06-06T14:57:23.683+0000] {taskinstance.py:3498} INFO - 1 downstream tasks scheduled from follow-on schedule check
[2026-06-06T14:57:23.688+0000] {local_task_job_runner.py:222} INFO - ::endgroup::
