[2026-06-07T13:56:08.624+0000] {local_task_job_runner.py:123} INFO - ::group::Pre task execution logs
[2026-06-07T13:56:08.657+0000] {taskinstance.py:2614} INFO - Dependencies all met for dep_context=non-requeueable deps ti=<TaskInstance: coingecko_etl.extract_raw scheduled__2026-05-29T18:00:00+00:00 [queued]>
[2026-06-07T13:56:08.676+0000] {taskinstance.py:2614} INFO - Dependencies all met for dep_context=requeueable deps ti=<TaskInstance: coingecko_etl.extract_raw scheduled__2026-05-29T18:00:00+00:00 [queued]>
[2026-06-07T13:56:08.678+0000] {taskinstance.py:2867} INFO - Starting attempt 1 of 3
[2026-06-07T13:56:08.702+0000] {taskinstance.py:2890} INFO - Executing <Task(PythonOperator): extract_raw> on 2026-05-29 18:00:00+00:00
[2026-06-07T13:56:08.730+0000] {standard_task_runner.py:104} INFO - Running: ['***', 'tasks', 'run', 'coingecko_etl', 'extract_raw', 'scheduled__2026-05-29T18:00:00+00:00', '--job-id', '48', '--raw', '--subdir', 'DAGS_FOLDER/coingecko.py', '--cfg-path', '/tmp/tmpwl53_k7h']
[2026-06-07T13:56:08.736+0000] {standard_task_runner.py:105} INFO - Job 48: Subtask extract_raw
[2026-06-07T13:56:08.735+0000] {logging_mixin.py:190} WARNING - /home/***/.local/lib/python3.12/site-packages/***/task/task_runner/standard_task_runner.py:70 DeprecationWarning: This process (pid=464) is multi-threaded, use of fork() may lead to deadlocks in the child.
[2026-06-07T13:56:08.740+0000] {standard_task_runner.py:72} INFO - Started process 466 to run task
[2026-06-07T13:56:08.851+0000] {task_command.py:467} INFO - Running <TaskInstance: coingecko_etl.extract_raw scheduled__2026-05-29T18:00:00+00:00 [running]> on host 4bbe0590abd5
[2026-06-07T13:56:09.002+0000] {taskinstance.py:3134} INFO - Exporting env vars: AIRFLOW_CTX_DAG_OWNER='data-engineering' AIRFLOW_CTX_DAG_ID='coingecko_etl' AIRFLOW_CTX_TASK_ID='extract_raw' AIRFLOW_CTX_EXECUTION_DATE='2026-05-29T18:00:00+00:00' AIRFLOW_CTX_TRY_NUMBER='1' AIRFLOW_CTX_DAG_RUN_ID='scheduled__2026-05-29T18:00:00+00:00'
[2026-06-07T13:56:09.005+0000] {taskinstance.py:732} INFO - ::endgroup::
[2026-06-07T13:56:09.042+0000] {coingecko.py:80} INFO - Fetching CoinGecko data...
[2026-06-07T13:56:09.399+0000] {base.py:84} INFO - Retrieving connection 'minio_conn'
[2026-06-07T13:56:09.401+0000] {connection_wrapper.py:325} INFO - AWS Connection (conn_id='minio_conn', conn_type='aws') credentials retrieved from login and password.
[2026-06-07T13:56:10.863+0000] {coingecko.py:89} INFO - Saved raw data: coingecko/scheduled__2026-05-29T18:00:00+00:00/raw.json
[2026-06-07T13:56:11.113+0000] {python.py:240} INFO - Done. Returned value was: None
[2026-06-07T13:56:11.208+0000] {taskinstance.py:341} INFO - ::group::Post task execution logs
[2026-06-07T13:56:11.214+0000] {taskinstance.py:353} INFO - Marking task as SUCCESS. dag_id=coingecko_etl, task_id=extract_raw, run_id=scheduled__2026-05-29T18:00:00+00:00, execution_date=20260529T180000, start_date=20260607T135608, end_date=20260607T135611
[2026-06-07T13:56:11.310+0000] {local_task_job_runner.py:266} INFO - Task exited with return code 0
[2026-06-07T13:56:11.355+0000] {taskinstance.py:3901} INFO - 0 downstream tasks scheduled from follow-on schedule check
[2026-06-07T13:56:11.361+0000] {local_task_job_runner.py:245} INFO - ::endgroup::
