[2026-06-07T13:46:24.057+0000] {local_task_job_runner.py:123} INFO - ::group::Pre task execution logs
[2026-06-07T13:46:24.095+0000] {taskinstance.py:2614} INFO - Dependencies all met for dep_context=non-requeueable deps ti=<TaskInstance: coingecko_etl.load_to_postgres manual__2026-06-07T13:46:03.079199+00:00 [queued]>
[2026-06-07T13:46:24.116+0000] {taskinstance.py:2614} INFO - Dependencies all met for dep_context=requeueable deps ti=<TaskInstance: coingecko_etl.load_to_postgres manual__2026-06-07T13:46:03.079199+00:00 [queued]>
[2026-06-07T13:46:24.119+0000] {taskinstance.py:2867} INFO - Starting attempt 1 of 3
[2026-06-07T13:46:24.145+0000] {taskinstance.py:2890} INFO - Executing <Task(PythonOperator): load_to_postgres> on 2026-06-07 13:46:03.079199+00:00
[2026-06-07T13:46:24.166+0000] {standard_task_runner.py:104} INFO - Running: ['***', 'tasks', 'run', 'coingecko_etl', 'load_to_postgres', 'manual__2026-06-07T13:46:03.079199+00:00', '--job-id', '47', '--raw', '--subdir', 'DAGS_FOLDER/coingecko.py', '--cfg-path', '/tmp/tmpa705dc3m']
[2026-06-07T13:46:24.171+0000] {standard_task_runner.py:105} INFO - Job 47: Subtask load_to_postgres
[2026-06-07T13:46:24.170+0000] {logging_mixin.py:190} WARNING - /home/***/.local/lib/python3.12/site-packages/***/task/task_runner/standard_task_runner.py:70 DeprecationWarning: This process (pid=331) is multi-threaded, use of fork() may lead to deadlocks in the child.
[2026-06-07T13:46:24.175+0000] {standard_task_runner.py:72} INFO - Started process 333 to run task
[2026-06-07T13:46:24.280+0000] {task_command.py:467} INFO - Running <TaskInstance: coingecko_etl.load_to_postgres manual__2026-06-07T13:46:03.079199+00:00 [running]> on host 4bbe0590abd5
[2026-06-07T13:46:24.416+0000] {taskinstance.py:3134} INFO - Exporting env vars: AIRFLOW_CTX_DAG_OWNER='data-engineering' AIRFLOW_CTX_DAG_ID='coingecko_etl' AIRFLOW_CTX_TASK_ID='load_to_postgres' AIRFLOW_CTX_EXECUTION_DATE='2026-06-07T13:46:03.079199+00:00' AIRFLOW_CTX_TRY_NUMBER='1' AIRFLOW_CTX_DAG_RUN_ID='manual__2026-06-07T13:46:03.079199+00:00'
[2026-06-07T13:46:24.419+0000] {taskinstance.py:732} INFO - ::endgroup::
[2026-06-07T13:46:24.490+0000] {base.py:84} INFO - Retrieving connection 'minio_conn'
[2026-06-07T13:46:24.492+0000] {connection_wrapper.py:325} INFO - AWS Connection (conn_id='minio_conn', conn_type='aws') credentials retrieved from login and password.
[2026-06-07T13:46:25.477+0000] {coingecko.py:154} INFO - Loading 50 rows to Postgres...
[2026-06-07T13:46:25.614+0000] {base.py:84} INFO - Retrieving connection 'postgres_default'
[2026-06-07T13:46:25.652+0000] {coingecko.py:183} INFO - Upserted 50 rows successfully
[2026-06-07T13:46:25.666+0000] {python.py:240} INFO - Done. Returned value was: None
[2026-06-07T13:46:25.683+0000] {taskinstance.py:341} INFO - ::group::Post task execution logs
[2026-06-07T13:46:25.684+0000] {taskinstance.py:353} INFO - Marking task as SUCCESS. dag_id=coingecko_etl, task_id=load_to_postgres, run_id=manual__2026-06-07T13:46:03.079199+00:00, execution_date=20260607T134603, start_date=20260607T134624, end_date=20260607T134625
[2026-06-07T13:46:25.756+0000] {local_task_job_runner.py:266} INFO - Task exited with return code 0
[2026-06-07T13:46:25.801+0000] {taskinstance.py:3901} INFO - 0 downstream tasks scheduled from follow-on schedule check
[2026-06-07T13:46:25.810+0000] {local_task_job_runner.py:245} INFO - ::endgroup::
