[2026-06-07T13:56:30.661+0000] {local_task_job_runner.py:123} INFO - ::group::Pre task execution logs
[2026-06-07T13:56:30.691+0000] {taskinstance.py:2614} INFO - Dependencies all met for dep_context=non-requeueable deps ti=<TaskInstance: coingecko_etl.create_table scheduled__2026-05-29T18:00:00+00:00 [queued]>
[2026-06-07T13:56:30.705+0000] {taskinstance.py:2614} INFO - Dependencies all met for dep_context=requeueable deps ti=<TaskInstance: coingecko_etl.create_table scheduled__2026-05-29T18:00:00+00:00 [queued]>
[2026-06-07T13:56:30.708+0000] {taskinstance.py:2867} INFO - Starting attempt 1 of 3
[2026-06-07T13:56:30.726+0000] {taskinstance.py:2890} INFO - Executing <Task(PythonOperator): create_table> on 2026-05-29 18:00:00+00:00
[2026-06-07T13:56:30.741+0000] {standard_task_runner.py:104} INFO - Running: ['***', 'tasks', 'run', 'coingecko_etl', 'create_table', 'scheduled__2026-05-29T18:00:00+00:00', '--job-id', '52', '--raw', '--subdir', 'DAGS_FOLDER/coingecko.py', '--cfg-path', '/tmp/tmp76i19q_0']
[2026-06-07T13:56:30.746+0000] {standard_task_runner.py:105} INFO - Job 52: Subtask create_table
[2026-06-07T13:56:30.744+0000] {logging_mixin.py:190} WARNING - /home/***/.local/lib/python3.12/site-packages/***/task/task_runner/standard_task_runner.py:70 DeprecationWarning: This process (pid=493) is multi-threaded, use of fork() may lead to deadlocks in the child.
[2026-06-07T13:56:30.748+0000] {standard_task_runner.py:72} INFO - Started process 495 to run task
[2026-06-07T13:56:30.824+0000] {task_command.py:467} INFO - Running <TaskInstance: coingecko_etl.create_table scheduled__2026-05-29T18:00:00+00:00 [running]> on host 4bbe0590abd5
[2026-06-07T13:56:30.946+0000] {taskinstance.py:3134} INFO - Exporting env vars: AIRFLOW_CTX_DAG_OWNER='data-engineering' AIRFLOW_CTX_DAG_ID='coingecko_etl' AIRFLOW_CTX_TASK_ID='create_table' AIRFLOW_CTX_EXECUTION_DATE='2026-05-29T18:00:00+00:00' AIRFLOW_CTX_TRY_NUMBER='1' AIRFLOW_CTX_DAG_RUN_ID='scheduled__2026-05-29T18:00:00+00:00'
[2026-06-07T13:56:30.949+0000] {taskinstance.py:732} INFO - ::endgroup::
[2026-06-07T13:56:31.018+0000] {base.py:84} INFO - Retrieving connection 'postgres_default'
[2026-06-07T13:56:31.028+0000] {coingecko.py:73} INFO - Table 'coin_markets' ensured
[2026-06-07T13:56:31.030+0000] {python.py:240} INFO - Done. Returned value was: None
[2026-06-07T13:56:31.056+0000] {taskinstance.py:341} INFO - ::group::Post task execution logs
[2026-06-07T13:56:31.058+0000] {taskinstance.py:353} INFO - Marking task as SUCCESS. dag_id=coingecko_etl, task_id=create_table, run_id=scheduled__2026-05-29T18:00:00+00:00, execution_date=20260529T180000, start_date=20260607T135630, end_date=20260607T135631
[2026-06-07T13:56:31.139+0000] {local_task_job_runner.py:266} INFO - Task exited with return code 0
[2026-06-07T13:56:31.186+0000] {taskinstance.py:3901} INFO - 1 downstream tasks scheduled from follow-on schedule check
[2026-06-07T13:56:31.192+0000] {local_task_job_runner.py:245} INFO - ::endgroup::
