[2026-06-06T16:40:14.594+0000] {processor.py:186} INFO - Started process (PID=184) to work on /opt/airflow/dags/coingecko.py
[2026-06-06T16:40:14.597+0000] {processor.py:914} INFO - Processing file /opt/airflow/dags/coingecko.py for tasks to queue
[2026-06-06T16:40:14.600+0000] {logging_mixin.py:190} INFO - [2026-06-06T16:40:14.599+0000] {dagbag.py:588} INFO - Filling up the DagBag from /opt/airflow/dags/coingecko.py
[2026-06-06T16:40:17.257+0000] {logging_mixin.py:190} INFO - [2026-06-06T16:40:17.249+0000] {dagbag.py:387} ERROR - Failed to import: /opt/airflow/dags/coingecko.py
Traceback (most recent call last):
  File "/home/airflow/.local/lib/python3.12/site-packages/airflow/models/dagbag.py", line 383, in parse
    loader.exec_module(new_module)
  File "<frozen importlib._bootstrap_external>", line 999, in exec_module
  File "<frozen importlib._bootstrap>", line 488, in _call_with_frames_removed
  File "/opt/airflow/dags/coingecko.py", line 15, in <module>
    from airflow.providers.postgres.operators.postgres import PostgresOperator
ModuleNotFoundError: No module named 'airflow.providers.postgres.operators'
[2026-06-06T16:40:17.259+0000] {processor.py:927} WARNING - No viable dags retrieved from /opt/airflow/dags/coingecko.py
[2026-06-06T16:40:17.286+0000] {processor.py:208} INFO - Processing /opt/airflow/dags/coingecko.py took 2.698 seconds
[2026-06-06T16:40:47.588+0000] {processor.py:186} INFO - Started process (PID=190) to work on /opt/airflow/dags/coingecko.py
[2026-06-06T16:40:47.591+0000] {processor.py:914} INFO - Processing file /opt/airflow/dags/coingecko.py for tasks to queue
[2026-06-06T16:40:47.596+0000] {logging_mixin.py:190} INFO - [2026-06-06T16:40:47.596+0000] {dagbag.py:588} INFO - Filling up the DagBag from /opt/airflow/dags/coingecko.py
[2026-06-06T16:40:48.976+0000] {logging_mixin.py:190} INFO - [2026-06-06T16:40:48.971+0000] {dagbag.py:387} ERROR - Failed to import: /opt/airflow/dags/coingecko.py
Traceback (most recent call last):
  File "/home/airflow/.local/lib/python3.12/site-packages/airflow/models/dagbag.py", line 383, in parse
    loader.exec_module(new_module)
  File "<frozen importlib._bootstrap_external>", line 999, in exec_module
  File "<frozen importlib._bootstrap>", line 488, in _call_with_frames_removed
  File "/opt/airflow/dags/coingecko.py", line 15, in <module>
    from airflow.providers.postgres.operators.postgres import PostgresOperator
ModuleNotFoundError: No module named 'airflow.providers.postgres.operators'
[2026-06-06T16:40:48.978+0000] {processor.py:927} WARNING - No viable dags retrieved from /opt/airflow/dags/coingecko.py
[2026-06-06T16:40:49.021+0000] {processor.py:208} INFO - Processing /opt/airflow/dags/coingecko.py took 1.441 seconds
[2026-06-06T16:41:19.555+0000] {processor.py:186} INFO - Started process (PID=196) to work on /opt/airflow/dags/coingecko.py
[2026-06-06T16:41:19.563+0000] {processor.py:914} INFO - Processing file /opt/airflow/dags/coingecko.py for tasks to queue
[2026-06-06T16:41:19.627+0000] {logging_mixin.py:190} INFO - [2026-06-06T16:41:19.619+0000] {dagbag.py:588} INFO - Filling up the DagBag from /opt/airflow/dags/coingecko.py
[2026-06-06T16:41:27.422+0000] {logging_mixin.py:190} INFO - [2026-06-06T16:41:27.413+0000] {dagbag.py:387} ERROR - Failed to import: /opt/airflow/dags/coingecko.py
Traceback (most recent call last):
  File "/home/airflow/.local/lib/python3.12/site-packages/airflow/models/dagbag.py", line 383, in parse
    loader.exec_module(new_module)
  File "<frozen importlib._bootstrap_external>", line 999, in exec_module
  File "<frozen importlib._bootstrap>", line 488, in _call_with_frames_removed
  File "/opt/airflow/dags/coingecko.py", line 15, in <module>
    from airflow.providers.postgres.operators.postgres import PostgresOperator
ModuleNotFoundError: No module named 'airflow.providers.postgres.operators'
[2026-06-06T16:41:27.426+0000] {processor.py:927} WARNING - No viable dags retrieved from /opt/airflow/dags/coingecko.py
[2026-06-06T16:41:27.455+0000] {processor.py:208} INFO - Processing /opt/airflow/dags/coingecko.py took 8.191 seconds
[2026-06-06T16:41:57.802+0000] {processor.py:186} INFO - Started process (PID=202) to work on /opt/airflow/dags/coingecko.py
[2026-06-06T16:41:57.805+0000] {processor.py:914} INFO - Processing file /opt/airflow/dags/coingecko.py for tasks to queue
[2026-06-06T16:41:57.809+0000] {logging_mixin.py:190} INFO - [2026-06-06T16:41:57.809+0000] {dagbag.py:588} INFO - Filling up the DagBag from /opt/airflow/dags/coingecko.py
[2026-06-06T16:41:58.488+0000] {logging_mixin.py:190} INFO - [2026-06-06T16:41:58.483+0000] {dagbag.py:387} ERROR - Failed to import: /opt/airflow/dags/coingecko.py
Traceback (most recent call last):
  File "/home/airflow/.local/lib/python3.12/site-packages/airflow/models/dagbag.py", line 383, in parse
    loader.exec_module(new_module)
  File "<frozen importlib._bootstrap_external>", line 999, in exec_module
  File "<frozen importlib._bootstrap>", line 488, in _call_with_frames_removed
  File "/opt/airflow/dags/coingecko.py", line 15, in <module>
    from airflow.providers.postgres.operators.postgres import PostgresOperator
ModuleNotFoundError: No module named 'airflow.providers.postgres.operators'
[2026-06-06T16:41:58.489+0000] {processor.py:927} WARNING - No viable dags retrieved from /opt/airflow/dags/coingecko.py
[2026-06-06T16:41:58.548+0000] {processor.py:208} INFO - Processing /opt/airflow/dags/coingecko.py took 0.755 seconds
[2026-06-06T16:42:24.832+0000] {processor.py:186} INFO - Started process (PID=208) to work on /opt/airflow/dags/coingecko.py
[2026-06-06T16:42:24.835+0000] {processor.py:914} INFO - Processing file /opt/airflow/dags/coingecko.py for tasks to queue
[2026-06-06T16:42:24.893+0000] {logging_mixin.py:190} INFO - [2026-06-06T16:42:24.892+0000] {dagbag.py:588} INFO - Filling up the DagBag from /opt/airflow/dags/coingecko.py
[2026-06-06T16:42:26.306+0000] {processor.py:927} WARNING - No viable dags retrieved from /opt/airflow/dags/coingecko.py
[2026-06-06T16:42:26.397+0000] {processor.py:208} INFO - Processing /opt/airflow/dags/coingecko.py took 1.581 seconds
[2026-06-06T16:42:56.753+0000] {processor.py:186} INFO - Started process (PID=214) to work on /opt/airflow/dags/coingecko.py
[2026-06-06T16:42:56.756+0000] {processor.py:914} INFO - Processing file /opt/airflow/dags/coingecko.py for tasks to queue
[2026-06-06T16:42:56.763+0000] {logging_mixin.py:190} INFO - [2026-06-06T16:42:56.761+0000] {dagbag.py:588} INFO - Filling up the DagBag from /opt/airflow/dags/coingecko.py
[2026-06-06T16:42:58.024+0000] {processor.py:927} WARNING - No viable dags retrieved from /opt/airflow/dags/coingecko.py
[2026-06-06T16:42:58.114+0000] {processor.py:208} INFO - Processing /opt/airflow/dags/coingecko.py took 1.375 seconds
[2026-06-06T16:43:28.306+0000] {processor.py:186} INFO - Started process (PID=220) to work on /opt/airflow/dags/coingecko.py
[2026-06-06T16:43:28.309+0000] {processor.py:914} INFO - Processing file /opt/airflow/dags/coingecko.py for tasks to queue
[2026-06-06T16:43:28.317+0000] {logging_mixin.py:190} INFO - [2026-06-06T16:43:28.315+0000] {dagbag.py:588} INFO - Filling up the DagBag from /opt/airflow/dags/coingecko.py
[2026-06-06T16:43:30.935+0000] {processor.py:927} WARNING - No viable dags retrieved from /opt/airflow/dags/coingecko.py
[2026-06-06T16:43:31.035+0000] {processor.py:208} INFO - Processing /opt/airflow/dags/coingecko.py took 2.742 seconds
[2026-06-06T16:44:01.348+0000] {processor.py:186} INFO - Started process (PID=226) to work on /opt/airflow/dags/coingecko.py
[2026-06-06T16:44:01.351+0000] {processor.py:914} INFO - Processing file /opt/airflow/dags/coingecko.py for tasks to queue
[2026-06-06T16:44:01.357+0000] {logging_mixin.py:190} INFO - [2026-06-06T16:44:01.354+0000] {dagbag.py:588} INFO - Filling up the DagBag from /opt/airflow/dags/coingecko.py
[2026-06-06T16:44:02.653+0000] {processor.py:927} WARNING - No viable dags retrieved from /opt/airflow/dags/coingecko.py
[2026-06-06T16:44:02.742+0000] {processor.py:208} INFO - Processing /opt/airflow/dags/coingecko.py took 1.404 seconds
[2026-06-06T16:44:24.803+0000] {processor.py:186} INFO - Started process (PID=232) to work on /opt/airflow/dags/coingecko.py
[2026-06-06T16:44:24.807+0000] {processor.py:914} INFO - Processing file /opt/airflow/dags/coingecko.py for tasks to queue
[2026-06-06T16:44:24.813+0000] {logging_mixin.py:190} INFO - [2026-06-06T16:44:24.811+0000] {dagbag.py:588} INFO - Filling up the DagBag from /opt/airflow/dags/coingecko.py
[2026-06-06T16:44:26.249+0000] {logging_mixin.py:190} INFO - [2026-06-06T16:44:26.221+0000] {dagbag.py:387} ERROR - Failed to import: /opt/airflow/dags/coingecko.py
Traceback (most recent call last):
  File "/home/airflow/.local/lib/python3.12/site-packages/airflow/models/dagbag.py", line 383, in parse
    loader.exec_module(new_module)
  File "<frozen importlib._bootstrap_external>", line 999, in exec_module
  File "<frozen importlib._bootstrap>", line 488, in _call_with_frames_removed
  File "/opt/airflow/dags/coingecko.py", line 15, in <module>
    from airflow.providers.postgres.operators.postgres import PostgresOperator
ModuleNotFoundError: No module named 'airflow.providers.postgres.operators'
[2026-06-06T16:44:26.254+0000] {processor.py:927} WARNING - No viable dags retrieved from /opt/airflow/dags/coingecko.py
[2026-06-06T16:44:26.387+0000] {processor.py:208} INFO - Processing /opt/airflow/dags/coingecko.py took 1.595 seconds
[2026-06-06T16:44:45.106+0000] {processor.py:186} INFO - Started process (PID=238) to work on /opt/airflow/dags/coingecko.py
[2026-06-06T16:44:45.109+0000] {processor.py:914} INFO - Processing file /opt/airflow/dags/coingecko.py for tasks to queue
[2026-06-06T16:44:45.114+0000] {logging_mixin.py:190} INFO - [2026-06-06T16:44:45.114+0000] {dagbag.py:588} INFO - Filling up the DagBag from /opt/airflow/dags/coingecko.py
[2026-06-06T16:44:48.674+0000] {processor.py:925} INFO - DAG(s) 'coingecko_etl' retrieved from /opt/airflow/dags/coingecko.py
[2026-06-06T16:44:49.538+0000] {logging_mixin.py:190} INFO - [2026-06-06T16:44:49.532+0000] {override.py:1912} INFO - Created Permission View: can delete on DAG:coingecko_etl
[2026-06-06T16:44:49.563+0000] {logging_mixin.py:190} INFO - [2026-06-06T16:44:49.562+0000] {override.py:1912} INFO - Created Permission View: can read on DAG:coingecko_etl
[2026-06-06T16:44:49.581+0000] {logging_mixin.py:190} INFO - [2026-06-06T16:44:49.580+0000] {override.py:1912} INFO - Created Permission View: can edit on DAG:coingecko_etl
[2026-06-06T16:44:49.606+0000] {logging_mixin.py:190} INFO - [2026-06-06T16:44:49.605+0000] {override.py:1912} INFO - Created Permission View: can create on DAG Run:coingecko_etl
[2026-06-06T16:44:49.624+0000] {logging_mixin.py:190} INFO - [2026-06-06T16:44:49.624+0000] {override.py:1912} INFO - Created Permission View: can delete on DAG Run:coingecko_etl
[2026-06-06T16:44:49.639+0000] {logging_mixin.py:190} INFO - [2026-06-06T16:44:49.638+0000] {override.py:1912} INFO - Created Permission View: menu access on DAG Run:coingecko_etl
[2026-06-06T16:44:49.661+0000] {logging_mixin.py:190} INFO - [2026-06-06T16:44:49.659+0000] {override.py:1912} INFO - Created Permission View: can read on DAG Run:coingecko_etl
[2026-06-06T16:44:49.663+0000] {logging_mixin.py:190} INFO - [2026-06-06T16:44:49.662+0000] {dag.py:3239} INFO - Sync 1 DAGs
[2026-06-06T16:44:49.685+0000] {logging_mixin.py:190} INFO - [2026-06-06T16:44:49.684+0000] {dag.py:3262} INFO - Creating ORM DAG for coingecko_etl
[2026-06-06T16:44:49.688+0000] {logging_mixin.py:190} INFO - [2026-06-06T16:44:49.687+0000] {dag.py:4180} INFO - Setting next_dagrun for coingecko_etl to None, run_after=None
[2026-06-06T16:44:49.729+0000] {processor.py:208} INFO - Processing /opt/airflow/dags/coingecko.py took 4.632 seconds
[2026-06-06T16:45:20.786+0000] {processor.py:186} INFO - Started process (PID=248) to work on /opt/airflow/dags/coingecko.py
[2026-06-06T16:45:20.792+0000] {processor.py:914} INFO - Processing file /opt/airflow/dags/coingecko.py for tasks to queue
[2026-06-06T16:45:20.904+0000] {logging_mixin.py:190} INFO - [2026-06-06T16:45:20.869+0000] {dagbag.py:588} INFO - Filling up the DagBag from /opt/airflow/dags/coingecko.py
[2026-06-06T16:45:25.251+0000] {processor.py:925} INFO - DAG(s) 'coingecko_etl' retrieved from /opt/airflow/dags/coingecko.py
[2026-06-06T16:45:25.651+0000] {logging_mixin.py:190} INFO - [2026-06-06T16:45:25.638+0000] {dag.py:3239} INFO - Sync 1 DAGs
[2026-06-06T16:45:25.828+0000] {logging_mixin.py:190} INFO - [2026-06-06T16:45:25.810+0000] {dag.py:4180} INFO - Setting next_dagrun for coingecko_etl to None, run_after=None
[2026-06-06T16:45:25.983+0000] {processor.py:208} INFO - Processing /opt/airflow/dags/coingecko.py took 5.323 seconds
