[2026-06-07T14:49:33.401+0000] {local_task_job_runner.py:123} INFO - ::group::Pre task execution logs
[2026-06-07T14:49:33.427+0000] {taskinstance.py:2614} INFO - Dependencies all met for dep_context=non-requeueable deps ti=<TaskInstance: coingecko_etl.wait_until_market_settled manual__2026-06-07T14:49:29.277868+00:00 [queued]>
[2026-06-07T14:49:33.442+0000] {taskinstance.py:2614} INFO - Dependencies all met for dep_context=requeueable deps ti=<TaskInstance: coingecko_etl.wait_until_market_settled manual__2026-06-07T14:49:29.277868+00:00 [queued]>
[2026-06-07T14:49:33.444+0000] {taskinstance.py:2867} INFO - Starting attempt 1 of 3
[2026-06-07T14:49:33.464+0000] {taskinstance.py:2890} INFO - Executing <Task(TimeSensor): wait_until_market_settled> on 2026-06-07 14:49:29.277868+00:00
[2026-06-07T14:49:33.477+0000] {standard_task_runner.py:104} INFO - Running: ['***', 'tasks', 'run', 'coingecko_etl', 'wait_until_market_settled', 'manual__2026-06-07T14:49:29.277868+00:00', '--job-id', '57', '--raw', '--subdir', 'DAGS_FOLDER/coingecko.py', '--cfg-path', '/tmp/tmptigwjnsh']
[2026-06-07T14:49:33.480+0000] {standard_task_runner.py:105} INFO - Job 57: Subtask wait_until_market_settled
[2026-06-07T14:49:33.481+0000] {logging_mixin.py:190} WARNING - /home/***/.local/lib/python3.12/site-packages/***/task/task_runner/standard_task_runner.py:70 DeprecationWarning: This process (pid=1212) is multi-threaded, use of fork() may lead to deadlocks in the child.
[2026-06-07T14:49:33.484+0000] {standard_task_runner.py:72} INFO - Started process 1214 to run task
[2026-06-07T14:49:33.565+0000] {task_command.py:467} INFO - Running <TaskInstance: coingecko_etl.wait_until_market_settled manual__2026-06-07T14:49:29.277868+00:00 [running]> on host 4bbe0590abd5
[2026-06-07T14:49:33.685+0000] {taskinstance.py:3134} INFO - Exporting env vars: AIRFLOW_CTX_DAG_OWNER='data-engineering' AIRFLOW_CTX_DAG_ID='coingecko_etl' AIRFLOW_CTX_TASK_ID='wait_until_market_settled' AIRFLOW_CTX_EXECUTION_DATE='2026-06-07T14:49:29.277868+00:00' AIRFLOW_CTX_TRY_NUMBER='1' AIRFLOW_CTX_DAG_RUN_ID='manual__2026-06-07T14:49:29.277868+00:00'
[2026-06-07T14:49:33.689+0000] {taskinstance.py:732} INFO - ::endgroup::
[2026-06-07T14:49:33.719+0000] {time_sensor.py:49} INFO - Checking if the time (17:55:00) has come
[2026-06-07T14:49:33.746+0000] {taskinstance.py:310} INFO - Rescheduling task, marking task as UP_FOR_RESCHEDULE
[2026-06-07T14:49:33.748+0000] {taskinstance.py:341} INFO - ::group::Post task execution logs
[2026-06-07T14:49:33.793+0000] {local_task_job_runner.py:266} INFO - Task exited with return code 0
[2026-06-07T14:49:33.843+0000] {taskinstance.py:3901} INFO - 0 downstream tasks scheduled from follow-on schedule check
[2026-06-07T14:49:33.848+0000] {local_task_job_runner.py:245} INFO - ::endgroup::
[2026-06-07T14:50:36.102+0000] {local_task_job_runner.py:123} INFO - ::group::Pre task execution logs
[2026-06-07T14:50:36.138+0000] {taskinstance.py:2614} INFO - Dependencies all met for dep_context=non-requeueable deps ti=<TaskInstance: coingecko_etl.wait_until_market_settled manual__2026-06-07T14:49:29.277868+00:00 [queued]>
[2026-06-07T14:50:36.158+0000] {taskinstance.py:2614} INFO - Dependencies all met for dep_context=requeueable deps ti=<TaskInstance: coingecko_etl.wait_until_market_settled manual__2026-06-07T14:49:29.277868+00:00 [queued]>
[2026-06-07T14:50:36.159+0000] {taskinstance.py:2867} INFO - Starting attempt 1 of 3
[2026-06-07T14:50:36.183+0000] {taskinstance.py:2890} INFO - Executing <Task(TimeSensor): wait_until_market_settled> on 2026-06-07 14:49:29.277868+00:00
[2026-06-07T14:50:36.200+0000] {standard_task_runner.py:104} INFO - Running: ['***', 'tasks', 'run', 'coingecko_etl', 'wait_until_market_settled', 'manual__2026-06-07T14:49:29.277868+00:00', '--job-id', '59', '--raw', '--subdir', 'DAGS_FOLDER/coingecko.py', '--cfg-path', '/tmp/tmp5rjad2r4']
[2026-06-07T14:50:36.206+0000] {standard_task_runner.py:105} INFO - Job 59: Subtask wait_until_market_settled
[2026-06-07T14:50:36.206+0000] {logging_mixin.py:190} WARNING - /home/***/.local/lib/python3.12/site-packages/***/task/task_runner/standard_task_runner.py:70 DeprecationWarning: This process (pid=1232) is multi-threaded, use of fork() may lead to deadlocks in the child.
[2026-06-07T14:50:36.212+0000] {standard_task_runner.py:72} INFO - Started process 1234 to run task
[2026-06-07T14:50:36.306+0000] {task_command.py:467} INFO - Running <TaskInstance: coingecko_etl.wait_until_market_settled manual__2026-06-07T14:49:29.277868+00:00 [running]> on host 4bbe0590abd5
[2026-06-07T14:50:36.431+0000] {taskinstance.py:3134} INFO - Exporting env vars: AIRFLOW_CTX_DAG_OWNER='data-engineering' AIRFLOW_CTX_DAG_ID='coingecko_etl' AIRFLOW_CTX_TASK_ID='wait_until_market_settled' AIRFLOW_CTX_EXECUTION_DATE='2026-06-07T14:49:29.277868+00:00' AIRFLOW_CTX_TRY_NUMBER='1' AIRFLOW_CTX_DAG_RUN_ID='manual__2026-06-07T14:49:29.277868+00:00'
[2026-06-07T14:50:36.435+0000] {taskinstance.py:732} INFO - ::endgroup::
[2026-06-07T14:50:36.490+0000] {time_sensor.py:49} INFO - Checking if the time (17:55:00) has come
[2026-06-07T14:50:36.541+0000] {taskinstance.py:310} INFO - Rescheduling task, marking task as UP_FOR_RESCHEDULE
[2026-06-07T14:50:36.544+0000] {taskinstance.py:341} INFO - ::group::Post task execution logs
[2026-06-07T14:50:36.569+0000] {local_task_job_runner.py:266} INFO - Task exited with return code 0
[2026-06-07T14:50:36.657+0000] {taskinstance.py:3901} INFO - 0 downstream tasks scheduled from follow-on schedule check
[2026-06-07T14:50:36.675+0000] {local_task_job_runner.py:245} INFO - ::endgroup::
[2026-06-07T14:51:38.456+0000] {local_task_job_runner.py:123} INFO - ::group::Pre task execution logs
[2026-06-07T14:51:38.492+0000] {taskinstance.py:2614} INFO - Dependencies all met for dep_context=non-requeueable deps ti=<TaskInstance: coingecko_etl.wait_until_market_settled manual__2026-06-07T14:49:29.277868+00:00 [queued]>
[2026-06-07T14:51:38.515+0000] {taskinstance.py:2614} INFO - Dependencies all met for dep_context=requeueable deps ti=<TaskInstance: coingecko_etl.wait_until_market_settled manual__2026-06-07T14:49:29.277868+00:00 [queued]>
[2026-06-07T14:51:38.517+0000] {taskinstance.py:2867} INFO - Starting attempt 1 of 3
[2026-06-07T14:51:38.549+0000] {taskinstance.py:2890} INFO - Executing <Task(TimeSensor): wait_until_market_settled> on 2026-06-07 14:49:29.277868+00:00
[2026-06-07T14:51:38.564+0000] {standard_task_runner.py:104} INFO - Running: ['***', 'tasks', 'run', 'coingecko_etl', 'wait_until_market_settled', 'manual__2026-06-07T14:49:29.277868+00:00', '--job-id', '61', '--raw', '--subdir', 'DAGS_FOLDER/coingecko.py', '--cfg-path', '/tmp/tmpxejmzqi0']
[2026-06-07T14:51:38.570+0000] {standard_task_runner.py:105} INFO - Job 61: Subtask wait_until_market_settled
[2026-06-07T14:51:38.572+0000] {logging_mixin.py:190} WARNING - /home/***/.local/lib/python3.12/site-packages/***/task/task_runner/standard_task_runner.py:70 DeprecationWarning: This process (pid=1252) is multi-threaded, use of fork() may lead to deadlocks in the child.
[2026-06-07T14:51:38.574+0000] {standard_task_runner.py:72} INFO - Started process 1254 to run task
[2026-06-07T14:51:38.675+0000] {task_command.py:467} INFO - Running <TaskInstance: coingecko_etl.wait_until_market_settled manual__2026-06-07T14:49:29.277868+00:00 [running]> on host 4bbe0590abd5
[2026-06-07T14:51:38.834+0000] {taskinstance.py:3134} INFO - Exporting env vars: AIRFLOW_CTX_DAG_OWNER='data-engineering' AIRFLOW_CTX_DAG_ID='coingecko_etl' AIRFLOW_CTX_TASK_ID='wait_until_market_settled' AIRFLOW_CTX_EXECUTION_DATE='2026-06-07T14:49:29.277868+00:00' AIRFLOW_CTX_TRY_NUMBER='1' AIRFLOW_CTX_DAG_RUN_ID='manual__2026-06-07T14:49:29.277868+00:00'
[2026-06-07T14:51:38.837+0000] {taskinstance.py:732} INFO - ::endgroup::
[2026-06-07T14:51:38.879+0000] {time_sensor.py:49} INFO - Checking if the time (17:55:00) has come
[2026-06-07T14:51:38.907+0000] {taskinstance.py:310} INFO - Rescheduling task, marking task as UP_FOR_RESCHEDULE
[2026-06-07T14:51:38.909+0000] {taskinstance.py:341} INFO - ::group::Post task execution logs
[2026-06-07T14:51:38.925+0000] {local_task_job_runner.py:266} INFO - Task exited with return code 0
[2026-06-07T14:51:38.958+0000] {taskinstance.py:3901} INFO - 0 downstream tasks scheduled from follow-on schedule check
[2026-06-07T14:51:38.964+0000] {local_task_job_runner.py:245} INFO - ::endgroup::
[2026-06-07T14:52:41.046+0000] {local_task_job_runner.py:123} INFO - ::group::Pre task execution logs
[2026-06-07T14:52:41.070+0000] {taskinstance.py:2614} INFO - Dependencies all met for dep_context=non-requeueable deps ti=<TaskInstance: coingecko_etl.wait_until_market_settled manual__2026-06-07T14:49:29.277868+00:00 [queued]>
[2026-06-07T14:52:41.083+0000] {taskinstance.py:2614} INFO - Dependencies all met for dep_context=requeueable deps ti=<TaskInstance: coingecko_etl.wait_until_market_settled manual__2026-06-07T14:49:29.277868+00:00 [queued]>
[2026-06-07T14:52:41.085+0000] {taskinstance.py:2867} INFO - Starting attempt 1 of 3
[2026-06-07T14:52:41.101+0000] {taskinstance.py:2890} INFO - Executing <Task(TimeSensor): wait_until_market_settled> on 2026-06-07 14:49:29.277868+00:00
[2026-06-07T14:52:41.112+0000] {standard_task_runner.py:104} INFO - Running: ['***', 'tasks', 'run', 'coingecko_etl', 'wait_until_market_settled', 'manual__2026-06-07T14:49:29.277868+00:00', '--job-id', '63', '--raw', '--subdir', 'DAGS_FOLDER/coingecko.py', '--cfg-path', '/tmp/tmpzicc6j8s']
[2026-06-07T14:52:41.115+0000] {logging_mixin.py:190} WARNING - /home/***/.local/lib/python3.12/site-packages/***/task/task_runner/standard_task_runner.py:70 DeprecationWarning: This process (pid=1272) is multi-threaded, use of fork() may lead to deadlocks in the child.
[2026-06-07T14:52:41.117+0000] {standard_task_runner.py:72} INFO - Started process 1274 to run task
[2026-06-07T14:52:41.116+0000] {standard_task_runner.py:105} INFO - Job 63: Subtask wait_until_market_settled
[2026-06-07T14:52:41.183+0000] {task_command.py:467} INFO - Running <TaskInstance: coingecko_etl.wait_until_market_settled manual__2026-06-07T14:49:29.277868+00:00 [running]> on host 4bbe0590abd5
[2026-06-07T14:52:41.277+0000] {taskinstance.py:3134} INFO - Exporting env vars: AIRFLOW_CTX_DAG_OWNER='data-engineering' AIRFLOW_CTX_DAG_ID='coingecko_etl' AIRFLOW_CTX_TASK_ID='wait_until_market_settled' AIRFLOW_CTX_EXECUTION_DATE='2026-06-07T14:49:29.277868+00:00' AIRFLOW_CTX_TRY_NUMBER='1' AIRFLOW_CTX_DAG_RUN_ID='manual__2026-06-07T14:49:29.277868+00:00'
[2026-06-07T14:52:41.279+0000] {taskinstance.py:732} INFO - ::endgroup::
[2026-06-07T14:52:41.309+0000] {time_sensor.py:49} INFO - Checking if the time (17:55:00) has come
[2026-06-07T14:52:41.337+0000] {taskinstance.py:310} INFO - Rescheduling task, marking task as UP_FOR_RESCHEDULE
[2026-06-07T14:52:41.340+0000] {taskinstance.py:341} INFO - ::group::Post task execution logs
[2026-06-07T14:52:41.385+0000] {local_task_job_runner.py:266} INFO - Task exited with return code 0
[2026-06-07T14:52:41.425+0000] {taskinstance.py:3901} INFO - 0 downstream tasks scheduled from follow-on schedule check
[2026-06-07T14:52:41.430+0000] {local_task_job_runner.py:245} INFO - ::endgroup::
[2026-06-07T14:53:43.168+0000] {local_task_job_runner.py:123} INFO - ::group::Pre task execution logs
[2026-06-07T14:53:43.197+0000] {taskinstance.py:2614} INFO - Dependencies all met for dep_context=non-requeueable deps ti=<TaskInstance: coingecko_etl.wait_until_market_settled manual__2026-06-07T14:49:29.277868+00:00 [queued]>
[2026-06-07T14:53:43.211+0000] {taskinstance.py:2614} INFO - Dependencies all met for dep_context=requeueable deps ti=<TaskInstance: coingecko_etl.wait_until_market_settled manual__2026-06-07T14:49:29.277868+00:00 [queued]>
[2026-06-07T14:53:43.213+0000] {taskinstance.py:2867} INFO - Starting attempt 1 of 3
[2026-06-07T14:53:43.232+0000] {taskinstance.py:2890} INFO - Executing <Task(TimeSensor): wait_until_market_settled> on 2026-06-07 14:49:29.277868+00:00
[2026-06-07T14:53:43.245+0000] {standard_task_runner.py:104} INFO - Running: ['***', 'tasks', 'run', 'coingecko_etl', 'wait_until_market_settled', 'manual__2026-06-07T14:49:29.277868+00:00', '--job-id', '65', '--raw', '--subdir', 'DAGS_FOLDER/coingecko.py', '--cfg-path', '/tmp/tmpj98ovqzq']
[2026-06-07T14:53:43.247+0000] {logging_mixin.py:190} WARNING - /home/***/.local/lib/python3.12/site-packages/***/task/task_runner/standard_task_runner.py:70 DeprecationWarning: This process (pid=1292) is multi-threaded, use of fork() may lead to deadlocks in the child.
[2026-06-07T14:53:43.249+0000] {standard_task_runner.py:105} INFO - Job 65: Subtask wait_until_market_settled
[2026-06-07T14:53:43.251+0000] {standard_task_runner.py:72} INFO - Started process 1294 to run task
[2026-06-07T14:53:43.328+0000] {task_command.py:467} INFO - Running <TaskInstance: coingecko_etl.wait_until_market_settled manual__2026-06-07T14:49:29.277868+00:00 [running]> on host 4bbe0590abd5
[2026-06-07T14:53:43.430+0000] {taskinstance.py:3134} INFO - Exporting env vars: AIRFLOW_CTX_DAG_OWNER='data-engineering' AIRFLOW_CTX_DAG_ID='coingecko_etl' AIRFLOW_CTX_TASK_ID='wait_until_market_settled' AIRFLOW_CTX_EXECUTION_DATE='2026-06-07T14:49:29.277868+00:00' AIRFLOW_CTX_TRY_NUMBER='1' AIRFLOW_CTX_DAG_RUN_ID='manual__2026-06-07T14:49:29.277868+00:00'
[2026-06-07T14:53:43.433+0000] {taskinstance.py:732} INFO - ::endgroup::
[2026-06-07T14:53:43.464+0000] {time_sensor.py:49} INFO - Checking if the time (17:55:00) has come
[2026-06-07T14:53:43.498+0000] {taskinstance.py:310} INFO - Rescheduling task, marking task as UP_FOR_RESCHEDULE
[2026-06-07T14:53:43.500+0000] {taskinstance.py:341} INFO - ::group::Post task execution logs
[2026-06-07T14:53:43.519+0000] {local_task_job_runner.py:266} INFO - Task exited with return code 0
[2026-06-07T14:53:43.557+0000] {taskinstance.py:3901} INFO - 0 downstream tasks scheduled from follow-on schedule check
[2026-06-07T14:53:43.563+0000] {local_task_job_runner.py:245} INFO - ::endgroup::
[2026-06-07T14:54:45.967+0000] {local_task_job_runner.py:123} INFO - ::group::Pre task execution logs
[2026-06-07T14:54:46.000+0000] {taskinstance.py:2614} INFO - Dependencies all met for dep_context=non-requeueable deps ti=<TaskInstance: coingecko_etl.wait_until_market_settled manual__2026-06-07T14:49:29.277868+00:00 [queued]>
[2026-06-07T14:54:46.023+0000] {taskinstance.py:2614} INFO - Dependencies all met for dep_context=requeueable deps ti=<TaskInstance: coingecko_etl.wait_until_market_settled manual__2026-06-07T14:49:29.277868+00:00 [queued]>
[2026-06-07T14:54:46.025+0000] {taskinstance.py:2867} INFO - Starting attempt 1 of 3
[2026-06-07T14:54:46.052+0000] {taskinstance.py:2890} INFO - Executing <Task(TimeSensor): wait_until_market_settled> on 2026-06-07 14:49:29.277868+00:00
[2026-06-07T14:54:46.066+0000] {standard_task_runner.py:104} INFO - Running: ['***', 'tasks', 'run', 'coingecko_etl', 'wait_until_market_settled', 'manual__2026-06-07T14:49:29.277868+00:00', '--job-id', '67', '--raw', '--subdir', 'DAGS_FOLDER/coingecko.py', '--cfg-path', '/tmp/tmpv3oktco1']
[2026-06-07T14:54:46.071+0000] {standard_task_runner.py:105} INFO - Job 67: Subtask wait_until_market_settled
[2026-06-07T14:54:46.075+0000] {logging_mixin.py:190} WARNING - /home/***/.local/lib/python3.12/site-packages/***/task/task_runner/standard_task_runner.py:70 DeprecationWarning: This process (pid=1310) is multi-threaded, use of fork() may lead to deadlocks in the child.
[2026-06-07T14:54:46.080+0000] {standard_task_runner.py:72} INFO - Started process 1314 to run task
[2026-06-07T14:54:46.183+0000] {task_command.py:467} INFO - Running <TaskInstance: coingecko_etl.wait_until_market_settled manual__2026-06-07T14:49:29.277868+00:00 [running]> on host 4bbe0590abd5
[2026-06-07T14:54:46.338+0000] {taskinstance.py:3134} INFO - Exporting env vars: AIRFLOW_CTX_DAG_OWNER='data-engineering' AIRFLOW_CTX_DAG_ID='coingecko_etl' AIRFLOW_CTX_TASK_ID='wait_until_market_settled' AIRFLOW_CTX_EXECUTION_DATE='2026-06-07T14:49:29.277868+00:00' AIRFLOW_CTX_TRY_NUMBER='1' AIRFLOW_CTX_DAG_RUN_ID='manual__2026-06-07T14:49:29.277868+00:00'
[2026-06-07T14:54:46.341+0000] {taskinstance.py:732} INFO - ::endgroup::
[2026-06-07T14:54:46.375+0000] {time_sensor.py:49} INFO - Checking if the time (17:55:00) has come
[2026-06-07T14:54:46.408+0000] {taskinstance.py:310} INFO - Rescheduling task, marking task as UP_FOR_RESCHEDULE
[2026-06-07T14:54:46.411+0000] {taskinstance.py:341} INFO - ::group::Post task execution logs
[2026-06-07T14:54:46.430+0000] {local_task_job_runner.py:266} INFO - Task exited with return code 0
[2026-06-07T14:54:46.468+0000] {taskinstance.py:3901} INFO - 0 downstream tasks scheduled from follow-on schedule check
[2026-06-07T14:54:46.474+0000] {local_task_job_runner.py:245} INFO - ::endgroup::
[2026-06-07T14:55:55.747+0000] {local_task_job_runner.py:123} INFO - ::group::Pre task execution logs
[2026-06-07T14:55:55.797+0000] {taskinstance.py:2614} INFO - Dependencies all met for dep_context=non-requeueable deps ti=<TaskInstance: coingecko_etl.wait_until_market_settled manual__2026-06-07T14:49:29.277868+00:00 [queued]>
[2026-06-07T14:55:55.820+0000] {taskinstance.py:2614} INFO - Dependencies all met for dep_context=requeueable deps ti=<TaskInstance: coingecko_etl.wait_until_market_settled manual__2026-06-07T14:49:29.277868+00:00 [queued]>
[2026-06-07T14:55:55.822+0000] {taskinstance.py:2867} INFO - Starting attempt 1 of 3
[2026-06-07T14:55:55.854+0000] {taskinstance.py:2890} INFO - Executing <Task(TimeSensor): wait_until_market_settled> on 2026-06-07 14:49:29.277868+00:00
[2026-06-07T14:55:55.874+0000] {logging_mixin.py:190} WARNING - /home/***/.local/lib/python3.12/site-packages/***/task/task_runner/standard_task_runner.py:70 DeprecationWarning: This process (pid=1323) is multi-threaded, use of fork() may lead to deadlocks in the child.
[2026-06-07T14:55:55.876+0000] {standard_task_runner.py:72} INFO - Started process 1331 to run task
[2026-06-07T14:55:55.874+0000] {standard_task_runner.py:104} INFO - Running: ['***', 'tasks', 'run', 'coingecko_etl', 'wait_until_market_settled', 'manual__2026-06-07T14:49:29.277868+00:00', '--job-id', '68', '--raw', '--subdir', 'DAGS_FOLDER/coingecko.py', '--cfg-path', '/tmp/tmp0cw202nu']
[2026-06-07T14:55:55.880+0000] {standard_task_runner.py:105} INFO - Job 68: Subtask wait_until_market_settled
[2026-06-07T14:55:56.070+0000] {task_command.py:467} INFO - Running <TaskInstance: coingecko_etl.wait_until_market_settled manual__2026-06-07T14:49:29.277868+00:00 [running]> on host 4bbe0590abd5
[2026-06-07T14:56:01.520+0000] {taskinstance.py:3134} INFO - Exporting env vars: AIRFLOW_CTX_DAG_OWNER='data-engineering' AIRFLOW_CTX_DAG_ID='coingecko_etl' AIRFLOW_CTX_TASK_ID='wait_until_market_settled' AIRFLOW_CTX_EXECUTION_DATE='2026-06-07T14:49:29.277868+00:00' AIRFLOW_CTX_TRY_NUMBER='1' AIRFLOW_CTX_DAG_RUN_ID='manual__2026-06-07T14:49:29.277868+00:00'
[2026-06-07T14:56:30.967+0000] {taskinstance.py:732} INFO - ::endgroup::
[2026-06-07T14:56:31.377+0000] {time_sensor.py:49} INFO - Checking if the time (17:55:00) has come
[2026-06-07T14:56:31.425+0000] {job.py:229} INFO - Heartbeat recovered after 35.88 seconds
[2026-06-07T14:56:31.455+0000] {taskinstance.py:310} INFO - Rescheduling task, marking task as UP_FOR_RESCHEDULE
[2026-06-07T14:56:31.459+0000] {taskinstance.py:341} INFO - ::group::Post task execution logs
[2026-06-07T14:56:31.503+0000] {local_task_job_runner.py:266} INFO - Task exited with return code 0
[2026-06-07T14:56:31.598+0000] {taskinstance.py:3901} INFO - 0 downstream tasks scheduled from follow-on schedule check
[2026-06-07T14:56:31.614+0000] {local_task_job_runner.py:245} INFO - ::endgroup::
[2026-06-07T14:57:48.781+0000] {local_task_job_runner.py:123} INFO - ::group::Pre task execution logs
[2026-06-07T14:57:48.837+0000] {taskinstance.py:2614} INFO - Dependencies all met for dep_context=non-requeueable deps ti=<TaskInstance: coingecko_etl.wait_until_market_settled manual__2026-06-07T14:49:29.277868+00:00 [queued]>
[2026-06-07T14:57:48.861+0000] {taskinstance.py:2614} INFO - Dependencies all met for dep_context=requeueable deps ti=<TaskInstance: coingecko_etl.wait_until_market_settled manual__2026-06-07T14:49:29.277868+00:00 [queued]>
[2026-06-07T14:57:48.863+0000] {taskinstance.py:2867} INFO - Starting attempt 1 of 3
[2026-06-07T14:57:48.892+0000] {taskinstance.py:2890} INFO - Executing <Task(TimeSensor): wait_until_market_settled> on 2026-06-07 14:49:29.277868+00:00
[2026-06-07T14:57:48.918+0000] {logging_mixin.py:190} WARNING - /home/***/.local/lib/python3.12/site-packages/***/task/task_runner/standard_task_runner.py:70 DeprecationWarning: This process (pid=1342) is multi-threaded, use of fork() may lead to deadlocks in the child.
[2026-06-07T14:57:48.918+0000] {standard_task_runner.py:104} INFO - Running: ['***', 'tasks', 'run', 'coingecko_etl', 'wait_until_market_settled', 'manual__2026-06-07T14:49:29.277868+00:00', '--job-id', '70', '--raw', '--subdir', 'DAGS_FOLDER/coingecko.py', '--cfg-path', '/tmp/tmpwqln29tr']
[2026-06-07T14:57:48.922+0000] {standard_task_runner.py:105} INFO - Job 70: Subtask wait_until_market_settled
[2026-06-07T14:57:48.921+0000] {standard_task_runner.py:72} INFO - Started process 1350 to run task
[2026-06-07T14:57:49.606+0000] {task_command.py:467} INFO - Running <TaskInstance: coingecko_etl.wait_until_market_settled manual__2026-06-07T14:49:29.277868+00:00 [running]> on host 4bbe0590abd5
[2026-06-07T14:58:05.216+0000] {job.py:229} INFO - Heartbeat recovered after 16.95 seconds
[2026-06-07T14:58:05.247+0000] {taskinstance.py:3134} INFO - Exporting env vars: AIRFLOW_CTX_DAG_OWNER='data-engineering' AIRFLOW_CTX_DAG_ID='coingecko_etl' AIRFLOW_CTX_TASK_ID='wait_until_market_settled' AIRFLOW_CTX_EXECUTION_DATE='2026-06-07T14:49:29.277868+00:00' AIRFLOW_CTX_TRY_NUMBER='1' AIRFLOW_CTX_DAG_RUN_ID='manual__2026-06-07T14:49:29.277868+00:00'
[2026-06-07T14:58:05.250+0000] {taskinstance.py:732} INFO - ::endgroup::
[2026-06-07T14:58:05.331+0000] {time_sensor.py:49} INFO - Checking if the time (17:55:00) has come
[2026-06-07T14:58:05.406+0000] {taskinstance.py:310} INFO - Rescheduling task, marking task as UP_FOR_RESCHEDULE
[2026-06-07T14:58:05.409+0000] {taskinstance.py:341} INFO - ::group::Post task execution logs
[2026-06-07T14:58:05.444+0000] {local_task_job_runner.py:266} INFO - Task exited with return code 0
[2026-06-07T14:58:05.533+0000] {taskinstance.py:3901} INFO - 0 downstream tasks scheduled from follow-on schedule check
[2026-06-07T14:58:05.540+0000] {local_task_job_runner.py:245} INFO - ::endgroup::
[2026-06-07T14:59:10.366+0000] {local_task_job_runner.py:123} INFO - ::group::Pre task execution logs
[2026-06-07T14:59:10.395+0000] {taskinstance.py:2614} INFO - Dependencies all met for dep_context=non-requeueable deps ti=<TaskInstance: coingecko_etl.wait_until_market_settled manual__2026-06-07T14:49:29.277868+00:00 [queued]>
[2026-06-07T14:59:10.409+0000] {taskinstance.py:2614} INFO - Dependencies all met for dep_context=requeueable deps ti=<TaskInstance: coingecko_etl.wait_until_market_settled manual__2026-06-07T14:49:29.277868+00:00 [queued]>
[2026-06-07T14:59:10.410+0000] {taskinstance.py:2867} INFO - Starting attempt 1 of 3
[2026-06-07T14:59:10.433+0000] {taskinstance.py:2890} INFO - Executing <Task(TimeSensor): wait_until_market_settled> on 2026-06-07 14:49:29.277868+00:00
[2026-06-07T14:59:10.450+0000] {logging_mixin.py:190} WARNING - /home/***/.local/lib/python3.12/site-packages/***/task/task_runner/standard_task_runner.py:70 DeprecationWarning: This process (pid=1362) is multi-threaded, use of fork() may lead to deadlocks in the child.
[2026-06-07T14:59:10.453+0000] {standard_task_runner.py:104} INFO - Running: ['***', 'tasks', 'run', 'coingecko_etl', 'wait_until_market_settled', 'manual__2026-06-07T14:49:29.277868+00:00', '--job-id', '72', '--raw', '--subdir', 'DAGS_FOLDER/coingecko.py', '--cfg-path', '/tmp/tmpsjx5r7ay']
[2026-06-07T14:59:10.455+0000] {standard_task_runner.py:72} INFO - Started process 1373 to run task
[2026-06-07T14:59:10.456+0000] {standard_task_runner.py:105} INFO - Job 72: Subtask wait_until_market_settled
[2026-06-07T14:59:10.537+0000] {task_command.py:467} INFO - Running <TaskInstance: coingecko_etl.wait_until_market_settled manual__2026-06-07T14:49:29.277868+00:00 [running]> on host 4bbe0590abd5
[2026-06-07T14:59:10.654+0000] {taskinstance.py:3134} INFO - Exporting env vars: AIRFLOW_CTX_DAG_OWNER='data-engineering' AIRFLOW_CTX_DAG_ID='coingecko_etl' AIRFLOW_CTX_TASK_ID='wait_until_market_settled' AIRFLOW_CTX_EXECUTION_DATE='2026-06-07T14:49:29.277868+00:00' AIRFLOW_CTX_TRY_NUMBER='1' AIRFLOW_CTX_DAG_RUN_ID='manual__2026-06-07T14:49:29.277868+00:00'
[2026-06-07T14:59:10.658+0000] {taskinstance.py:732} INFO - ::endgroup::
[2026-06-07T14:59:10.699+0000] {time_sensor.py:49} INFO - Checking if the time (17:55:00) has come
[2026-06-07T14:59:10.734+0000] {taskinstance.py:310} INFO - Rescheduling task, marking task as UP_FOR_RESCHEDULE
[2026-06-07T14:59:10.736+0000] {taskinstance.py:341} INFO - ::group::Post task execution logs
[2026-06-07T14:59:10.761+0000] {local_task_job_runner.py:266} INFO - Task exited with return code 0
[2026-06-07T14:59:10.802+0000] {taskinstance.py:3901} INFO - 0 downstream tasks scheduled from follow-on schedule check
[2026-06-07T14:59:10.810+0000] {local_task_job_runner.py:245} INFO - ::endgroup::
[2026-06-07T15:00:13.503+0000] {local_task_job_runner.py:123} INFO - ::group::Pre task execution logs
[2026-06-07T15:00:13.536+0000] {taskinstance.py:2614} INFO - Dependencies all met for dep_context=non-requeueable deps ti=<TaskInstance: coingecko_etl.wait_until_market_settled manual__2026-06-07T14:49:29.277868+00:00 [queued]>
[2026-06-07T15:00:13.554+0000] {taskinstance.py:2614} INFO - Dependencies all met for dep_context=requeueable deps ti=<TaskInstance: coingecko_etl.wait_until_market_settled manual__2026-06-07T14:49:29.277868+00:00 [queued]>
[2026-06-07T15:00:13.556+0000] {taskinstance.py:2867} INFO - Starting attempt 1 of 3
[2026-06-07T15:00:13.579+0000] {taskinstance.py:2890} INFO - Executing <Task(TimeSensor): wait_until_market_settled> on 2026-06-07 14:49:29.277868+00:00
[2026-06-07T15:00:13.595+0000] {logging_mixin.py:190} WARNING - /home/***/.local/lib/python3.12/site-packages/***/task/task_runner/standard_task_runner.py:70 DeprecationWarning: This process (pid=1382) is multi-threaded, use of fork() may lead to deadlocks in the child.
[2026-06-07T15:00:13.598+0000] {standard_task_runner.py:72} INFO - Started process 1392 to run task
[2026-06-07T15:00:13.596+0000] {standard_task_runner.py:104} INFO - Running: ['***', 'tasks', 'run', 'coingecko_etl', 'wait_until_market_settled', 'manual__2026-06-07T14:49:29.277868+00:00', '--job-id', '75', '--raw', '--subdir', 'DAGS_FOLDER/coingecko.py', '--cfg-path', '/tmp/tmpi4lt6az7']
[2026-06-07T15:00:13.601+0000] {standard_task_runner.py:105} INFO - Job 75: Subtask wait_until_market_settled
[2026-06-07T15:00:13.692+0000] {task_command.py:467} INFO - Running <TaskInstance: coingecko_etl.wait_until_market_settled manual__2026-06-07T14:49:29.277868+00:00 [running]> on host 4bbe0590abd5
[2026-06-07T15:00:13.820+0000] {taskinstance.py:3134} INFO - Exporting env vars: AIRFLOW_CTX_DAG_OWNER='data-engineering' AIRFLOW_CTX_DAG_ID='coingecko_etl' AIRFLOW_CTX_TASK_ID='wait_until_market_settled' AIRFLOW_CTX_EXECUTION_DATE='2026-06-07T14:49:29.277868+00:00' AIRFLOW_CTX_TRY_NUMBER='1' AIRFLOW_CTX_DAG_RUN_ID='manual__2026-06-07T14:49:29.277868+00:00'
[2026-06-07T15:00:13.823+0000] {taskinstance.py:732} INFO - ::endgroup::
[2026-06-07T15:00:13.869+0000] {time_sensor.py:49} INFO - Checking if the time (17:55:00) has come
[2026-06-07T15:00:13.904+0000] {taskinstance.py:310} INFO - Rescheduling task, marking task as UP_FOR_RESCHEDULE
[2026-06-07T15:00:13.906+0000] {taskinstance.py:341} INFO - ::group::Post task execution logs
[2026-06-07T15:00:13.949+0000] {local_task_job_runner.py:266} INFO - Task exited with return code 0
[2026-06-07T15:00:13.993+0000] {taskinstance.py:3901} INFO - 0 downstream tasks scheduled from follow-on schedule check
[2026-06-07T15:00:14.004+0000] {local_task_job_runner.py:245} INFO - ::endgroup::
[2026-06-07T15:01:17.088+0000] {local_task_job_runner.py:123} INFO - ::group::Pre task execution logs
[2026-06-07T15:01:17.131+0000] {taskinstance.py:2614} INFO - Dependencies all met for dep_context=non-requeueable deps ti=<TaskInstance: coingecko_etl.wait_until_market_settled manual__2026-06-07T14:49:29.277868+00:00 [queued]>
[2026-06-07T15:01:17.148+0000] {taskinstance.py:2614} INFO - Dependencies all met for dep_context=requeueable deps ti=<TaskInstance: coingecko_etl.wait_until_market_settled manual__2026-06-07T14:49:29.277868+00:00 [queued]>
[2026-06-07T15:01:17.150+0000] {taskinstance.py:2867} INFO - Starting attempt 1 of 3
[2026-06-07T15:01:17.175+0000] {taskinstance.py:2890} INFO - Executing <Task(TimeSensor): wait_until_market_settled> on 2026-06-07 14:49:29.277868+00:00
[2026-06-07T15:01:17.189+0000] {logging_mixin.py:190} WARNING - /home/***/.local/lib/python3.12/site-packages/***/task/task_runner/standard_task_runner.py:70 DeprecationWarning: This process (pid=1403) is multi-threaded, use of fork() may lead to deadlocks in the child.
[2026-06-07T15:01:17.189+0000] {standard_task_runner.py:104} INFO - Running: ['***', 'tasks', 'run', 'coingecko_etl', 'wait_until_market_settled', 'manual__2026-06-07T14:49:29.277868+00:00', '--job-id', '77', '--raw', '--subdir', 'DAGS_FOLDER/coingecko.py', '--cfg-path', '/tmp/tmpb_v4isl9']
[2026-06-07T15:01:17.193+0000] {standard_task_runner.py:72} INFO - Started process 1413 to run task
[2026-06-07T15:01:17.194+0000] {standard_task_runner.py:105} INFO - Job 77: Subtask wait_until_market_settled
[2026-06-07T15:01:17.292+0000] {task_command.py:467} INFO - Running <TaskInstance: coingecko_etl.wait_until_market_settled manual__2026-06-07T14:49:29.277868+00:00 [running]> on host 4bbe0590abd5
[2026-06-07T15:01:17.413+0000] {taskinstance.py:3134} INFO - Exporting env vars: AIRFLOW_CTX_DAG_OWNER='data-engineering' AIRFLOW_CTX_DAG_ID='coingecko_etl' AIRFLOW_CTX_TASK_ID='wait_until_market_settled' AIRFLOW_CTX_EXECUTION_DATE='2026-06-07T14:49:29.277868+00:00' AIRFLOW_CTX_TRY_NUMBER='1' AIRFLOW_CTX_DAG_RUN_ID='manual__2026-06-07T14:49:29.277868+00:00'
[2026-06-07T15:01:17.416+0000] {taskinstance.py:732} INFO - ::endgroup::
[2026-06-07T15:01:17.449+0000] {time_sensor.py:49} INFO - Checking if the time (17:55:00) has come
[2026-06-07T15:01:17.481+0000] {taskinstance.py:310} INFO - Rescheduling task, marking task as UP_FOR_RESCHEDULE
[2026-06-07T15:01:17.483+0000] {taskinstance.py:341} INFO - ::group::Post task execution logs
[2026-06-07T15:01:17.499+0000] {local_task_job_runner.py:266} INFO - Task exited with return code 0
[2026-06-07T15:01:17.540+0000] {taskinstance.py:3901} INFO - 0 downstream tasks scheduled from follow-on schedule check
[2026-06-07T15:01:17.546+0000] {local_task_job_runner.py:245} INFO - ::endgroup::
[2026-06-07T15:02:19.606+0000] {local_task_job_runner.py:123} INFO - ::group::Pre task execution logs
[2026-06-07T15:02:19.637+0000] {taskinstance.py:2614} INFO - Dependencies all met for dep_context=non-requeueable deps ti=<TaskInstance: coingecko_etl.wait_until_market_settled manual__2026-06-07T14:49:29.277868+00:00 [queued]>
[2026-06-07T15:02:19.651+0000] {taskinstance.py:2614} INFO - Dependencies all met for dep_context=requeueable deps ti=<TaskInstance: coingecko_etl.wait_until_market_settled manual__2026-06-07T14:49:29.277868+00:00 [queued]>
[2026-06-07T15:02:19.653+0000] {taskinstance.py:2867} INFO - Starting attempt 1 of 3
[2026-06-07T15:02:19.679+0000] {taskinstance.py:2890} INFO - Executing <Task(TimeSensor): wait_until_market_settled> on 2026-06-07 14:49:29.277868+00:00
[2026-06-07T15:02:19.690+0000] {logging_mixin.py:190} WARNING - /home/***/.local/lib/python3.12/site-packages/***/task/task_runner/standard_task_runner.py:70 DeprecationWarning: This process (pid=1427) is multi-threaded, use of fork() may lead to deadlocks in the child.
[2026-06-07T15:02:19.691+0000] {standard_task_runner.py:104} INFO - Running: ['***', 'tasks', 'run', 'coingecko_etl', 'wait_until_market_settled', 'manual__2026-06-07T14:49:29.277868+00:00', '--job-id', '79', '--raw', '--subdir', 'DAGS_FOLDER/coingecko.py', '--cfg-path', '/tmp/tmpw1u6gl13']
[2026-06-07T15:02:19.694+0000] {standard_task_runner.py:72} INFO - Started process 1433 to run task
[2026-06-07T15:02:19.695+0000] {standard_task_runner.py:105} INFO - Job 79: Subtask wait_until_market_settled
[2026-06-07T15:02:19.769+0000] {task_command.py:467} INFO - Running <TaskInstance: coingecko_etl.wait_until_market_settled manual__2026-06-07T14:49:29.277868+00:00 [running]> on host 4bbe0590abd5
[2026-06-07T15:02:19.879+0000] {taskinstance.py:3134} INFO - Exporting env vars: AIRFLOW_CTX_DAG_OWNER='data-engineering' AIRFLOW_CTX_DAG_ID='coingecko_etl' AIRFLOW_CTX_TASK_ID='wait_until_market_settled' AIRFLOW_CTX_EXECUTION_DATE='2026-06-07T14:49:29.277868+00:00' AIRFLOW_CTX_TRY_NUMBER='1' AIRFLOW_CTX_DAG_RUN_ID='manual__2026-06-07T14:49:29.277868+00:00'
[2026-06-07T15:02:19.884+0000] {taskinstance.py:732} INFO - ::endgroup::
[2026-06-07T15:02:19.921+0000] {time_sensor.py:49} INFO - Checking if the time (17:55:00) has come
[2026-06-07T15:02:19.951+0000] {taskinstance.py:310} INFO - Rescheduling task, marking task as UP_FOR_RESCHEDULE
[2026-06-07T15:02:19.952+0000] {taskinstance.py:341} INFO - ::group::Post task execution logs
[2026-06-07T15:02:20.000+0000] {local_task_job_runner.py:266} INFO - Task exited with return code 0
[2026-06-07T15:02:20.037+0000] {taskinstance.py:3901} INFO - 0 downstream tasks scheduled from follow-on schedule check
[2026-06-07T15:02:20.043+0000] {local_task_job_runner.py:245} INFO - ::endgroup::
[2026-06-07T15:03:23.443+0000] {local_task_job_runner.py:123} INFO - ::group::Pre task execution logs
[2026-06-07T15:03:23.513+0000] {taskinstance.py:2614} INFO - Dependencies all met for dep_context=non-requeueable deps ti=<TaskInstance: coingecko_etl.wait_until_market_settled manual__2026-06-07T14:49:29.277868+00:00 [queued]>
[2026-06-07T15:03:23.558+0000] {taskinstance.py:2614} INFO - Dependencies all met for dep_context=requeueable deps ti=<TaskInstance: coingecko_etl.wait_until_market_settled manual__2026-06-07T14:49:29.277868+00:00 [queued]>
[2026-06-07T15:03:23.561+0000] {taskinstance.py:2867} INFO - Starting attempt 1 of 3
[2026-06-07T15:03:23.600+0000] {taskinstance.py:2890} INFO - Executing <Task(TimeSensor): wait_until_market_settled> on 2026-06-07 14:49:29.277868+00:00
[2026-06-07T15:03:23.629+0000] {logging_mixin.py:190} WARNING - /home/***/.local/lib/python3.12/site-packages/***/task/task_runner/standard_task_runner.py:70 DeprecationWarning: This process (pid=1443) is multi-threaded, use of fork() may lead to deadlocks in the child.
[2026-06-07T15:03:23.632+0000] {standard_task_runner.py:104} INFO - Running: ['***', 'tasks', 'run', 'coingecko_etl', 'wait_until_market_settled', 'manual__2026-06-07T14:49:29.277868+00:00', '--job-id', '81', '--raw', '--subdir', 'DAGS_FOLDER/coingecko.py', '--cfg-path', '/tmp/tmprz7bmdr8']
[2026-06-07T15:03:23.636+0000] {standard_task_runner.py:72} INFO - Started process 1451 to run task
[2026-06-07T15:03:23.638+0000] {standard_task_runner.py:105} INFO - Job 81: Subtask wait_until_market_settled
[2026-06-07T15:03:24.388+0000] {task_command.py:467} INFO - Running <TaskInstance: coingecko_etl.wait_until_market_settled manual__2026-06-07T14:49:29.277868+00:00 [running]> on host 4bbe0590abd5
[2026-06-07T15:03:24.764+0000] {taskinstance.py:3134} INFO - Exporting env vars: AIRFLOW_CTX_DAG_OWNER='data-engineering' AIRFLOW_CTX_DAG_ID='coingecko_etl' AIRFLOW_CTX_TASK_ID='wait_until_market_settled' AIRFLOW_CTX_EXECUTION_DATE='2026-06-07T14:49:29.277868+00:00' AIRFLOW_CTX_TRY_NUMBER='1' AIRFLOW_CTX_DAG_RUN_ID='manual__2026-06-07T14:49:29.277868+00:00'
[2026-06-07T15:03:24.769+0000] {taskinstance.py:732} INFO - ::endgroup::
[2026-06-07T15:03:24.830+0000] {time_sensor.py:49} INFO - Checking if the time (17:55:00) has come
[2026-06-07T15:03:24.868+0000] {taskinstance.py:310} INFO - Rescheduling task, marking task as UP_FOR_RESCHEDULE
[2026-06-07T15:03:24.869+0000] {taskinstance.py:341} INFO - ::group::Post task execution logs
[2026-06-07T15:03:24.915+0000] {local_task_job_runner.py:266} INFO - Task exited with return code 0
[2026-06-07T15:03:24.958+0000] {taskinstance.py:3901} INFO - 0 downstream tasks scheduled from follow-on schedule check
[2026-06-07T15:03:24.965+0000] {local_task_job_runner.py:245} INFO - ::endgroup::
[2026-06-07T15:04:37.292+0000] {local_task_job_runner.py:123} INFO - ::group::Pre task execution logs
[2026-06-07T15:04:37.347+0000] {taskinstance.py:2614} INFO - Dependencies all met for dep_context=non-requeueable deps ti=<TaskInstance: coingecko_etl.wait_until_market_settled manual__2026-06-07T14:49:29.277868+00:00 [queued]>
[2026-06-07T15:04:37.382+0000] {taskinstance.py:2614} INFO - Dependencies all met for dep_context=requeueable deps ti=<TaskInstance: coingecko_etl.wait_until_market_settled manual__2026-06-07T14:49:29.277868+00:00 [queued]>
[2026-06-07T15:04:37.383+0000] {taskinstance.py:2867} INFO - Starting attempt 1 of 3
[2026-06-07T15:04:37.414+0000] {taskinstance.py:2890} INFO - Executing <Task(TimeSensor): wait_until_market_settled> on 2026-06-07 14:49:29.277868+00:00
[2026-06-07T15:04:37.429+0000] {logging_mixin.py:190} WARNING - /home/***/.local/lib/python3.12/site-packages/***/task/task_runner/standard_task_runner.py:70 DeprecationWarning: This process (pid=1462) is multi-threaded, use of fork() may lead to deadlocks in the child.
[2026-06-07T15:04:37.429+0000] {standard_task_runner.py:104} INFO - Running: ['***', 'tasks', 'run', 'coingecko_etl', 'wait_until_market_settled', 'manual__2026-06-07T14:49:29.277868+00:00', '--job-id', '83', '--raw', '--subdir', 'DAGS_FOLDER/coingecko.py', '--cfg-path', '/tmp/tmprt3wthj0']
[2026-06-07T15:04:37.431+0000] {standard_task_runner.py:72} INFO - Started process 1474 to run task
[2026-06-07T15:04:37.432+0000] {standard_task_runner.py:105} INFO - Job 83: Subtask wait_until_market_settled
[2026-06-07T15:04:37.528+0000] {task_command.py:467} INFO - Running <TaskInstance: coingecko_etl.wait_until_market_settled manual__2026-06-07T14:49:29.277868+00:00 [running]> on host 4bbe0590abd5
[2026-06-07T15:04:37.646+0000] {taskinstance.py:3134} INFO - Exporting env vars: AIRFLOW_CTX_DAG_OWNER='data-engineering' AIRFLOW_CTX_DAG_ID='coingecko_etl' AIRFLOW_CTX_TASK_ID='wait_until_market_settled' AIRFLOW_CTX_EXECUTION_DATE='2026-06-07T14:49:29.277868+00:00' AIRFLOW_CTX_TRY_NUMBER='1' AIRFLOW_CTX_DAG_RUN_ID='manual__2026-06-07T14:49:29.277868+00:00'
[2026-06-07T15:04:37.650+0000] {taskinstance.py:732} INFO - ::endgroup::
[2026-06-07T15:04:37.721+0000] {time_sensor.py:49} INFO - Checking if the time (17:55:00) has come
[2026-06-07T15:04:37.770+0000] {taskinstance.py:310} INFO - Rescheduling task, marking task as UP_FOR_RESCHEDULE
[2026-06-07T15:04:37.786+0000] {taskinstance.py:341} INFO - ::group::Post task execution logs
[2026-06-07T15:04:37.820+0000] {local_task_job_runner.py:266} INFO - Task exited with return code 0
[2026-06-07T15:04:37.897+0000] {taskinstance.py:3901} INFO - 0 downstream tasks scheduled from follow-on schedule check
[2026-06-07T15:04:37.904+0000] {local_task_job_runner.py:245} INFO - ::endgroup::
[2026-06-07T15:05:39.765+0000] {local_task_job_runner.py:123} INFO - ::group::Pre task execution logs
[2026-06-07T15:05:39.802+0000] {taskinstance.py:2614} INFO - Dependencies all met for dep_context=non-requeueable deps ti=<TaskInstance: coingecko_etl.wait_until_market_settled manual__2026-06-07T14:49:29.277868+00:00 [queued]>
[2026-06-07T15:05:39.815+0000] {taskinstance.py:2614} INFO - Dependencies all met for dep_context=requeueable deps ti=<TaskInstance: coingecko_etl.wait_until_market_settled manual__2026-06-07T14:49:29.277868+00:00 [queued]>
[2026-06-07T15:05:39.818+0000] {taskinstance.py:2867} INFO - Starting attempt 1 of 3
[2026-06-07T15:05:39.848+0000] {taskinstance.py:2890} INFO - Executing <Task(TimeSensor): wait_until_market_settled> on 2026-06-07 14:49:29.277868+00:00
[2026-06-07T15:05:39.884+0000] {logging_mixin.py:190} WARNING - /home/***/.local/lib/python3.12/site-packages/***/task/task_runner/standard_task_runner.py:70 DeprecationWarning: This process (pid=1483) is multi-threaded, use of fork() may lead to deadlocks in the child.
[2026-06-07T15:05:39.884+0000] {standard_task_runner.py:104} INFO - Running: ['***', 'tasks', 'run', 'coingecko_etl', 'wait_until_market_settled', 'manual__2026-06-07T14:49:29.277868+00:00', '--job-id', '84', '--raw', '--subdir', 'DAGS_FOLDER/coingecko.py', '--cfg-path', '/tmp/tmpjqemg2hw']
[2026-06-07T15:05:39.889+0000] {standard_task_runner.py:72} INFO - Started process 1491 to run task
[2026-06-07T15:05:39.890+0000] {standard_task_runner.py:105} INFO - Job 84: Subtask wait_until_market_settled
[2026-06-07T15:05:40.351+0000] {task_command.py:467} INFO - Running <TaskInstance: coingecko_etl.wait_until_market_settled manual__2026-06-07T14:49:29.277868+00:00 [running]> on host 4bbe0590abd5
[2026-06-07T15:05:40.522+0000] {taskinstance.py:3134} INFO - Exporting env vars: AIRFLOW_CTX_DAG_OWNER='data-engineering' AIRFLOW_CTX_DAG_ID='coingecko_etl' AIRFLOW_CTX_TASK_ID='wait_until_market_settled' AIRFLOW_CTX_EXECUTION_DATE='2026-06-07T14:49:29.277868+00:00' AIRFLOW_CTX_TRY_NUMBER='1' AIRFLOW_CTX_DAG_RUN_ID='manual__2026-06-07T14:49:29.277868+00:00'
[2026-06-07T15:05:40.527+0000] {taskinstance.py:732} INFO - ::endgroup::
[2026-06-07T15:05:40.591+0000] {time_sensor.py:49} INFO - Checking if the time (17:55:00) has come
[2026-06-07T15:05:40.636+0000] {taskinstance.py:310} INFO - Rescheduling task, marking task as UP_FOR_RESCHEDULE
[2026-06-07T15:05:40.639+0000] {taskinstance.py:341} INFO - ::group::Post task execution logs
[2026-06-07T15:05:40.699+0000] {local_task_job_runner.py:266} INFO - Task exited with return code 0
[2026-06-07T15:05:40.809+0000] {taskinstance.py:3901} INFO - 0 downstream tasks scheduled from follow-on schedule check
[2026-06-07T15:05:40.817+0000] {local_task_job_runner.py:245} INFO - ::endgroup::
